{"uid":"122626ff76d2ffb7","name":"test_enter_registered_email[ru]","fullName":"authorization.tests.test_signin.TestSignInEmail#test_enter_registered_email","historyId":"0e4b550629021cd3680837854852133c","time":{"start":1724590697254,"stop":1724590697254,"duration":0},"status":"broken","statusMessage":"selenium.common.exceptions.SessionNotCreatedException: Message: session not created: Chrome failed to start: exited normally.\n  (session not created: DevToolsActivePort file doesn't exist)\n  (The process started from chrome location /usr/bin/google-chrome is no longer running, so ChromeDriver is assuming that Chrome has crashed.)\nStacktrace:\n#0 0x5631fe0766ca <unknown>\n#1 0x5631fdd47600 <unknown>\n#2 0x5631fdd7f485 <unknown>\n#3 0x5631fdd7b2f8 <unknown>\n#4 0x5631fddc5ce8 <unknown>\n#5 0x5631fddb9643 <unknown>\n#6 0x5631fdd89d31 <unknown>\n#7 0x5631fdd8a79e <unknown>\n#8 0x5631fe03e25b <unknown>\n#9 0x5631fe0421f2 <unknown>\n#10 0x5631fe02b615 <unknown>\n#11 0x5631fe042d82 <unknown>\n#12 0x5631fe01025f <unknown>\n#13 0x5631fe065e68 <unknown>\n#14 0x5631fe066040 <unknown>\n#15 0x5631fe07549c <unknown>\n#16 0x7f6691294ac3 <unknown>","statusTrace":"@pytest.fixture(scope=\"function\")\n    @allure.title('Инициализация драйвера Chrome')\n    def browser():\n        options = Options()\n        # options.add_argument(\"--headless\")\n        options.add_argument('--window-size=1920,1080')\n>       browser = webdriver.Chrome(options=options)\n\nconftest.py:41: \n_ _ _ _ _ _ _ _ _ _ _ _ _ _ _ _ _ _ _ _ _ _ _ _ _ _ _ _ _ _ _ _ _ _ _ _ _ _ _ _ \n/opt/hostedtoolcache/Python/3.11.9/x64/lib/python3.11/site-packages/selenium/webdriver/chrome/webdriver.py:45: in __init__\n    super().__init__(\n/opt/hostedtoolcache/Python/3.11.9/x64/lib/python3.11/site-packages/selenium/webdriver/chromium/webdriver.py:66: in __init__\n    super().__init__(command_executor=executor, options=options)\n/opt/hostedtoolcache/Python/3.11.9/x64/lib/python3.11/site-packages/selenium/webdriver/remote/webdriver.py:212: in __init__\n    self.start_session(capabilities)\n/opt/hostedtoolcache/Python/3.11.9/x64/lib/python3.11/site-packages/selenium/webdriver/remote/webdriver.py:299: in start_session\n    response = self.execute(Command.NEW_SESSION, caps)[\"value\"]\n/opt/hostedtoolcache/Python/3.11.9/x64/lib/python3.11/site-packages/selenium/webdriver/remote/webdriver.py:354: in execute\n    self.error_handler.check_response(response)\n_ _ _ _ _ _ _ _ _ _ _ _ _ _ _ _ _ _ _ _ _ _ _ _ _ _ _ _ _ _ _ _ _ _ _ _ _ _ _ _ \n\nself = <selenium.webdriver.remote.errorhandler.ErrorHandler object at 0x7f7a4d9dab50>\nresponse = {'status': 500, 'value': '{\"value\":{\"error\":\"session not created\",\"message\":\"session not created: Chrome failed to sta...\\\\n#14 0x5631fe066040 \\\\u003Cunknown>\\\\n#15 0x5631fe07549c \\\\u003Cunknown>\\\\n#16 0x7f6691294ac3 \\\\u003Cunknown>\\\\n\"}}'}\n\n    def check_response(self, response: Dict[str, Any]) -> None:\n        \"\"\"Checks that a JSON response from the WebDriver does not have an\n        error.\n    \n        :Args:\n         - response - The JSON response from the WebDriver server as a dictionary\n           object.\n    \n        :Raises: If the response contains an error message.\n        \"\"\"\n        status = response.get(\"status\", None)\n        if not status or status == ErrorCode.SUCCESS:\n            return\n        value = None\n        message = response.get(\"message\", \"\")\n        screen: str = response.get(\"screen\", \"\")\n        stacktrace = None\n        if isinstance(status, int):\n            value_json = response.get(\"value\", None)\n            if value_json and isinstance(value_json, str):\n                import json\n    \n                try:\n                    value = json.loads(value_json)\n                    if len(value) == 1:\n                        value = value[\"value\"]\n                    status = value.get(\"error\", None)\n                    if not status:\n                        status = value.get(\"status\", ErrorCode.UNKNOWN_ERROR)\n                        message = value.get(\"value\") or value.get(\"message\")\n                        if not isinstance(message, str):\n                            value = message\n                            message = message.get(\"message\")\n                    else:\n                        message = value.get(\"message\", None)\n                except ValueError:\n                    pass\n    \n        exception_class: Type[WebDriverException]\n        e = ErrorCode()\n        error_codes = [item for item in dir(e) if not item.startswith(\"__\")]\n        for error_code in error_codes:\n            error_info = getattr(ErrorCode, error_code)\n            if isinstance(error_info, list) and status in error_info:\n                exception_class = getattr(ExceptionMapping, error_code, WebDriverException)\n                break\n        else:\n            exception_class = WebDriverException\n    \n        if not value:\n            value = response[\"value\"]\n        if isinstance(value, str):\n            raise exception_class(value)\n        if message == \"\" and \"message\" in value:\n            message = value[\"message\"]\n    \n        screen = None  # type: ignore[assignment]\n        if \"screen\" in value:\n            screen = value[\"screen\"]\n    \n        stacktrace = None\n        st_value = value.get(\"stackTrace\") or value.get(\"stacktrace\")\n        if st_value:\n            if isinstance(st_value, str):\n                stacktrace = st_value.split(\"\\n\")\n            else:\n                stacktrace = []\n                try:\n                    for frame in st_value:\n                        line = frame.get(\"lineNumber\", \"\")\n                        file = frame.get(\"fileName\", \"<anonymous>\")\n                        if line:\n                            file = f\"{file}:{line}\"\n                        meth = frame.get(\"methodName\", \"<anonymous>\")\n                        if \"className\" in frame:\n                            meth = f\"{frame['className']}.{meth}\"\n                        msg = \"    at %s (%s)\"\n                        msg = msg % (meth, file)\n                        stacktrace.append(msg)\n                except TypeError:\n                    pass\n        if exception_class == UnexpectedAlertPresentException:\n            alert_text = None\n            if \"data\" in value:\n                alert_text = value[\"data\"].get(\"text\")\n            elif \"alert\" in value:\n                alert_text = value[\"alert\"].get(\"text\")\n            raise exception_class(message, screen, stacktrace, alert_text)  # type: ignore[call-arg]  # mypy is not smart enough here\n>       raise exception_class(message, screen, stacktrace)\nE       selenium.common.exceptions.SessionNotCreatedException: Message: session not created: Chrome failed to start: exited normally.\nE         (session not created: DevToolsActivePort file doesn't exist)\nE         (The process started from chrome location /usr/bin/google-chrome is no longer running, so ChromeDriver is assuming that Chrome has crashed.)\nE       Stacktrace:\nE       #0 0x5631fe0766ca <unknown>\nE       #1 0x5631fdd47600 <unknown>\nE       #2 0x5631fdd7f485 <unknown>\nE       #3 0x5631fdd7b2f8 <unknown>\nE       #4 0x5631fddc5ce8 <unknown>\nE       #5 0x5631fddb9643 <unknown>\nE       #6 0x5631fdd89d31 <unknown>\nE       #7 0x5631fdd8a79e <unknown>\nE       #8 0x5631fe03e25b <unknown>\nE       #9 0x5631fe0421f2 <unknown>\nE       #10 0x5631fe02b615 <unknown>\nE       #11 0x5631fe042d82 <unknown>\nE       #12 0x5631fe01025f <unknown>\nE       #13 0x5631fe065e68 <unknown>\nE       #14 0x5631fe066040 <unknown>\nE       #15 0x5631fe07549c <unknown>\nE       #16 0x7f6691294ac3 <unknown>\n\n/opt/hostedtoolcache/Python/3.11.9/x64/lib/python3.11/site-packages/selenium/webdriver/remote/errorhandler.py:229: SessionNotCreatedException","flaky":false,"newFailed":false,"newBroken":true,"newPassed":false,"retriesCount":0,"retriesStatusChange":false,"beforeStages":[{"name":"_session_faker","time":{"start":1724590696972,"stop":1724590697001,"duration":29},"status":"passed","steps":[],"attachments":[],"parameters":[],"shouldDisplayMessage":false,"stepsCount":0,"attachmentsCount":0,"hasContent":false},{"name":"Инициализация драйвера Chrome","time":{"start":1724590697254,"stop":1724590697437,"duration":183},"status":"broken","statusMessage":"selenium.common.exceptions.SessionNotCreatedException: Message: session not created: Chrome failed to start: exited normally.\n  (session not created: DevToolsActivePort file doesn't exist)\n  (The process started from chrome location /usr/bin/google-chrome is no longer running, so ChromeDriver is assuming that Chrome has crashed.)\nStacktrace:\n#0 0x5631fe0766ca <unknown>\n#1 0x5631fdd47600 <unknown>\n#2 0x5631fdd7f485 <unknown>\n#3 0x5631fdd7b2f8 <unknown>\n#4 0x5631fddc5ce8 <unknown>\n#5 0x5631fddb9643 <unknown>\n#6 0x5631fdd89d31 <unknown>\n#7 0x5631fdd8a79e <unknown>\n#8 0x5631fe03e25b <unknown>\n#9 0x5631fe0421f2 <unknown>\n#10 0x5631fe02b615 <unknown>\n#11 0x5631fe042d82 <unknown>\n#12 0x5631fe01025f <unknown>\n#13 0x5631fe065e68 <unknown>\n#14 0x5631fe066040 <unknown>\n#15 0x5631fe07549c <unknown>\n#16 0x7f6691294ac3 <unknown>\n\n","statusTrace":"  File \"/opt/hostedtoolcache/Python/3.11.9/x64/lib/python3.11/site-packages/pluggy/_callers.py\", line 103, in _multicall\n    res = hook_impl.function(*args)\n          ^^^^^^^^^^^^^^^^^^^^^^^^^\n  File \"/opt/hostedtoolcache/Python/3.11.9/x64/lib/python3.11/site-packages/_pytest/fixtures.py\", line 1123, in pytest_fixture_setup\n    result = call_fixture_func(fixturefunc, request, kwargs)\n             ^^^^^^^^^^^^^^^^^^^^^^^^^^^^^^^^^^^^^^^^^^^^^^^\n  File \"/opt/hostedtoolcache/Python/3.11.9/x64/lib/python3.11/site-packages/_pytest/fixtures.py\", line 895, in call_fixture_func\n    fixture_result = next(generator)\n                     ^^^^^^^^^^^^^^^\n  File \"/home/runner/work/motherhash/motherhash/conftest.py\", line 41, in browser\n    browser = webdriver.Chrome(options=options)\n              ^^^^^^^^^^^^^^^^^^^^^^^^^^^^^^^^^\n  File \"/opt/hostedtoolcache/Python/3.11.9/x64/lib/python3.11/site-packages/selenium/webdriver/chrome/webdriver.py\", line 45, in __init__\n    super().__init__(\n  File \"/opt/hostedtoolcache/Python/3.11.9/x64/lib/python3.11/site-packages/selenium/webdriver/chromium/webdriver.py\", line 66, in __init__\n    super().__init__(command_executor=executor, options=options)\n  File \"/opt/hostedtoolcache/Python/3.11.9/x64/lib/python3.11/site-packages/selenium/webdriver/remote/webdriver.py\", line 212, in __init__\n    self.start_session(capabilities)\n  File \"/opt/hostedtoolcache/Python/3.11.9/x64/lib/python3.11/site-packages/selenium/webdriver/remote/webdriver.py\", line 299, in start_session\n    response = self.execute(Command.NEW_SESSION, caps)[\"value\"]\n               ^^^^^^^^^^^^^^^^^^^^^^^^^^^^^^^^^^^^^^^\n  File \"/opt/hostedtoolcache/Python/3.11.9/x64/lib/python3.11/site-packages/selenium/webdriver/remote/webdriver.py\", line 354, in execute\n    self.error_handler.check_response(response)\n  File \"/opt/hostedtoolcache/Python/3.11.9/x64/lib/python3.11/site-packages/selenium/webdriver/remote/errorhandler.py\", line 229, in check_response\n    raise exception_class(message, screen, stacktrace)\n","steps":[],"attachments":[],"parameters":[],"shouldDisplayMessage":true,"stepsCount":0,"attachmentsCount":0,"hasContent":true}],"afterStages":[],"labels":[{"name":"subSuite","value":"1. Проверка ввода зарегистрированного в базе email в поле ввода"},{"name":"suite","value":"SignIn Email"},{"name":"parentSuite","value":"authorization.tests"},{"name":"host","value":"fv-az1247-936"},{"name":"thread","value":"2739-MainThread"},{"name":"framework","value":"pytest"},{"name":"language","value":"cpython3"},{"name":"package","value":"authorization.tests.test_signin"},{"name":"resultFormat","value":"allure2"}],"parameters":[{"name":"language","value":"'ru'"}],"links":[],"hidden":false,"retry":false,"extra":{"severity":"normal","retries":[],"categories":[{"name":"Test defects","matchedStatuses":[],"flaky":false}],"history":{"statistic":{"failed":0,"broken":2,"skipped":0,"passed":8,"unknown":0,"total":10},"items":[{"uid":"f2db4321c5332cc6","reportUrl":"https://konstantingerasimovwork.github.io/motherhash/106//#testresult/f2db4321c5332cc6","status":"passed","time":{"start":1724504367426,"stop":1724504368509,"duration":1083}},{"uid":"b1b068c3ee9089dc","reportUrl":"https://konstantingerasimovwork.github.io/motherhash/105//#testresult/b1b068c3ee9089dc","status":"passed","time":{"start":1724486116674,"stop":1724486118247,"duration":1573}},{"uid":"2a67536006ab4842","reportUrl":"https://konstantingerasimovwork.github.io/motherhash/104//#testresult/2a67536006ab4842","status":"broken","statusDetails":"selenium.common.exceptions.SessionNotCreatedException: Message: session not created: Chrome failed to start: exited normally.\n  (session not created: DevToolsActivePort file doesn't exist)\n  (The process started from chrome location /usr/bin/google-chrome is no longer running, so ChromeDriver is assuming that Chrome has crashed.)\nStacktrace:\n#0 0x560b048746ca <unknown>\n#1 0x560b04545600 <unknown>\n#2 0x560b0457d485 <unknown>\n#3 0x560b045792f8 <unknown>\n#4 0x560b045c3ce8 <unknown>\n#5 0x560b045b7643 <unknown>\n#6 0x560b04587d31 <unknown>\n#7 0x560b0458879e <unknown>\n#8 0x560b0483c25b <unknown>\n#9 0x560b048401f2 <unknown>\n#10 0x560b04829615 <unknown>\n#11 0x560b04840d82 <unknown>\n#12 0x560b0480e25f <unknown>\n#13 0x560b04863e68 <unknown>\n#14 0x560b04864040 <unknown>\n#15 0x560b0487349c <unknown>\n#16 0x7f0d90894ac3 <unknown>","time":{"start":1724485911935,"stop":1724485911935,"duration":0}},{"uid":"b3ae8e9e11c657f2","reportUrl":"https://konstantingerasimovwork.github.io/motherhash/103//#testresult/b3ae8e9e11c657f2","status":"passed","time":{"start":1724425380939,"stop":1724425382060,"duration":1121}},{"uid":"82ca82acab6ef21f","reportUrl":"https://konstantingerasimovwork.github.io/motherhash/102//#testresult/82ca82acab6ef21f","status":"passed","time":{"start":1724423073640,"stop":1724423075238,"duration":1598}},{"uid":"29b2ed68baf0ee58","reportUrl":"https://konstantingerasimovwork.github.io/motherhash/101//#testresult/29b2ed68baf0ee58","status":"passed","time":{"start":1724418040548,"stop":1724418041640,"duration":1092}},{"uid":"bff612a4d3a26cb6","reportUrl":"https://konstantingerasimovwork.github.io/motherhash/100//#testresult/bff612a4d3a26cb6","status":"passed","time":{"start":1724406578294,"stop":1724406579368,"duration":1074}},{"uid":"d3a53c43d076f600","reportUrl":"https://konstantingerasimovwork.github.io/motherhash/99//#testresult/d3a53c43d076f600","status":"passed","time":{"start":1724404343934,"stop":1724404345500,"duration":1566}},{"uid":"38bf0caa5528c71f","reportUrl":"https://konstantingerasimovwork.github.io/motherhash/98//#testresult/38bf0caa5528c71f","status":"passed","time":{"start":1724402088872,"stop":1724402089938,"duration":1066}}]},"tags":[]},"source":"122626ff76d2ffb7.json","parameterValues":["'ru'"]}