{"uid":"45b2c36c817f2470","name":"test_check_enter_two_seperate_uncorrect_password[ru-7]","fullName":"authorization.tests.test_reset_password.TestResetPassword#test_check_enter_two_seperate_uncorrect_password","historyId":"49daa127811d6398c1c8130cab91274f","time":{"start":1724590725091,"stop":1724590725091,"duration":0},"status":"broken","statusMessage":"selenium.common.exceptions.SessionNotCreatedException: Message: session not created: Chrome failed to start: exited normally.\n  (session not created: DevToolsActivePort file doesn't exist)\n  (The process started from chrome location /usr/bin/google-chrome is no longer running, so ChromeDriver is assuming that Chrome has crashed.)\nStacktrace:\n#0 0x5618e98816ca <unknown>\n#1 0x5618e9552600 <unknown>\n#2 0x5618e958a485 <unknown>\n#3 0x5618e95862f8 <unknown>\n#4 0x5618e95d0ce8 <unknown>\n#5 0x5618e95c4643 <unknown>\n#6 0x5618e9594d31 <unknown>\n#7 0x5618e959579e <unknown>\n#8 0x5618e984925b <unknown>\n#9 0x5618e984d1f2 <unknown>\n#10 0x5618e9836615 <unknown>\n#11 0x5618e984dd82 <unknown>\n#12 0x5618e981b25f <unknown>\n#13 0x5618e9870e68 <unknown>\n#14 0x5618e9871040 <unknown>\n#15 0x5618e988049c <unknown>\n#16 0x7f0ab9894ac3 <unknown>","statusTrace":"@pytest.fixture(scope=\"function\")\n    @allure.title('Инициализация драйвера Chrome')\n    def browser():\n        options = Options()\n        # options.add_argument(\"--headless\")\n        options.add_argument('--window-size=1920,1080')\n>       browser = webdriver.Chrome(options=options)\n\nconftest.py:41: \n_ _ _ _ _ _ _ _ _ _ _ _ _ _ _ _ _ _ _ _ _ _ _ _ _ _ _ _ _ _ _ _ _ _ _ _ _ _ _ _ \n/opt/hostedtoolcache/Python/3.11.9/x64/lib/python3.11/site-packages/selenium/webdriver/chrome/webdriver.py:45: in __init__\n    super().__init__(\n/opt/hostedtoolcache/Python/3.11.9/x64/lib/python3.11/site-packages/selenium/webdriver/chromium/webdriver.py:66: in __init__\n    super().__init__(command_executor=executor, options=options)\n/opt/hostedtoolcache/Python/3.11.9/x64/lib/python3.11/site-packages/selenium/webdriver/remote/webdriver.py:212: in __init__\n    self.start_session(capabilities)\n/opt/hostedtoolcache/Python/3.11.9/x64/lib/python3.11/site-packages/selenium/webdriver/remote/webdriver.py:299: in start_session\n    response = self.execute(Command.NEW_SESSION, caps)[\"value\"]\n/opt/hostedtoolcache/Python/3.11.9/x64/lib/python3.11/site-packages/selenium/webdriver/remote/webdriver.py:354: in execute\n    self.error_handler.check_response(response)\n_ _ _ _ _ _ _ _ _ _ _ _ _ _ _ _ _ _ _ _ _ _ _ _ _ _ _ _ _ _ _ _ _ _ _ _ _ _ _ _ \n\nself = <selenium.webdriver.remote.errorhandler.ErrorHandler object at 0x7f8d73de9dd0>\nresponse = {'status': 500, 'value': '{\"value\":{\"error\":\"session not created\",\"message\":\"session not created: Chrome failed to sta...\\\\n#14 0x5618e9871040 \\\\u003Cunknown>\\\\n#15 0x5618e988049c \\\\u003Cunknown>\\\\n#16 0x7f0ab9894ac3 \\\\u003Cunknown>\\\\n\"}}'}\n\n    def check_response(self, response: Dict[str, Any]) -> None:\n        \"\"\"Checks that a JSON response from the WebDriver does not have an\n        error.\n    \n        :Args:\n         - response - The JSON response from the WebDriver server as a dictionary\n           object.\n    \n        :Raises: If the response contains an error message.\n        \"\"\"\n        status = response.get(\"status\", None)\n        if not status or status == ErrorCode.SUCCESS:\n            return\n        value = None\n        message = response.get(\"message\", \"\")\n        screen: str = response.get(\"screen\", \"\")\n        stacktrace = None\n        if isinstance(status, int):\n            value_json = response.get(\"value\", None)\n            if value_json and isinstance(value_json, str):\n                import json\n    \n                try:\n                    value = json.loads(value_json)\n                    if len(value) == 1:\n                        value = value[\"value\"]\n                    status = value.get(\"error\", None)\n                    if not status:\n                        status = value.get(\"status\", ErrorCode.UNKNOWN_ERROR)\n                        message = value.get(\"value\") or value.get(\"message\")\n                        if not isinstance(message, str):\n                            value = message\n                            message = message.get(\"message\")\n                    else:\n                        message = value.get(\"message\", None)\n                except ValueError:\n                    pass\n    \n        exception_class: Type[WebDriverException]\n        e = ErrorCode()\n        error_codes = [item for item in dir(e) if not item.startswith(\"__\")]\n        for error_code in error_codes:\n            error_info = getattr(ErrorCode, error_code)\n            if isinstance(error_info, list) and status in error_info:\n                exception_class = getattr(ExceptionMapping, error_code, WebDriverException)\n                break\n        else:\n            exception_class = WebDriverException\n    \n        if not value:\n            value = response[\"value\"]\n        if isinstance(value, str):\n            raise exception_class(value)\n        if message == \"\" and \"message\" in value:\n            message = value[\"message\"]\n    \n        screen = None  # type: ignore[assignment]\n        if \"screen\" in value:\n            screen = value[\"screen\"]\n    \n        stacktrace = None\n        st_value = value.get(\"stackTrace\") or value.get(\"stacktrace\")\n        if st_value:\n            if isinstance(st_value, str):\n                stacktrace = st_value.split(\"\\n\")\n            else:\n                stacktrace = []\n                try:\n                    for frame in st_value:\n                        line = frame.get(\"lineNumber\", \"\")\n                        file = frame.get(\"fileName\", \"<anonymous>\")\n                        if line:\n                            file = f\"{file}:{line}\"\n                        meth = frame.get(\"methodName\", \"<anonymous>\")\n                        if \"className\" in frame:\n                            meth = f\"{frame['className']}.{meth}\"\n                        msg = \"    at %s (%s)\"\n                        msg = msg % (meth, file)\n                        stacktrace.append(msg)\n                except TypeError:\n                    pass\n        if exception_class == UnexpectedAlertPresentException:\n            alert_text = None\n            if \"data\" in value:\n                alert_text = value[\"data\"].get(\"text\")\n            elif \"alert\" in value:\n                alert_text = value[\"alert\"].get(\"text\")\n            raise exception_class(message, screen, stacktrace, alert_text)  # type: ignore[call-arg]  # mypy is not smart enough here\n>       raise exception_class(message, screen, stacktrace)\nE       selenium.common.exceptions.SessionNotCreatedException: Message: session not created: Chrome failed to start: exited normally.\nE         (session not created: DevToolsActivePort file doesn't exist)\nE         (The process started from chrome location /usr/bin/google-chrome is no longer running, so ChromeDriver is assuming that Chrome has crashed.)\nE       Stacktrace:\nE       #0 0x5618e98816ca <unknown>\nE       #1 0x5618e9552600 <unknown>\nE       #2 0x5618e958a485 <unknown>\nE       #3 0x5618e95862f8 <unknown>\nE       #4 0x5618e95d0ce8 <unknown>\nE       #5 0x5618e95c4643 <unknown>\nE       #6 0x5618e9594d31 <unknown>\nE       #7 0x5618e959579e <unknown>\nE       #8 0x5618e984925b <unknown>\nE       #9 0x5618e984d1f2 <unknown>\nE       #10 0x5618e9836615 <unknown>\nE       #11 0x5618e984dd82 <unknown>\nE       #12 0x5618e981b25f <unknown>\nE       #13 0x5618e9870e68 <unknown>\nE       #14 0x5618e9871040 <unknown>\nE       #15 0x5618e988049c <unknown>\nE       #16 0x7f0ab9894ac3 <unknown>\n\n/opt/hostedtoolcache/Python/3.11.9/x64/lib/python3.11/site-packages/selenium/webdriver/remote/errorhandler.py:229: SessionNotCreatedException","flaky":false,"newFailed":false,"newBroken":true,"newPassed":false,"retriesCount":0,"retriesStatusChange":false,"beforeStages":[{"name":"_session_faker","time":{"start":1724590717177,"stop":1724590717222,"duration":45},"status":"passed","steps":[],"attachments":[],"parameters":[],"shouldDisplayMessage":false,"stepsCount":0,"attachmentsCount":0,"hasContent":false},{"name":"Инициализация драйвера Chrome","time":{"start":1724590725091,"stop":1724590725275,"duration":184},"status":"broken","statusMessage":"selenium.common.exceptions.SessionNotCreatedException: Message: session not created: Chrome failed to start: exited normally.\n  (session not created: DevToolsActivePort file doesn't exist)\n  (The process started from chrome location /usr/bin/google-chrome is no longer running, so ChromeDriver is assuming that Chrome has crashed.)\nStacktrace:\n#0 0x5618e98816ca <unknown>\n#1 0x5618e9552600 <unknown>\n#2 0x5618e958a485 <unknown>\n#3 0x5618e95862f8 <unknown>\n#4 0x5618e95d0ce8 <unknown>\n#5 0x5618e95c4643 <unknown>\n#6 0x5618e9594d31 <unknown>\n#7 0x5618e959579e <unknown>\n#8 0x5618e984925b <unknown>\n#9 0x5618e984d1f2 <unknown>\n#10 0x5618e9836615 <unknown>\n#11 0x5618e984dd82 <unknown>\n#12 0x5618e981b25f <unknown>\n#13 0x5618e9870e68 <unknown>\n#14 0x5618e9871040 <unknown>\n#15 0x5618e988049c <unknown>\n#16 0x7f0ab9894ac3 <unknown>\n\n","statusTrace":"  File \"/opt/hostedtoolcache/Python/3.11.9/x64/lib/python3.11/site-packages/pluggy/_callers.py\", line 103, in _multicall\n    res = hook_impl.function(*args)\n          ^^^^^^^^^^^^^^^^^^^^^^^^^\n  File \"/opt/hostedtoolcache/Python/3.11.9/x64/lib/python3.11/site-packages/_pytest/fixtures.py\", line 1123, in pytest_fixture_setup\n    result = call_fixture_func(fixturefunc, request, kwargs)\n             ^^^^^^^^^^^^^^^^^^^^^^^^^^^^^^^^^^^^^^^^^^^^^^^\n  File \"/opt/hostedtoolcache/Python/3.11.9/x64/lib/python3.11/site-packages/_pytest/fixtures.py\", line 895, in call_fixture_func\n    fixture_result = next(generator)\n                     ^^^^^^^^^^^^^^^\n  File \"/home/runner/work/motherhash/motherhash/conftest.py\", line 41, in browser\n    browser = webdriver.Chrome(options=options)\n              ^^^^^^^^^^^^^^^^^^^^^^^^^^^^^^^^^\n  File \"/opt/hostedtoolcache/Python/3.11.9/x64/lib/python3.11/site-packages/selenium/webdriver/chrome/webdriver.py\", line 45, in __init__\n    super().__init__(\n  File \"/opt/hostedtoolcache/Python/3.11.9/x64/lib/python3.11/site-packages/selenium/webdriver/chromium/webdriver.py\", line 66, in __init__\n    super().__init__(command_executor=executor, options=options)\n  File \"/opt/hostedtoolcache/Python/3.11.9/x64/lib/python3.11/site-packages/selenium/webdriver/remote/webdriver.py\", line 212, in __init__\n    self.start_session(capabilities)\n  File \"/opt/hostedtoolcache/Python/3.11.9/x64/lib/python3.11/site-packages/selenium/webdriver/remote/webdriver.py\", line 299, in start_session\n    response = self.execute(Command.NEW_SESSION, caps)[\"value\"]\n               ^^^^^^^^^^^^^^^^^^^^^^^^^^^^^^^^^^^^^^^\n  File \"/opt/hostedtoolcache/Python/3.11.9/x64/lib/python3.11/site-packages/selenium/webdriver/remote/webdriver.py\", line 354, in execute\n    self.error_handler.check_response(response)\n  File \"/opt/hostedtoolcache/Python/3.11.9/x64/lib/python3.11/site-packages/selenium/webdriver/remote/errorhandler.py\", line 229, in check_response\n    raise exception_class(message, screen, stacktrace)\n","steps":[],"attachments":[],"parameters":[],"shouldDisplayMessage":true,"stepsCount":0,"attachmentsCount":0,"hasContent":true}],"afterStages":[],"labels":[{"name":"subSuite","value":"12. Негативные проверки валидации: Проверка ввода 2х одинаковых невалидных паролей"},{"name":"suite","value":"Reset Password"},{"name":"parentSuite","value":"authorization.tests"},{"name":"host","value":"fv-az1247-936"},{"name":"thread","value":"7282-MainThread"},{"name":"framework","value":"pytest"},{"name":"language","value":"cpython3"},{"name":"package","value":"authorization.tests.test_reset_password"},{"name":"resultFormat","value":"allure2"}],"parameters":[{"name":"language","value":"'ru'"},{"name":"length_password","value":"7"}],"links":[],"hidden":false,"retry":false,"extra":{"severity":"normal","retries":[],"categories":[{"name":"Test defects","matchedStatuses":[],"flaky":false}],"history":{"statistic":{"failed":0,"broken":2,"skipped":0,"passed":8,"unknown":0,"total":10},"items":[{"uid":"75f9e5e99f99c7c7","reportUrl":"https://konstantingerasimovwork.github.io/motherhash/106//#testresult/75f9e5e99f99c7c7","status":"passed","time":{"start":1724504809612,"stop":1724504810412,"duration":800}},{"uid":"5506c6a58ae264ea","reportUrl":"https://konstantingerasimovwork.github.io/motherhash/105//#testresult/5506c6a58ae264ea","status":"passed","time":{"start":1724486541331,"stop":1724486542118,"duration":787}},{"uid":"35fbaf43a1fb809d","reportUrl":"https://konstantingerasimovwork.github.io/motherhash/104//#testresult/35fbaf43a1fb809d","status":"broken","statusDetails":"selenium.common.exceptions.SessionNotCreatedException: Message: session not created: Chrome failed to start: exited normally.\n  (session not created: DevToolsActivePort file doesn't exist)\n  (The process started from chrome location /usr/bin/google-chrome is no longer running, so ChromeDriver is assuming that Chrome has crashed.)\nStacktrace:\n#0 0x5585990746ca <unknown>\n#1 0x558598d45600 <unknown>\n#2 0x558598d7d485 <unknown>\n#3 0x558598d792f8 <unknown>\n#4 0x558598dc3ce8 <unknown>\n#5 0x558598db7643 <unknown>\n#6 0x558598d87d31 <unknown>\n#7 0x558598d8879e <unknown>\n#8 0x55859903c25b <unknown>\n#9 0x5585990401f2 <unknown>\n#10 0x558599029615 <unknown>\n#11 0x558599040d82 <unknown>\n#12 0x55859900e25f <unknown>\n#13 0x558599063e68 <unknown>\n#14 0x558599064040 <unknown>\n#15 0x55859907349c <unknown>\n#16 0x7fe9daa94ac3 <unknown>","time":{"start":1724485939326,"stop":1724485939326,"duration":0}},{"uid":"5261c157bf9adf62","reportUrl":"https://konstantingerasimovwork.github.io/motherhash/103//#testresult/5261c157bf9adf62","status":"passed","time":{"start":1724425833348,"stop":1724425834147,"duration":799}},{"uid":"e7ab9006c0885a61","reportUrl":"https://konstantingerasimovwork.github.io/motherhash/102//#testresult/e7ab9006c0885a61","status":"passed","time":{"start":1724423523735,"stop":1724423524542,"duration":807}},{"uid":"4b4644e4b9d0486b","reportUrl":"https://konstantingerasimovwork.github.io/motherhash/101//#testresult/4b4644e4b9d0486b","status":"passed","time":{"start":1724418485399,"stop":1724418486215,"duration":816}},{"uid":"ff15645f3ba3373b","reportUrl":"https://konstantingerasimovwork.github.io/motherhash/100//#testresult/ff15645f3ba3373b","status":"passed","time":{"start":1724407023469,"stop":1724407024256,"duration":787}},{"uid":"c9c787e9ddf26996","reportUrl":"https://konstantingerasimovwork.github.io/motherhash/99//#testresult/c9c787e9ddf26996","status":"passed","time":{"start":1724404823969,"stop":1724404824759,"duration":790}},{"uid":"aafb3999056319e1","reportUrl":"https://konstantingerasimovwork.github.io/motherhash/98//#testresult/aafb3999056319e1","status":"passed","time":{"start":1724402570744,"stop":1724402571545,"duration":801}}]},"tags":[]},"source":"45b2c36c817f2470.json","parameterValues":["'ru'","7"]}