{"uid":"47ef4cdd0680f824","name":"test_enter_unregistered_email[en]","fullName":"authorization.tests.test_signin.TestSignInEmail#test_enter_unregistered_email","historyId":"e5808844205c130d45afd6ec84d0ec0a","time":{"start":1724590697678,"stop":1724590697678,"duration":0},"status":"broken","statusMessage":"selenium.common.exceptions.SessionNotCreatedException: Message: session not created: Chrome failed to start: exited normally.\n  (session not created: DevToolsActivePort file doesn't exist)\n  (The process started from chrome location /usr/bin/google-chrome is no longer running, so ChromeDriver is assuming that Chrome has crashed.)\nStacktrace:\n#0 0x564b2558f6ca <unknown>\n#1 0x564b25260600 <unknown>\n#2 0x564b25298485 <unknown>\n#3 0x564b252942f8 <unknown>\n#4 0x564b252dece8 <unknown>\n#5 0x564b252d2643 <unknown>\n#6 0x564b252a2d31 <unknown>\n#7 0x564b252a379e <unknown>\n#8 0x564b2555725b <unknown>\n#9 0x564b2555b1f2 <unknown>\n#10 0x564b25544615 <unknown>\n#11 0x564b2555bd82 <unknown>\n#12 0x564b2552925f <unknown>\n#13 0x564b2557ee68 <unknown>\n#14 0x564b2557f040 <unknown>\n#15 0x564b2558e49c <unknown>\n#16 0x7f908dc94ac3 <unknown>","statusTrace":"@pytest.fixture(scope=\"function\")\n    @allure.title('Инициализация драйвера Chrome')\n    def browser():\n        options = Options()\n        # options.add_argument(\"--headless\")\n        options.add_argument('--window-size=1920,1080')\n>       browser = webdriver.Chrome(options=options)\n\nconftest.py:41: \n_ _ _ _ _ _ _ _ _ _ _ _ _ _ _ _ _ _ _ _ _ _ _ _ _ _ _ _ _ _ _ _ _ _ _ _ _ _ _ _ \n/opt/hostedtoolcache/Python/3.11.9/x64/lib/python3.11/site-packages/selenium/webdriver/chrome/webdriver.py:45: in __init__\n    super().__init__(\n/opt/hostedtoolcache/Python/3.11.9/x64/lib/python3.11/site-packages/selenium/webdriver/chromium/webdriver.py:66: in __init__\n    super().__init__(command_executor=executor, options=options)\n/opt/hostedtoolcache/Python/3.11.9/x64/lib/python3.11/site-packages/selenium/webdriver/remote/webdriver.py:212: in __init__\n    self.start_session(capabilities)\n/opt/hostedtoolcache/Python/3.11.9/x64/lib/python3.11/site-packages/selenium/webdriver/remote/webdriver.py:299: in start_session\n    response = self.execute(Command.NEW_SESSION, caps)[\"value\"]\n/opt/hostedtoolcache/Python/3.11.9/x64/lib/python3.11/site-packages/selenium/webdriver/remote/webdriver.py:354: in execute\n    self.error_handler.check_response(response)\n_ _ _ _ _ _ _ _ _ _ _ _ _ _ _ _ _ _ _ _ _ _ _ _ _ _ _ _ _ _ _ _ _ _ _ _ _ _ _ _ \n\nself = <selenium.webdriver.remote.errorhandler.ErrorHandler object at 0x7f7a4d9f5890>\nresponse = {'status': 500, 'value': '{\"value\":{\"error\":\"session not created\",\"message\":\"session not created: Chrome failed to sta...\\\\n#14 0x564b2557f040 \\\\u003Cunknown>\\\\n#15 0x564b2558e49c \\\\u003Cunknown>\\\\n#16 0x7f908dc94ac3 \\\\u003Cunknown>\\\\n\"}}'}\n\n    def check_response(self, response: Dict[str, Any]) -> None:\n        \"\"\"Checks that a JSON response from the WebDriver does not have an\n        error.\n    \n        :Args:\n         - response - The JSON response from the WebDriver server as a dictionary\n           object.\n    \n        :Raises: If the response contains an error message.\n        \"\"\"\n        status = response.get(\"status\", None)\n        if not status or status == ErrorCode.SUCCESS:\n            return\n        value = None\n        message = response.get(\"message\", \"\")\n        screen: str = response.get(\"screen\", \"\")\n        stacktrace = None\n        if isinstance(status, int):\n            value_json = response.get(\"value\", None)\n            if value_json and isinstance(value_json, str):\n                import json\n    \n                try:\n                    value = json.loads(value_json)\n                    if len(value) == 1:\n                        value = value[\"value\"]\n                    status = value.get(\"error\", None)\n                    if not status:\n                        status = value.get(\"status\", ErrorCode.UNKNOWN_ERROR)\n                        message = value.get(\"value\") or value.get(\"message\")\n                        if not isinstance(message, str):\n                            value = message\n                            message = message.get(\"message\")\n                    else:\n                        message = value.get(\"message\", None)\n                except ValueError:\n                    pass\n    \n        exception_class: Type[WebDriverException]\n        e = ErrorCode()\n        error_codes = [item for item in dir(e) if not item.startswith(\"__\")]\n        for error_code in error_codes:\n            error_info = getattr(ErrorCode, error_code)\n            if isinstance(error_info, list) and status in error_info:\n                exception_class = getattr(ExceptionMapping, error_code, WebDriverException)\n                break\n        else:\n            exception_class = WebDriverException\n    \n        if not value:\n            value = response[\"value\"]\n        if isinstance(value, str):\n            raise exception_class(value)\n        if message == \"\" and \"message\" in value:\n            message = value[\"message\"]\n    \n        screen = None  # type: ignore[assignment]\n        if \"screen\" in value:\n            screen = value[\"screen\"]\n    \n        stacktrace = None\n        st_value = value.get(\"stackTrace\") or value.get(\"stacktrace\")\n        if st_value:\n            if isinstance(st_value, str):\n                stacktrace = st_value.split(\"\\n\")\n            else:\n                stacktrace = []\n                try:\n                    for frame in st_value:\n                        line = frame.get(\"lineNumber\", \"\")\n                        file = frame.get(\"fileName\", \"<anonymous>\")\n                        if line:\n                            file = f\"{file}:{line}\"\n                        meth = frame.get(\"methodName\", \"<anonymous>\")\n                        if \"className\" in frame:\n                            meth = f\"{frame['className']}.{meth}\"\n                        msg = \"    at %s (%s)\"\n                        msg = msg % (meth, file)\n                        stacktrace.append(msg)\n                except TypeError:\n                    pass\n        if exception_class == UnexpectedAlertPresentException:\n            alert_text = None\n            if \"data\" in value:\n                alert_text = value[\"data\"].get(\"text\")\n            elif \"alert\" in value:\n                alert_text = value[\"alert\"].get(\"text\")\n            raise exception_class(message, screen, stacktrace, alert_text)  # type: ignore[call-arg]  # mypy is not smart enough here\n>       raise exception_class(message, screen, stacktrace)\nE       selenium.common.exceptions.SessionNotCreatedException: Message: session not created: Chrome failed to start: exited normally.\nE         (session not created: DevToolsActivePort file doesn't exist)\nE         (The process started from chrome location /usr/bin/google-chrome is no longer running, so ChromeDriver is assuming that Chrome has crashed.)\nE       Stacktrace:\nE       #0 0x564b2558f6ca <unknown>\nE       #1 0x564b25260600 <unknown>\nE       #2 0x564b25298485 <unknown>\nE       #3 0x564b252942f8 <unknown>\nE       #4 0x564b252dece8 <unknown>\nE       #5 0x564b252d2643 <unknown>\nE       #6 0x564b252a2d31 <unknown>\nE       #7 0x564b252a379e <unknown>\nE       #8 0x564b2555725b <unknown>\nE       #9 0x564b2555b1f2 <unknown>\nE       #10 0x564b25544615 <unknown>\nE       #11 0x564b2555bd82 <unknown>\nE       #12 0x564b2552925f <unknown>\nE       #13 0x564b2557ee68 <unknown>\nE       #14 0x564b2557f040 <unknown>\nE       #15 0x564b2558e49c <unknown>\nE       #16 0x7f908dc94ac3 <unknown>\n\n/opt/hostedtoolcache/Python/3.11.9/x64/lib/python3.11/site-packages/selenium/webdriver/remote/errorhandler.py:229: SessionNotCreatedException","flaky":false,"newFailed":false,"newBroken":true,"newPassed":false,"retriesCount":0,"retriesStatusChange":false,"beforeStages":[{"name":"_session_faker","time":{"start":1724590696972,"stop":1724590697001,"duration":29},"status":"passed","steps":[],"attachments":[],"parameters":[],"shouldDisplayMessage":false,"stepsCount":0,"attachmentsCount":0,"hasContent":false},{"name":"Инициализация драйвера Chrome","time":{"start":1724590697678,"stop":1724590697863,"duration":185},"status":"broken","statusMessage":"selenium.common.exceptions.SessionNotCreatedException: Message: session not created: Chrome failed to start: exited normally.\n  (session not created: DevToolsActivePort file doesn't exist)\n  (The process started from chrome location /usr/bin/google-chrome is no longer running, so ChromeDriver is assuming that Chrome has crashed.)\nStacktrace:\n#0 0x564b2558f6ca <unknown>\n#1 0x564b25260600 <unknown>\n#2 0x564b25298485 <unknown>\n#3 0x564b252942f8 <unknown>\n#4 0x564b252dece8 <unknown>\n#5 0x564b252d2643 <unknown>\n#6 0x564b252a2d31 <unknown>\n#7 0x564b252a379e <unknown>\n#8 0x564b2555725b <unknown>\n#9 0x564b2555b1f2 <unknown>\n#10 0x564b25544615 <unknown>\n#11 0x564b2555bd82 <unknown>\n#12 0x564b2552925f <unknown>\n#13 0x564b2557ee68 <unknown>\n#14 0x564b2557f040 <unknown>\n#15 0x564b2558e49c <unknown>\n#16 0x7f908dc94ac3 <unknown>\n\n","statusTrace":"  File \"/opt/hostedtoolcache/Python/3.11.9/x64/lib/python3.11/site-packages/pluggy/_callers.py\", line 103, in _multicall\n    res = hook_impl.function(*args)\n          ^^^^^^^^^^^^^^^^^^^^^^^^^\n  File \"/opt/hostedtoolcache/Python/3.11.9/x64/lib/python3.11/site-packages/_pytest/fixtures.py\", line 1123, in pytest_fixture_setup\n    result = call_fixture_func(fixturefunc, request, kwargs)\n             ^^^^^^^^^^^^^^^^^^^^^^^^^^^^^^^^^^^^^^^^^^^^^^^\n  File \"/opt/hostedtoolcache/Python/3.11.9/x64/lib/python3.11/site-packages/_pytest/fixtures.py\", line 895, in call_fixture_func\n    fixture_result = next(generator)\n                     ^^^^^^^^^^^^^^^\n  File \"/home/runner/work/motherhash/motherhash/conftest.py\", line 41, in browser\n    browser = webdriver.Chrome(options=options)\n              ^^^^^^^^^^^^^^^^^^^^^^^^^^^^^^^^^\n  File \"/opt/hostedtoolcache/Python/3.11.9/x64/lib/python3.11/site-packages/selenium/webdriver/chrome/webdriver.py\", line 45, in __init__\n    super().__init__(\n  File \"/opt/hostedtoolcache/Python/3.11.9/x64/lib/python3.11/site-packages/selenium/webdriver/chromium/webdriver.py\", line 66, in __init__\n    super().__init__(command_executor=executor, options=options)\n  File \"/opt/hostedtoolcache/Python/3.11.9/x64/lib/python3.11/site-packages/selenium/webdriver/remote/webdriver.py\", line 212, in __init__\n    self.start_session(capabilities)\n  File \"/opt/hostedtoolcache/Python/3.11.9/x64/lib/python3.11/site-packages/selenium/webdriver/remote/webdriver.py\", line 299, in start_session\n    response = self.execute(Command.NEW_SESSION, caps)[\"value\"]\n               ^^^^^^^^^^^^^^^^^^^^^^^^^^^^^^^^^^^^^^^\n  File \"/opt/hostedtoolcache/Python/3.11.9/x64/lib/python3.11/site-packages/selenium/webdriver/remote/webdriver.py\", line 354, in execute\n    self.error_handler.check_response(response)\n  File \"/opt/hostedtoolcache/Python/3.11.9/x64/lib/python3.11/site-packages/selenium/webdriver/remote/errorhandler.py\", line 229, in check_response\n    raise exception_class(message, screen, stacktrace)\n","steps":[],"attachments":[],"parameters":[],"shouldDisplayMessage":true,"stepsCount":0,"attachmentsCount":0,"hasContent":true}],"afterStages":[],"labels":[{"name":"suite","value":"SignIn Email"},{"name":"subSuite","value":"2. Проверка ввода незарегистрированного в базе email в поле ввода"},{"name":"parentSuite","value":"authorization.tests"},{"name":"host","value":"fv-az1247-936"},{"name":"thread","value":"2739-MainThread"},{"name":"framework","value":"pytest"},{"name":"language","value":"cpython3"},{"name":"package","value":"authorization.tests.test_signin"},{"name":"resultFormat","value":"allure2"}],"parameters":[{"name":"language","value":"'en'"}],"links":[],"hidden":false,"retry":false,"extra":{"severity":"normal","retries":[],"categories":[{"name":"Test defects","matchedStatuses":[],"flaky":false}],"history":{"statistic":{"failed":0,"broken":2,"skipped":0,"passed":8,"unknown":0,"total":10},"items":[{"uid":"22f43a46bb9b972e","reportUrl":"https://konstantingerasimovwork.github.io/motherhash/106//#testresult/22f43a46bb9b972e","status":"passed","time":{"start":1724504374210,"stop":1724504375790,"duration":1580}},{"uid":"c39d93ecdcfc7bd6","reportUrl":"https://konstantingerasimovwork.github.io/motherhash/105//#testresult/c39d93ecdcfc7bd6","status":"passed","time":{"start":1724486124550,"stop":1724486125655,"duration":1105}},{"uid":"8f9141b2be209431","reportUrl":"https://konstantingerasimovwork.github.io/motherhash/104//#testresult/8f9141b2be209431","status":"broken","statusDetails":"selenium.common.exceptions.SessionNotCreatedException: Message: session not created: Chrome failed to start: exited normally.\n  (session not created: DevToolsActivePort file doesn't exist)\n  (The process started from chrome location /usr/bin/google-chrome is no longer running, so ChromeDriver is assuming that Chrome has crashed.)\nStacktrace:\n#0 0x55aaef3306ca <unknown>\n#1 0x55aaef001600 <unknown>\n#2 0x55aaef039485 <unknown>\n#3 0x55aaef0352f8 <unknown>\n#4 0x55aaef07fce8 <unknown>\n#5 0x55aaef073643 <unknown>\n#6 0x55aaef043d31 <unknown>\n#7 0x55aaef04479e <unknown>\n#8 0x55aaef2f825b <unknown>\n#9 0x55aaef2fc1f2 <unknown>\n#10 0x55aaef2e5615 <unknown>\n#11 0x55aaef2fcd82 <unknown>\n#12 0x55aaef2ca25f <unknown>\n#13 0x55aaef31fe68 <unknown>\n#14 0x55aaef320040 <unknown>\n#15 0x55aaef32f49c <unknown>\n#16 0x7f533ce94ac3 <unknown>","time":{"start":1724485912363,"stop":1724485912363,"duration":0}},{"uid":"8ec3eb7c57d05be8","reportUrl":"https://konstantingerasimovwork.github.io/motherhash/103//#testresult/8ec3eb7c57d05be8","status":"passed","time":{"start":1724425387725,"stop":1724425389354,"duration":1629}},{"uid":"2dfe968eaa89a23c","reportUrl":"https://konstantingerasimovwork.github.io/motherhash/102//#testresult/2dfe968eaa89a23c","status":"passed","time":{"start":1724423081438,"stop":1724423083069,"duration":1631}},{"uid":"db5ed464b255edf1","reportUrl":"https://konstantingerasimovwork.github.io/motherhash/101//#testresult/db5ed464b255edf1","status":"passed","time":{"start":1724418048357,"stop":1724418049984,"duration":1627}},{"uid":"3c99efca511c0dc6","reportUrl":"https://konstantingerasimovwork.github.io/motherhash/100//#testresult/3c99efca511c0dc6","status":"passed","time":{"start":1724406586004,"stop":1724406587614,"duration":1610}},{"uid":"3744bfcc74cac961","reportUrl":"https://konstantingerasimovwork.github.io/motherhash/99//#testresult/3744bfcc74cac961","status":"passed","time":{"start":1724404351882,"stop":1724404353474,"duration":1592}},{"uid":"d0d5f8c389155081","reportUrl":"https://konstantingerasimovwork.github.io/motherhash/98//#testresult/d0d5f8c389155081","status":"passed","time":{"start":1724402095812,"stop":1724402097425,"duration":1613}}]},"tags":[]},"source":"47ef4cdd0680f824.json","parameterValues":["'en'"]}