{"uid":"85e96305ce2e4e5f","name":"test_check_email_text_on_signup_page[pt]","fullName":"authorization.tests.test_signup.TestSignUpPassword#test_check_email_text_on_signup_page","historyId":"d1e8f5a1c30b15030927065dd7476662","time":{"start":1724590728770,"stop":1724590728770,"duration":0},"status":"broken","statusMessage":"selenium.common.exceptions.SessionNotCreatedException: Message: session not created: Chrome failed to start: exited normally.\n  (session not created: DevToolsActivePort file doesn't exist)\n  (The process started from chrome location /usr/bin/google-chrome is no longer running, so ChromeDriver is assuming that Chrome has crashed.)\nStacktrace:\n#0 0x5588ece7d6ca <unknown>\n#1 0x5588ecb4e600 <unknown>\n#2 0x5588ecb86485 <unknown>\n#3 0x5588ecb822f8 <unknown>\n#4 0x5588ecbccce8 <unknown>\n#5 0x5588ecbc0643 <unknown>\n#6 0x5588ecb90d31 <unknown>\n#7 0x5588ecb9179e <unknown>\n#8 0x5588ece4525b <unknown>\n#9 0x5588ece491f2 <unknown>\n#10 0x5588ece32615 <unknown>\n#11 0x5588ece49d82 <unknown>\n#12 0x5588ece1725f <unknown>\n#13 0x5588ece6ce68 <unknown>\n#14 0x5588ece6d040 <unknown>\n#15 0x5588ece7c49c <unknown>\n#16 0x7f4529e94ac3 <unknown>","statusTrace":"@pytest.fixture(scope=\"function\")\n    @allure.title('Инициализация драйвера Chrome')\n    def browser():\n        options = Options()\n        # options.add_argument(\"--headless\")\n        options.add_argument('--window-size=1920,1080')\n>       browser = webdriver.Chrome(options=options)\n\nconftest.py:41: \n_ _ _ _ _ _ _ _ _ _ _ _ _ _ _ _ _ _ _ _ _ _ _ _ _ _ _ _ _ _ _ _ _ _ _ _ _ _ _ _ \n/opt/hostedtoolcache/Python/3.11.9/x64/lib/python3.11/site-packages/selenium/webdriver/chrome/webdriver.py:45: in __init__\n    super().__init__(\n/opt/hostedtoolcache/Python/3.11.9/x64/lib/python3.11/site-packages/selenium/webdriver/chromium/webdriver.py:66: in __init__\n    super().__init__(command_executor=executor, options=options)\n/opt/hostedtoolcache/Python/3.11.9/x64/lib/python3.11/site-packages/selenium/webdriver/remote/webdriver.py:212: in __init__\n    self.start_session(capabilities)\n/opt/hostedtoolcache/Python/3.11.9/x64/lib/python3.11/site-packages/selenium/webdriver/remote/webdriver.py:299: in start_session\n    response = self.execute(Command.NEW_SESSION, caps)[\"value\"]\n/opt/hostedtoolcache/Python/3.11.9/x64/lib/python3.11/site-packages/selenium/webdriver/remote/webdriver.py:354: in execute\n    self.error_handler.check_response(response)\n_ _ _ _ _ _ _ _ _ _ _ _ _ _ _ _ _ _ _ _ _ _ _ _ _ _ _ _ _ _ _ _ _ _ _ _ _ _ _ _ \n\nself = <selenium.webdriver.remote.errorhandler.ErrorHandler object at 0x7f4617a52050>\nresponse = {'status': 500, 'value': '{\"value\":{\"error\":\"session not created\",\"message\":\"session not created: Chrome failed to sta...\\\\n#14 0x5588ece6d040 \\\\u003Cunknown>\\\\n#15 0x5588ece7c49c \\\\u003Cunknown>\\\\n#16 0x7f4529e94ac3 \\\\u003Cunknown>\\\\n\"}}'}\n\n    def check_response(self, response: Dict[str, Any]) -> None:\n        \"\"\"Checks that a JSON response from the WebDriver does not have an\n        error.\n    \n        :Args:\n         - response - The JSON response from the WebDriver server as a dictionary\n           object.\n    \n        :Raises: If the response contains an error message.\n        \"\"\"\n        status = response.get(\"status\", None)\n        if not status or status == ErrorCode.SUCCESS:\n            return\n        value = None\n        message = response.get(\"message\", \"\")\n        screen: str = response.get(\"screen\", \"\")\n        stacktrace = None\n        if isinstance(status, int):\n            value_json = response.get(\"value\", None)\n            if value_json and isinstance(value_json, str):\n                import json\n    \n                try:\n                    value = json.loads(value_json)\n                    if len(value) == 1:\n                        value = value[\"value\"]\n                    status = value.get(\"error\", None)\n                    if not status:\n                        status = value.get(\"status\", ErrorCode.UNKNOWN_ERROR)\n                        message = value.get(\"value\") or value.get(\"message\")\n                        if not isinstance(message, str):\n                            value = message\n                            message = message.get(\"message\")\n                    else:\n                        message = value.get(\"message\", None)\n                except ValueError:\n                    pass\n    \n        exception_class: Type[WebDriverException]\n        e = ErrorCode()\n        error_codes = [item for item in dir(e) if not item.startswith(\"__\")]\n        for error_code in error_codes:\n            error_info = getattr(ErrorCode, error_code)\n            if isinstance(error_info, list) and status in error_info:\n                exception_class = getattr(ExceptionMapping, error_code, WebDriverException)\n                break\n        else:\n            exception_class = WebDriverException\n    \n        if not value:\n            value = response[\"value\"]\n        if isinstance(value, str):\n            raise exception_class(value)\n        if message == \"\" and \"message\" in value:\n            message = value[\"message\"]\n    \n        screen = None  # type: ignore[assignment]\n        if \"screen\" in value:\n            screen = value[\"screen\"]\n    \n        stacktrace = None\n        st_value = value.get(\"stackTrace\") or value.get(\"stacktrace\")\n        if st_value:\n            if isinstance(st_value, str):\n                stacktrace = st_value.split(\"\\n\")\n            else:\n                stacktrace = []\n                try:\n                    for frame in st_value:\n                        line = frame.get(\"lineNumber\", \"\")\n                        file = frame.get(\"fileName\", \"<anonymous>\")\n                        if line:\n                            file = f\"{file}:{line}\"\n                        meth = frame.get(\"methodName\", \"<anonymous>\")\n                        if \"className\" in frame:\n                            meth = f\"{frame['className']}.{meth}\"\n                        msg = \"    at %s (%s)\"\n                        msg = msg % (meth, file)\n                        stacktrace.append(msg)\n                except TypeError:\n                    pass\n        if exception_class == UnexpectedAlertPresentException:\n            alert_text = None\n            if \"data\" in value:\n                alert_text = value[\"data\"].get(\"text\")\n            elif \"alert\" in value:\n                alert_text = value[\"alert\"].get(\"text\")\n            raise exception_class(message, screen, stacktrace, alert_text)  # type: ignore[call-arg]  # mypy is not smart enough here\n>       raise exception_class(message, screen, stacktrace)\nE       selenium.common.exceptions.SessionNotCreatedException: Message: session not created: Chrome failed to start: exited normally.\nE         (session not created: DevToolsActivePort file doesn't exist)\nE         (The process started from chrome location /usr/bin/google-chrome is no longer running, so ChromeDriver is assuming that Chrome has crashed.)\nE       Stacktrace:\nE       #0 0x5588ece7d6ca <unknown>\nE       #1 0x5588ecb4e600 <unknown>\nE       #2 0x5588ecb86485 <unknown>\nE       #3 0x5588ecb822f8 <unknown>\nE       #4 0x5588ecbccce8 <unknown>\nE       #5 0x5588ecbc0643 <unknown>\nE       #6 0x5588ecb90d31 <unknown>\nE       #7 0x5588ecb9179e <unknown>\nE       #8 0x5588ece4525b <unknown>\nE       #9 0x5588ece491f2 <unknown>\nE       #10 0x5588ece32615 <unknown>\nE       #11 0x5588ece49d82 <unknown>\nE       #12 0x5588ece1725f <unknown>\nE       #13 0x5588ece6ce68 <unknown>\nE       #14 0x5588ece6d040 <unknown>\nE       #15 0x5588ece7c49c <unknown>\nE       #16 0x7f4529e94ac3 <unknown>\n\n/opt/hostedtoolcache/Python/3.11.9/x64/lib/python3.11/site-packages/selenium/webdriver/remote/errorhandler.py:229: SessionNotCreatedException","flaky":false,"newFailed":false,"newBroken":true,"newPassed":false,"retriesCount":0,"retriesStatusChange":false,"beforeStages":[{"name":"_session_faker","time":{"start":1724590727613,"stop":1724590727644,"duration":31},"status":"passed","steps":[],"attachments":[],"parameters":[],"shouldDisplayMessage":false,"stepsCount":0,"attachmentsCount":0,"hasContent":false},{"name":"Инициализация драйвера Chrome","time":{"start":1724590728770,"stop":1724590728956,"duration":186},"status":"broken","statusMessage":"selenium.common.exceptions.SessionNotCreatedException: Message: session not created: Chrome failed to start: exited normally.\n  (session not created: DevToolsActivePort file doesn't exist)\n  (The process started from chrome location /usr/bin/google-chrome is no longer running, so ChromeDriver is assuming that Chrome has crashed.)\nStacktrace:\n#0 0x5588ece7d6ca <unknown>\n#1 0x5588ecb4e600 <unknown>\n#2 0x5588ecb86485 <unknown>\n#3 0x5588ecb822f8 <unknown>\n#4 0x5588ecbccce8 <unknown>\n#5 0x5588ecbc0643 <unknown>\n#6 0x5588ecb90d31 <unknown>\n#7 0x5588ecb9179e <unknown>\n#8 0x5588ece4525b <unknown>\n#9 0x5588ece491f2 <unknown>\n#10 0x5588ece32615 <unknown>\n#11 0x5588ece49d82 <unknown>\n#12 0x5588ece1725f <unknown>\n#13 0x5588ece6ce68 <unknown>\n#14 0x5588ece6d040 <unknown>\n#15 0x5588ece7c49c <unknown>\n#16 0x7f4529e94ac3 <unknown>\n\n","statusTrace":"  File \"/opt/hostedtoolcache/Python/3.11.9/x64/lib/python3.11/site-packages/pluggy/_callers.py\", line 103, in _multicall\n    res = hook_impl.function(*args)\n          ^^^^^^^^^^^^^^^^^^^^^^^^^\n  File \"/opt/hostedtoolcache/Python/3.11.9/x64/lib/python3.11/site-packages/_pytest/fixtures.py\", line 1123, in pytest_fixture_setup\n    result = call_fixture_func(fixturefunc, request, kwargs)\n             ^^^^^^^^^^^^^^^^^^^^^^^^^^^^^^^^^^^^^^^^^^^^^^^\n  File \"/opt/hostedtoolcache/Python/3.11.9/x64/lib/python3.11/site-packages/_pytest/fixtures.py\", line 895, in call_fixture_func\n    fixture_result = next(generator)\n                     ^^^^^^^^^^^^^^^\n  File \"/home/runner/work/motherhash/motherhash/conftest.py\", line 41, in browser\n    browser = webdriver.Chrome(options=options)\n              ^^^^^^^^^^^^^^^^^^^^^^^^^^^^^^^^^\n  File \"/opt/hostedtoolcache/Python/3.11.9/x64/lib/python3.11/site-packages/selenium/webdriver/chrome/webdriver.py\", line 45, in __init__\n    super().__init__(\n  File \"/opt/hostedtoolcache/Python/3.11.9/x64/lib/python3.11/site-packages/selenium/webdriver/chromium/webdriver.py\", line 66, in __init__\n    super().__init__(command_executor=executor, options=options)\n  File \"/opt/hostedtoolcache/Python/3.11.9/x64/lib/python3.11/site-packages/selenium/webdriver/remote/webdriver.py\", line 212, in __init__\n    self.start_session(capabilities)\n  File \"/opt/hostedtoolcache/Python/3.11.9/x64/lib/python3.11/site-packages/selenium/webdriver/remote/webdriver.py\", line 299, in start_session\n    response = self.execute(Command.NEW_SESSION, caps)[\"value\"]\n               ^^^^^^^^^^^^^^^^^^^^^^^^^^^^^^^^^^^^^^^\n  File \"/opt/hostedtoolcache/Python/3.11.9/x64/lib/python3.11/site-packages/selenium/webdriver/remote/webdriver.py\", line 354, in execute\n    self.error_handler.check_response(response)\n  File \"/opt/hostedtoolcache/Python/3.11.9/x64/lib/python3.11/site-packages/selenium/webdriver/remote/errorhandler.py\", line 229, in check_response\n    raise exception_class(message, screen, stacktrace)\n","steps":[],"attachments":[],"parameters":[],"shouldDisplayMessage":true,"stepsCount":0,"attachmentsCount":0,"hasContent":true}],"afterStages":[],"labels":[{"name":"suite","value":"SignUp Password"},{"name":"subSuite","value":"2. Проверка наличия email, введённого ранее на странице входа"},{"name":"parentSuite","value":"authorization.tests"},{"name":"host","value":"fv-az1247-936"},{"name":"thread","value":"9635-MainThread"},{"name":"framework","value":"pytest"},{"name":"language","value":"cpython3"},{"name":"package","value":"authorization.tests.test_signup"},{"name":"resultFormat","value":"allure2"}],"parameters":[{"name":"language","value":"'pt'"}],"links":[],"hidden":false,"retry":false,"extra":{"severity":"normal","retries":[],"categories":[{"name":"Test defects","matchedStatuses":[],"flaky":false}],"history":{"statistic":{"failed":0,"broken":3,"skipped":0,"passed":7,"unknown":0,"total":10},"items":[{"uid":"163d129c6fb1eab0","reportUrl":"https://konstantingerasimovwork.github.io/motherhash/106//#testresult/163d129c6fb1eab0","status":"passed","time":{"start":1724504868178,"stop":1724504868988,"duration":810}},{"uid":"9f3e51dcb404f120","reportUrl":"https://konstantingerasimovwork.github.io/motherhash/105//#testresult/9f3e51dcb404f120","status":"passed","time":{"start":1724486592930,"stop":1724486593785,"duration":855}},{"uid":"c63dfea6bd3c13f","reportUrl":"https://konstantingerasimovwork.github.io/motherhash/104//#testresult/c63dfea6bd3c13f","status":"broken","statusDetails":"selenium.common.exceptions.SessionNotCreatedException: Message: session not created: Chrome failed to start: exited normally.\n  (session not created: DevToolsActivePort file doesn't exist)\n  (The process started from chrome location /usr/bin/google-chrome is no longer running, so ChromeDriver is assuming that Chrome has crashed.)\nStacktrace:\n#0 0x562cb73266ca <unknown>\n#1 0x562cb6ff7600 <unknown>\n#2 0x562cb702f485 <unknown>\n#3 0x562cb702b2f8 <unknown>\n#4 0x562cb7075ce8 <unknown>\n#5 0x562cb7069643 <unknown>\n#6 0x562cb7039d31 <unknown>\n#7 0x562cb703a79e <unknown>\n#8 0x562cb72ee25b <unknown>\n#9 0x562cb72f21f2 <unknown>\n#10 0x562cb72db615 <unknown>\n#11 0x562cb72f2d82 <unknown>\n#12 0x562cb72c025f <unknown>\n#13 0x562cb7315e68 <unknown>\n#14 0x562cb7316040 <unknown>\n#15 0x562cb732549c <unknown>\n#16 0x7f5949c94ac3 <unknown>","time":{"start":1724485942929,"stop":1724485942929,"duration":0}},{"uid":"8d3c0200111a7c42","reportUrl":"https://konstantingerasimovwork.github.io/motherhash/103//#testresult/8d3c0200111a7c42","status":"passed","time":{"start":1724425890719,"stop":1724425891571,"duration":852}},{"uid":"20c61cd68496e8af","reportUrl":"https://konstantingerasimovwork.github.io/motherhash/102//#testresult/20c61cd68496e8af","status":"passed","time":{"start":1724423583375,"stop":1724423584175,"duration":800}},{"uid":"42f3ad5b8409b3be","reportUrl":"https://konstantingerasimovwork.github.io/motherhash/101//#testresult/42f3ad5b8409b3be","status":"passed","time":{"start":1724418543449,"stop":1724418544251,"duration":802}},{"uid":"c06c8776bed1165a","reportUrl":"https://konstantingerasimovwork.github.io/motherhash/100//#testresult/c06c8776bed1165a","status":"passed","time":{"start":1724407082418,"stop":1724407083239,"duration":821}},{"uid":"1b9de1ab1d9c2a06","reportUrl":"https://konstantingerasimovwork.github.io/motherhash/99//#testresult/1b9de1ab1d9c2a06","status":"passed","time":{"start":1724404878736,"stop":1724404879582,"duration":846}},{"uid":"1b730e2b9ee483fe","reportUrl":"https://konstantingerasimovwork.github.io/motherhash/98//#testresult/1b730e2b9ee483fe","status":"broken","statusDetails":"AttributeError: 'SignUpPasswordPage' object has no attribute 'wait_signup_url_to_be'","time":{"start":1724402623445,"stop":1724402623769,"duration":324}}]},"tags":[]},"source":"85e96305ce2e4e5f.json","parameterValues":["'pt'"]}