{"uid":"91a45f7756730546","name":"test_invalid_email_range_en[pt-email@exampleexampleexampleexampleexampleexampleexampleexampleexampleex.com-\\u0414\\u043b\\u0438\\u043d\\u0430 \\u0434\\u043e\\u043c\\u0435\\u043d\\u043d\\u043e\\u0433\\u043e \\u0438\\u043c\\u0435\\u043d\\u0438 65 \\u0441\\u0438\\u043c\\u0432\\u043e\\u043b\\u043e\\u0432]","fullName":"authorization.tests.test_signin.TestSignInEmail#test_invalid_email_range_en","historyId":"3303a5238c5be8c844c0c98358d06636","time":{"start":1724590711127,"stop":1724590711127,"duration":0},"status":"broken","statusMessage":"selenium.common.exceptions.SessionNotCreatedException: Message: session not created: Chrome failed to start: exited normally.\n  (session not created: DevToolsActivePort file doesn't exist)\n  (The process started from chrome location /usr/bin/google-chrome is no longer running, so ChromeDriver is assuming that Chrome has crashed.)\nStacktrace:\n#0 0x5651a35b86ca <unknown>\n#1 0x5651a3289600 <unknown>\n#2 0x5651a32c1485 <unknown>\n#3 0x5651a32bd2f8 <unknown>\n#4 0x5651a3307ce8 <unknown>\n#5 0x5651a32fb643 <unknown>\n#6 0x5651a32cbd31 <unknown>\n#7 0x5651a32cc79e <unknown>\n#8 0x5651a358025b <unknown>\n#9 0x5651a35841f2 <unknown>\n#10 0x5651a356d615 <unknown>\n#11 0x5651a3584d82 <unknown>\n#12 0x5651a355225f <unknown>\n#13 0x5651a35a7e68 <unknown>\n#14 0x5651a35a8040 <unknown>\n#15 0x5651a35b749c <unknown>\n#16 0x7f4156294ac3 <unknown>","statusTrace":"@pytest.fixture(scope=\"function\")\n    @allure.title('Инициализация драйвера Chrome')\n    def browser():\n        options = Options()\n        # options.add_argument(\"--headless\")\n        options.add_argument('--window-size=1920,1080')\n>       browser = webdriver.Chrome(options=options)\n\nconftest.py:41: \n_ _ _ _ _ _ _ _ _ _ _ _ _ _ _ _ _ _ _ _ _ _ _ _ _ _ _ _ _ _ _ _ _ _ _ _ _ _ _ _ \n/opt/hostedtoolcache/Python/3.11.9/x64/lib/python3.11/site-packages/selenium/webdriver/chrome/webdriver.py:45: in __init__\n    super().__init__(\n/opt/hostedtoolcache/Python/3.11.9/x64/lib/python3.11/site-packages/selenium/webdriver/chromium/webdriver.py:66: in __init__\n    super().__init__(command_executor=executor, options=options)\n/opt/hostedtoolcache/Python/3.11.9/x64/lib/python3.11/site-packages/selenium/webdriver/remote/webdriver.py:212: in __init__\n    self.start_session(capabilities)\n/opt/hostedtoolcache/Python/3.11.9/x64/lib/python3.11/site-packages/selenium/webdriver/remote/webdriver.py:299: in start_session\n    response = self.execute(Command.NEW_SESSION, caps)[\"value\"]\n/opt/hostedtoolcache/Python/3.11.9/x64/lib/python3.11/site-packages/selenium/webdriver/remote/webdriver.py:354: in execute\n    self.error_handler.check_response(response)\n_ _ _ _ _ _ _ _ _ _ _ _ _ _ _ _ _ _ _ _ _ _ _ _ _ _ _ _ _ _ _ _ _ _ _ _ _ _ _ _ \n\nself = <selenium.webdriver.remote.errorhandler.ErrorHandler object at 0x7f7a4d3e9f50>\nresponse = {'status': 500, 'value': '{\"value\":{\"error\":\"session not created\",\"message\":\"session not created: Chrome failed to sta...\\\\n#14 0x5651a35a8040 \\\\u003Cunknown>\\\\n#15 0x5651a35b749c \\\\u003Cunknown>\\\\n#16 0x7f4156294ac3 \\\\u003Cunknown>\\\\n\"}}'}\n\n    def check_response(self, response: Dict[str, Any]) -> None:\n        \"\"\"Checks that a JSON response from the WebDriver does not have an\n        error.\n    \n        :Args:\n         - response - The JSON response from the WebDriver server as a dictionary\n           object.\n    \n        :Raises: If the response contains an error message.\n        \"\"\"\n        status = response.get(\"status\", None)\n        if not status or status == ErrorCode.SUCCESS:\n            return\n        value = None\n        message = response.get(\"message\", \"\")\n        screen: str = response.get(\"screen\", \"\")\n        stacktrace = None\n        if isinstance(status, int):\n            value_json = response.get(\"value\", None)\n            if value_json and isinstance(value_json, str):\n                import json\n    \n                try:\n                    value = json.loads(value_json)\n                    if len(value) == 1:\n                        value = value[\"value\"]\n                    status = value.get(\"error\", None)\n                    if not status:\n                        status = value.get(\"status\", ErrorCode.UNKNOWN_ERROR)\n                        message = value.get(\"value\") or value.get(\"message\")\n                        if not isinstance(message, str):\n                            value = message\n                            message = message.get(\"message\")\n                    else:\n                        message = value.get(\"message\", None)\n                except ValueError:\n                    pass\n    \n        exception_class: Type[WebDriverException]\n        e = ErrorCode()\n        error_codes = [item for item in dir(e) if not item.startswith(\"__\")]\n        for error_code in error_codes:\n            error_info = getattr(ErrorCode, error_code)\n            if isinstance(error_info, list) and status in error_info:\n                exception_class = getattr(ExceptionMapping, error_code, WebDriverException)\n                break\n        else:\n            exception_class = WebDriverException\n    \n        if not value:\n            value = response[\"value\"]\n        if isinstance(value, str):\n            raise exception_class(value)\n        if message == \"\" and \"message\" in value:\n            message = value[\"message\"]\n    \n        screen = None  # type: ignore[assignment]\n        if \"screen\" in value:\n            screen = value[\"screen\"]\n    \n        stacktrace = None\n        st_value = value.get(\"stackTrace\") or value.get(\"stacktrace\")\n        if st_value:\n            if isinstance(st_value, str):\n                stacktrace = st_value.split(\"\\n\")\n            else:\n                stacktrace = []\n                try:\n                    for frame in st_value:\n                        line = frame.get(\"lineNumber\", \"\")\n                        file = frame.get(\"fileName\", \"<anonymous>\")\n                        if line:\n                            file = f\"{file}:{line}\"\n                        meth = frame.get(\"methodName\", \"<anonymous>\")\n                        if \"className\" in frame:\n                            meth = f\"{frame['className']}.{meth}\"\n                        msg = \"    at %s (%s)\"\n                        msg = msg % (meth, file)\n                        stacktrace.append(msg)\n                except TypeError:\n                    pass\n        if exception_class == UnexpectedAlertPresentException:\n            alert_text = None\n            if \"data\" in value:\n                alert_text = value[\"data\"].get(\"text\")\n            elif \"alert\" in value:\n                alert_text = value[\"alert\"].get(\"text\")\n            raise exception_class(message, screen, stacktrace, alert_text)  # type: ignore[call-arg]  # mypy is not smart enough here\n>       raise exception_class(message, screen, stacktrace)\nE       selenium.common.exceptions.SessionNotCreatedException: Message: session not created: Chrome failed to start: exited normally.\nE         (session not created: DevToolsActivePort file doesn't exist)\nE         (The process started from chrome location /usr/bin/google-chrome is no longer running, so ChromeDriver is assuming that Chrome has crashed.)\nE       Stacktrace:\nE       #0 0x5651a35b86ca <unknown>\nE       #1 0x5651a3289600 <unknown>\nE       #2 0x5651a32c1485 <unknown>\nE       #3 0x5651a32bd2f8 <unknown>\nE       #4 0x5651a3307ce8 <unknown>\nE       #5 0x5651a32fb643 <unknown>\nE       #6 0x5651a32cbd31 <unknown>\nE       #7 0x5651a32cc79e <unknown>\nE       #8 0x5651a358025b <unknown>\nE       #9 0x5651a35841f2 <unknown>\nE       #10 0x5651a356d615 <unknown>\nE       #11 0x5651a3584d82 <unknown>\nE       #12 0x5651a355225f <unknown>\nE       #13 0x5651a35a7e68 <unknown>\nE       #14 0x5651a35a8040 <unknown>\nE       #15 0x5651a35b749c <unknown>\nE       #16 0x7f4156294ac3 <unknown>\n\n/opt/hostedtoolcache/Python/3.11.9/x64/lib/python3.11/site-packages/selenium/webdriver/remote/errorhandler.py:229: SessionNotCreatedException","flaky":false,"newFailed":false,"newBroken":true,"newPassed":false,"retriesCount":0,"retriesStatusChange":false,"beforeStages":[{"name":"_session_faker","time":{"start":1724590696972,"stop":1724590697001,"duration":29},"status":"passed","steps":[],"attachments":[],"parameters":[],"shouldDisplayMessage":false,"stepsCount":0,"attachmentsCount":0,"hasContent":false},{"name":"Инициализация драйвера Chrome","time":{"start":1724590711127,"stop":1724590711313,"duration":186},"status":"broken","statusMessage":"selenium.common.exceptions.SessionNotCreatedException: Message: session not created: Chrome failed to start: exited normally.\n  (session not created: DevToolsActivePort file doesn't exist)\n  (The process started from chrome location /usr/bin/google-chrome is no longer running, so ChromeDriver is assuming that Chrome has crashed.)\nStacktrace:\n#0 0x5651a35b86ca <unknown>\n#1 0x5651a3289600 <unknown>\n#2 0x5651a32c1485 <unknown>\n#3 0x5651a32bd2f8 <unknown>\n#4 0x5651a3307ce8 <unknown>\n#5 0x5651a32fb643 <unknown>\n#6 0x5651a32cbd31 <unknown>\n#7 0x5651a32cc79e <unknown>\n#8 0x5651a358025b <unknown>\n#9 0x5651a35841f2 <unknown>\n#10 0x5651a356d615 <unknown>\n#11 0x5651a3584d82 <unknown>\n#12 0x5651a355225f <unknown>\n#13 0x5651a35a7e68 <unknown>\n#14 0x5651a35a8040 <unknown>\n#15 0x5651a35b749c <unknown>\n#16 0x7f4156294ac3 <unknown>\n\n","statusTrace":"  File \"/opt/hostedtoolcache/Python/3.11.9/x64/lib/python3.11/site-packages/pluggy/_callers.py\", line 103, in _multicall\n    res = hook_impl.function(*args)\n          ^^^^^^^^^^^^^^^^^^^^^^^^^\n  File \"/opt/hostedtoolcache/Python/3.11.9/x64/lib/python3.11/site-packages/_pytest/fixtures.py\", line 1123, in pytest_fixture_setup\n    result = call_fixture_func(fixturefunc, request, kwargs)\n             ^^^^^^^^^^^^^^^^^^^^^^^^^^^^^^^^^^^^^^^^^^^^^^^\n  File \"/opt/hostedtoolcache/Python/3.11.9/x64/lib/python3.11/site-packages/_pytest/fixtures.py\", line 895, in call_fixture_func\n    fixture_result = next(generator)\n                     ^^^^^^^^^^^^^^^\n  File \"/home/runner/work/motherhash/motherhash/conftest.py\", line 41, in browser\n    browser = webdriver.Chrome(options=options)\n              ^^^^^^^^^^^^^^^^^^^^^^^^^^^^^^^^^\n  File \"/opt/hostedtoolcache/Python/3.11.9/x64/lib/python3.11/site-packages/selenium/webdriver/chrome/webdriver.py\", line 45, in __init__\n    super().__init__(\n  File \"/opt/hostedtoolcache/Python/3.11.9/x64/lib/python3.11/site-packages/selenium/webdriver/chromium/webdriver.py\", line 66, in __init__\n    super().__init__(command_executor=executor, options=options)\n  File \"/opt/hostedtoolcache/Python/3.11.9/x64/lib/python3.11/site-packages/selenium/webdriver/remote/webdriver.py\", line 212, in __init__\n    self.start_session(capabilities)\n  File \"/opt/hostedtoolcache/Python/3.11.9/x64/lib/python3.11/site-packages/selenium/webdriver/remote/webdriver.py\", line 299, in start_session\n    response = self.execute(Command.NEW_SESSION, caps)[\"value\"]\n               ^^^^^^^^^^^^^^^^^^^^^^^^^^^^^^^^^^^^^^^\n  File \"/opt/hostedtoolcache/Python/3.11.9/x64/lib/python3.11/site-packages/selenium/webdriver/remote/webdriver.py\", line 354, in execute\n    self.error_handler.check_response(response)\n  File \"/opt/hostedtoolcache/Python/3.11.9/x64/lib/python3.11/site-packages/selenium/webdriver/remote/errorhandler.py\", line 229, in check_response\n    raise exception_class(message, screen, stacktrace)\n","steps":[],"attachments":[],"parameters":[],"shouldDisplayMessage":true,"stepsCount":0,"attachmentsCount":0,"hasContent":true}],"afterStages":[],"labels":[{"name":"subSuite","value":"7. Негативные проверки для диапазона"},{"name":"suite","value":"SignIn Email"},{"name":"parentSuite","value":"authorization.tests"},{"name":"host","value":"fv-az1247-936"},{"name":"thread","value":"2739-MainThread"},{"name":"framework","value":"pytest"},{"name":"language","value":"cpython3"},{"name":"package","value":"authorization.tests.test_signin"},{"name":"resultFormat","value":"allure2"}],"parameters":[{"name":"description","value":"'Длина доменного имени 65 символов'"},{"name":"email","value":"'email@exampleexampleexampleexampleexampleexampleexampleexampleexampleex.com'"},{"name":"language","value":"'pt'"}],"links":[],"hidden":false,"retry":false,"extra":{"severity":"normal","retries":[],"categories":[{"name":"Test defects","matchedStatuses":[],"flaky":false}],"history":{"statistic":{"failed":0,"broken":2,"skipped":0,"passed":8,"unknown":0,"total":10},"items":[{"uid":"57dd74a621ebb560","reportUrl":"https://konstantingerasimovwork.github.io/motherhash/106//#testresult/57dd74a621ebb560","status":"passed","time":{"start":1724504591544,"stop":1724504592702,"duration":1158}},{"uid":"54fbd26da1d73e5","reportUrl":"https://konstantingerasimovwork.github.io/motherhash/105//#testresult/54fbd26da1d73e5","status":"passed","time":{"start":1724486334815,"stop":1724486336438,"duration":1623}},{"uid":"4c4a885057629ee","reportUrl":"https://konstantingerasimovwork.github.io/motherhash/104//#testresult/4c4a885057629ee","status":"broken","statusDetails":"selenium.common.exceptions.SessionNotCreatedException: Message: session not created: Chrome failed to start: exited normally.\n  (session not created: DevToolsActivePort file doesn't exist)\n  (The process started from chrome location /usr/bin/google-chrome is no longer running, so ChromeDriver is assuming that Chrome has crashed.)\nStacktrace:\n#0 0x562a42e406ca <unknown>\n#1 0x562a42b11600 <unknown>\n#2 0x562a42b49485 <unknown>\n#3 0x562a42b452f8 <unknown>\n#4 0x562a42b8fce8 <unknown>\n#5 0x562a42b83643 <unknown>\n#6 0x562a42b53d31 <unknown>\n#7 0x562a42b5479e <unknown>\n#8 0x562a42e0825b <unknown>\n#9 0x562a42e0c1f2 <unknown>\n#10 0x562a42df5615 <unknown>\n#11 0x562a42e0cd82 <unknown>\n#12 0x562a42dda25f <unknown>\n#13 0x562a42e2fe68 <unknown>\n#14 0x562a42e30040 <unknown>\n#15 0x562a42e3f49c <unknown>\n#16 0x7f68f3e94ac3 <unknown>","time":{"start":1724485925633,"stop":1724485925633,"duration":0}},{"uid":"d7b79c0ceb4c45c4","reportUrl":"https://konstantingerasimovwork.github.io/motherhash/103//#testresult/d7b79c0ceb4c45c4","status":"passed","time":{"start":1724425613610,"stop":1724425615247,"duration":1637}},{"uid":"15e323e8cbdba9eb","reportUrl":"https://konstantingerasimovwork.github.io/motherhash/102//#testresult/15e323e8cbdba9eb","status":"passed","time":{"start":1724423297873,"stop":1724423299522,"duration":1649}},{"uid":"3298dd36f0028e49","reportUrl":"https://konstantingerasimovwork.github.io/motherhash/101//#testresult/3298dd36f0028e49","status":"passed","time":{"start":1724418264739,"stop":1724418265888,"duration":1149}},{"uid":"3aa2bca2638085e3","reportUrl":"https://konstantingerasimovwork.github.io/motherhash/100//#testresult/3aa2bca2638085e3","status":"passed","time":{"start":1724406804688,"stop":1724406806336,"duration":1648}},{"uid":"921a635c7d5adf05","reportUrl":"https://konstantingerasimovwork.github.io/motherhash/99//#testresult/921a635c7d5adf05","status":"passed","time":{"start":1724404558750,"stop":1724404559866,"duration":1116}},{"uid":"ecebe13153a31f34","reportUrl":"https://konstantingerasimovwork.github.io/motherhash/98//#testresult/ecebe13153a31f34","status":"passed","time":{"start":1724402306698,"stop":1724402308346,"duration":1648}}]},"tags":[]},"source":"91a45f7756730546.json","parameterValues":["'Длина доменного имени 65 символов'","'email@exampleexampleexampleexampleexampleexampleexampleexampleexampleex.com'","'pt'"]}