{"uid":"a253e409aa9970cf","name":"test_invalid_email_range_en[ru-emailemailemailemailemailemailemailemailemailemailemailemailemail@example.com-\\u0414\\u043b\\u0438\\u043d\\u043d\\u0430 \\u043b\\u043e\\u043a\\u0430\\u043b\\u044c\\u043d\\u043e\\u0433\\u043e \\u0438\\u043c\\u0435\\u043d\\u0438 65 \\u0441\\u0438\\u043c\\u0432\\u043e\\u043b\\u043e\\u0432]","fullName":"authorization.tests.test_signin.TestSignInEmail#test_invalid_email_range_en","historyId":"75c88df3b0915dcda3de471ce4b5af14","time":{"start":1724590709616,"stop":1724590709616,"duration":0},"status":"broken","statusMessage":"selenium.common.exceptions.SessionNotCreatedException: Message: session not created: Chrome failed to start: exited normally.\n  (session not created: DevToolsActivePort file doesn't exist)\n  (The process started from chrome location /usr/bin/google-chrome is no longer running, so ChromeDriver is assuming that Chrome has crashed.)\nStacktrace:\n#0 0x55ba043646ca <unknown>\n#1 0x55ba04035600 <unknown>\n#2 0x55ba0406d485 <unknown>\n#3 0x55ba040692f8 <unknown>\n#4 0x55ba040b3ce8 <unknown>\n#5 0x55ba040a7643 <unknown>\n#6 0x55ba04077d31 <unknown>\n#7 0x55ba0407879e <unknown>\n#8 0x55ba0432c25b <unknown>\n#9 0x55ba043301f2 <unknown>\n#10 0x55ba04319615 <unknown>\n#11 0x55ba04330d82 <unknown>\n#12 0x55ba042fe25f <unknown>\n#13 0x55ba04353e68 <unknown>\n#14 0x55ba04354040 <unknown>\n#15 0x55ba0436349c <unknown>\n#16 0x7f1541694ac3 <unknown>","statusTrace":"@pytest.fixture(scope=\"function\")\n    @allure.title('Инициализация драйвера Chrome')\n    def browser():\n        options = Options()\n        # options.add_argument(\"--headless\")\n        options.add_argument('--window-size=1920,1080')\n>       browser = webdriver.Chrome(options=options)\n\nconftest.py:41: \n_ _ _ _ _ _ _ _ _ _ _ _ _ _ _ _ _ _ _ _ _ _ _ _ _ _ _ _ _ _ _ _ _ _ _ _ _ _ _ _ \n/opt/hostedtoolcache/Python/3.11.9/x64/lib/python3.11/site-packages/selenium/webdriver/chrome/webdriver.py:45: in __init__\n    super().__init__(\n/opt/hostedtoolcache/Python/3.11.9/x64/lib/python3.11/site-packages/selenium/webdriver/chromium/webdriver.py:66: in __init__\n    super().__init__(command_executor=executor, options=options)\n/opt/hostedtoolcache/Python/3.11.9/x64/lib/python3.11/site-packages/selenium/webdriver/remote/webdriver.py:212: in __init__\n    self.start_session(capabilities)\n/opt/hostedtoolcache/Python/3.11.9/x64/lib/python3.11/site-packages/selenium/webdriver/remote/webdriver.py:299: in start_session\n    response = self.execute(Command.NEW_SESSION, caps)[\"value\"]\n/opt/hostedtoolcache/Python/3.11.9/x64/lib/python3.11/site-packages/selenium/webdriver/remote/webdriver.py:354: in execute\n    self.error_handler.check_response(response)\n_ _ _ _ _ _ _ _ _ _ _ _ _ _ _ _ _ _ _ _ _ _ _ _ _ _ _ _ _ _ _ _ _ _ _ _ _ _ _ _ \n\nself = <selenium.webdriver.remote.errorhandler.ErrorHandler object at 0x7f7a4da2ff10>\nresponse = {'status': 500, 'value': '{\"value\":{\"error\":\"session not created\",\"message\":\"session not created: Chrome failed to sta...\\\\n#14 0x55ba04354040 \\\\u003Cunknown>\\\\n#15 0x55ba0436349c \\\\u003Cunknown>\\\\n#16 0x7f1541694ac3 \\\\u003Cunknown>\\\\n\"}}'}\n\n    def check_response(self, response: Dict[str, Any]) -> None:\n        \"\"\"Checks that a JSON response from the WebDriver does not have an\n        error.\n    \n        :Args:\n         - response - The JSON response from the WebDriver server as a dictionary\n           object.\n    \n        :Raises: If the response contains an error message.\n        \"\"\"\n        status = response.get(\"status\", None)\n        if not status or status == ErrorCode.SUCCESS:\n            return\n        value = None\n        message = response.get(\"message\", \"\")\n        screen: str = response.get(\"screen\", \"\")\n        stacktrace = None\n        if isinstance(status, int):\n            value_json = response.get(\"value\", None)\n            if value_json and isinstance(value_json, str):\n                import json\n    \n                try:\n                    value = json.loads(value_json)\n                    if len(value) == 1:\n                        value = value[\"value\"]\n                    status = value.get(\"error\", None)\n                    if not status:\n                        status = value.get(\"status\", ErrorCode.UNKNOWN_ERROR)\n                        message = value.get(\"value\") or value.get(\"message\")\n                        if not isinstance(message, str):\n                            value = message\n                            message = message.get(\"message\")\n                    else:\n                        message = value.get(\"message\", None)\n                except ValueError:\n                    pass\n    \n        exception_class: Type[WebDriverException]\n        e = ErrorCode()\n        error_codes = [item for item in dir(e) if not item.startswith(\"__\")]\n        for error_code in error_codes:\n            error_info = getattr(ErrorCode, error_code)\n            if isinstance(error_info, list) and status in error_info:\n                exception_class = getattr(ExceptionMapping, error_code, WebDriverException)\n                break\n        else:\n            exception_class = WebDriverException\n    \n        if not value:\n            value = response[\"value\"]\n        if isinstance(value, str):\n            raise exception_class(value)\n        if message == \"\" and \"message\" in value:\n            message = value[\"message\"]\n    \n        screen = None  # type: ignore[assignment]\n        if \"screen\" in value:\n            screen = value[\"screen\"]\n    \n        stacktrace = None\n        st_value = value.get(\"stackTrace\") or value.get(\"stacktrace\")\n        if st_value:\n            if isinstance(st_value, str):\n                stacktrace = st_value.split(\"\\n\")\n            else:\n                stacktrace = []\n                try:\n                    for frame in st_value:\n                        line = frame.get(\"lineNumber\", \"\")\n                        file = frame.get(\"fileName\", \"<anonymous>\")\n                        if line:\n                            file = f\"{file}:{line}\"\n                        meth = frame.get(\"methodName\", \"<anonymous>\")\n                        if \"className\" in frame:\n                            meth = f\"{frame['className']}.{meth}\"\n                        msg = \"    at %s (%s)\"\n                        msg = msg % (meth, file)\n                        stacktrace.append(msg)\n                except TypeError:\n                    pass\n        if exception_class == UnexpectedAlertPresentException:\n            alert_text = None\n            if \"data\" in value:\n                alert_text = value[\"data\"].get(\"text\")\n            elif \"alert\" in value:\n                alert_text = value[\"alert\"].get(\"text\")\n            raise exception_class(message, screen, stacktrace, alert_text)  # type: ignore[call-arg]  # mypy is not smart enough here\n>       raise exception_class(message, screen, stacktrace)\nE       selenium.common.exceptions.SessionNotCreatedException: Message: session not created: Chrome failed to start: exited normally.\nE         (session not created: DevToolsActivePort file doesn't exist)\nE         (The process started from chrome location /usr/bin/google-chrome is no longer running, so ChromeDriver is assuming that Chrome has crashed.)\nE       Stacktrace:\nE       #0 0x55ba043646ca <unknown>\nE       #1 0x55ba04035600 <unknown>\nE       #2 0x55ba0406d485 <unknown>\nE       #3 0x55ba040692f8 <unknown>\nE       #4 0x55ba040b3ce8 <unknown>\nE       #5 0x55ba040a7643 <unknown>\nE       #6 0x55ba04077d31 <unknown>\nE       #7 0x55ba0407879e <unknown>\nE       #8 0x55ba0432c25b <unknown>\nE       #9 0x55ba043301f2 <unknown>\nE       #10 0x55ba04319615 <unknown>\nE       #11 0x55ba04330d82 <unknown>\nE       #12 0x55ba042fe25f <unknown>\nE       #13 0x55ba04353e68 <unknown>\nE       #14 0x55ba04354040 <unknown>\nE       #15 0x55ba0436349c <unknown>\nE       #16 0x7f1541694ac3 <unknown>\n\n/opt/hostedtoolcache/Python/3.11.9/x64/lib/python3.11/site-packages/selenium/webdriver/remote/errorhandler.py:229: SessionNotCreatedException","flaky":false,"newFailed":false,"newBroken":true,"newPassed":false,"retriesCount":0,"retriesStatusChange":false,"beforeStages":[{"name":"_session_faker","time":{"start":1724590696972,"stop":1724590697001,"duration":29},"status":"passed","steps":[],"attachments":[],"parameters":[],"shouldDisplayMessage":false,"stepsCount":0,"attachmentsCount":0,"hasContent":false},{"name":"Инициализация драйвера Chrome","time":{"start":1724590709616,"stop":1724590709801,"duration":185},"status":"broken","statusMessage":"selenium.common.exceptions.SessionNotCreatedException: Message: session not created: Chrome failed to start: exited normally.\n  (session not created: DevToolsActivePort file doesn't exist)\n  (The process started from chrome location /usr/bin/google-chrome is no longer running, so ChromeDriver is assuming that Chrome has crashed.)\nStacktrace:\n#0 0x55ba043646ca <unknown>\n#1 0x55ba04035600 <unknown>\n#2 0x55ba0406d485 <unknown>\n#3 0x55ba040692f8 <unknown>\n#4 0x55ba040b3ce8 <unknown>\n#5 0x55ba040a7643 <unknown>\n#6 0x55ba04077d31 <unknown>\n#7 0x55ba0407879e <unknown>\n#8 0x55ba0432c25b <unknown>\n#9 0x55ba043301f2 <unknown>\n#10 0x55ba04319615 <unknown>\n#11 0x55ba04330d82 <unknown>\n#12 0x55ba042fe25f <unknown>\n#13 0x55ba04353e68 <unknown>\n#14 0x55ba04354040 <unknown>\n#15 0x55ba0436349c <unknown>\n#16 0x7f1541694ac3 <unknown>\n\n","statusTrace":"  File \"/opt/hostedtoolcache/Python/3.11.9/x64/lib/python3.11/site-packages/pluggy/_callers.py\", line 103, in _multicall\n    res = hook_impl.function(*args)\n          ^^^^^^^^^^^^^^^^^^^^^^^^^\n  File \"/opt/hostedtoolcache/Python/3.11.9/x64/lib/python3.11/site-packages/_pytest/fixtures.py\", line 1123, in pytest_fixture_setup\n    result = call_fixture_func(fixturefunc, request, kwargs)\n             ^^^^^^^^^^^^^^^^^^^^^^^^^^^^^^^^^^^^^^^^^^^^^^^\n  File \"/opt/hostedtoolcache/Python/3.11.9/x64/lib/python3.11/site-packages/_pytest/fixtures.py\", line 895, in call_fixture_func\n    fixture_result = next(generator)\n                     ^^^^^^^^^^^^^^^\n  File \"/home/runner/work/motherhash/motherhash/conftest.py\", line 41, in browser\n    browser = webdriver.Chrome(options=options)\n              ^^^^^^^^^^^^^^^^^^^^^^^^^^^^^^^^^\n  File \"/opt/hostedtoolcache/Python/3.11.9/x64/lib/python3.11/site-packages/selenium/webdriver/chrome/webdriver.py\", line 45, in __init__\n    super().__init__(\n  File \"/opt/hostedtoolcache/Python/3.11.9/x64/lib/python3.11/site-packages/selenium/webdriver/chromium/webdriver.py\", line 66, in __init__\n    super().__init__(command_executor=executor, options=options)\n  File \"/opt/hostedtoolcache/Python/3.11.9/x64/lib/python3.11/site-packages/selenium/webdriver/remote/webdriver.py\", line 212, in __init__\n    self.start_session(capabilities)\n  File \"/opt/hostedtoolcache/Python/3.11.9/x64/lib/python3.11/site-packages/selenium/webdriver/remote/webdriver.py\", line 299, in start_session\n    response = self.execute(Command.NEW_SESSION, caps)[\"value\"]\n               ^^^^^^^^^^^^^^^^^^^^^^^^^^^^^^^^^^^^^^^\n  File \"/opt/hostedtoolcache/Python/3.11.9/x64/lib/python3.11/site-packages/selenium/webdriver/remote/webdriver.py\", line 354, in execute\n    self.error_handler.check_response(response)\n  File \"/opt/hostedtoolcache/Python/3.11.9/x64/lib/python3.11/site-packages/selenium/webdriver/remote/errorhandler.py\", line 229, in check_response\n    raise exception_class(message, screen, stacktrace)\n","steps":[],"attachments":[],"parameters":[],"shouldDisplayMessage":true,"stepsCount":0,"attachmentsCount":0,"hasContent":true}],"afterStages":[],"labels":[{"name":"subSuite","value":"7. Негативные проверки для диапазона"},{"name":"suite","value":"SignIn Email"},{"name":"parentSuite","value":"authorization.tests"},{"name":"host","value":"fv-az1247-936"},{"name":"thread","value":"2739-MainThread"},{"name":"framework","value":"pytest"},{"name":"language","value":"cpython3"},{"name":"package","value":"authorization.tests.test_signin"},{"name":"resultFormat","value":"allure2"}],"parameters":[{"name":"description","value":"'Длинна локального имени 65 символов'"},{"name":"email","value":"'emailemailemailemailemailemailemailemailemailemailemailemailemail@example.com'"},{"name":"language","value":"'ru'"}],"links":[],"hidden":false,"retry":false,"extra":{"severity":"normal","retries":[],"categories":[{"name":"Test defects","matchedStatuses":[],"flaky":false}],"history":{"statistic":{"failed":0,"broken":2,"skipped":0,"passed":8,"unknown":0,"total":10},"items":[{"uid":"1d1e3299b5191a1f","reportUrl":"https://konstantingerasimovwork.github.io/motherhash/106//#testresult/1d1e3299b5191a1f","status":"passed","time":{"start":1724504565334,"stop":1724504566491,"duration":1157}},{"uid":"c40a5f0b26b240f0","reportUrl":"https://konstantingerasimovwork.github.io/motherhash/105//#testresult/c40a5f0b26b240f0","status":"passed","time":{"start":1724486308666,"stop":1724486310292,"duration":1626}},{"uid":"20f7732889e62e26","reportUrl":"https://konstantingerasimovwork.github.io/motherhash/104//#testresult/20f7732889e62e26","status":"broken","statusDetails":"selenium.common.exceptions.SessionNotCreatedException: Message: session not created: Chrome failed to start: exited normally.\n  (session not created: DevToolsActivePort file doesn't exist)\n  (The process started from chrome location /usr/bin/google-chrome is no longer running, so ChromeDriver is assuming that Chrome has crashed.)\nStacktrace:\n#0 0x5638c910e6ca <unknown>\n#1 0x5638c8ddf600 <unknown>\n#2 0x5638c8e17485 <unknown>\n#3 0x5638c8e132f8 <unknown>\n#4 0x5638c8e5dce8 <unknown>\n#5 0x5638c8e51643 <unknown>\n#6 0x5638c8e21d31 <unknown>\n#7 0x5638c8e2279e <unknown>\n#8 0x5638c90d625b <unknown>\n#9 0x5638c90da1f2 <unknown>\n#10 0x5638c90c3615 <unknown>\n#11 0x5638c90dad82 <unknown>\n#12 0x5638c90a825f <unknown>\n#13 0x5638c90fde68 <unknown>\n#14 0x5638c90fe040 <unknown>\n#15 0x5638c910d49c <unknown>\n#16 0x7f441c694ac3 <unknown>","time":{"start":1724485924147,"stop":1724485924147,"duration":0}},{"uid":"c3a7a23ac5c62ea1","reportUrl":"https://konstantingerasimovwork.github.io/motherhash/103//#testresult/c3a7a23ac5c62ea1","status":"passed","time":{"start":1724425586978,"stop":1724425588635,"duration":1657}},{"uid":"584397833c57eb30","reportUrl":"https://konstantingerasimovwork.github.io/motherhash/102//#testresult/584397833c57eb30","status":"passed","time":{"start":1724423271539,"stop":1724423272692,"duration":1153}},{"uid":"7c0c52e4720fbd6e","reportUrl":"https://konstantingerasimovwork.github.io/motherhash/101//#testresult/7c0c52e4720fbd6e","status":"passed","time":{"start":1724418237477,"stop":1724418238640,"duration":1163}},{"uid":"d2605bc7102293b0","reportUrl":"https://konstantingerasimovwork.github.io/motherhash/100//#testresult/d2605bc7102293b0","status":"passed","time":{"start":1724406778103,"stop":1724406779230,"duration":1127}},{"uid":"6f35bbb3f6d20099","reportUrl":"https://konstantingerasimovwork.github.io/motherhash/99//#testresult/6f35bbb3f6d20099","status":"passed","time":{"start":1724404534738,"stop":1724404536377,"duration":1639}},{"uid":"3c09d84ad5b69498","reportUrl":"https://konstantingerasimovwork.github.io/motherhash/98//#testresult/3c09d84ad5b69498","status":"passed","time":{"start":1724402281681,"stop":1724402283330,"duration":1649}}]},"tags":[]},"source":"a253e409aa9970cf.json","parameterValues":["'Длинна локального имени 65 символов'","'emailemailemailemailemailemailemailemailemailemailemailemailemail@example.com'","'ru'"]}