{"uid":"ac6b8390d7fa0cb6","name":"test_invalid_email_range_en[en-email@exampleexampleexampleexampleexampleexampleexampleexampleexamplee.com-\\u0414\\u043b\\u0438\\u043d\\u0430 \\u0434\\u043e\\u043c\\u0435\\u043d\\u043d\\u043e\\u0433\\u043e \\u0438\\u043c\\u0435\\u043d\\u0438 64 \\u0441\\u0438\\u043c\\u0432\\u043e\\u043b\\u0430]","fullName":"authorization.tests.test_signin.TestSignInEmail#test_invalid_email_range_en","historyId":"2783fac27544c19c5a6fed26ee3a657a","time":{"start":1724590709166,"stop":1724590709166,"duration":0},"status":"broken","statusMessage":"selenium.common.exceptions.SessionNotCreatedException: Message: session not created: Chrome failed to start: exited normally.\n  (session not created: DevToolsActivePort file doesn't exist)\n  (The process started from chrome location /usr/bin/google-chrome is no longer running, so ChromeDriver is assuming that Chrome has crashed.)\nStacktrace:\n#0 0x55997ad5a6ca <unknown>\n#1 0x55997aa2b600 <unknown>\n#2 0x55997aa63485 <unknown>\n#3 0x55997aa5f2f8 <unknown>\n#4 0x55997aaa9ce8 <unknown>\n#5 0x55997aa9d643 <unknown>\n#6 0x55997aa6dd31 <unknown>\n#7 0x55997aa6e79e <unknown>\n#8 0x55997ad2225b <unknown>\n#9 0x55997ad261f2 <unknown>\n#10 0x55997ad0f615 <unknown>\n#11 0x55997ad26d82 <unknown>\n#12 0x55997acf425f <unknown>\n#13 0x55997ad49e68 <unknown>\n#14 0x55997ad4a040 <unknown>\n#15 0x55997ad5949c <unknown>\n#16 0x7f6904a94ac3 <unknown>","statusTrace":"@pytest.fixture(scope=\"function\")\n    @allure.title('Инициализация драйвера Chrome')\n    def browser():\n        options = Options()\n        # options.add_argument(\"--headless\")\n        options.add_argument('--window-size=1920,1080')\n>       browser = webdriver.Chrome(options=options)\n\nconftest.py:41: \n_ _ _ _ _ _ _ _ _ _ _ _ _ _ _ _ _ _ _ _ _ _ _ _ _ _ _ _ _ _ _ _ _ _ _ _ _ _ _ _ \n/opt/hostedtoolcache/Python/3.11.9/x64/lib/python3.11/site-packages/selenium/webdriver/chrome/webdriver.py:45: in __init__\n    super().__init__(\n/opt/hostedtoolcache/Python/3.11.9/x64/lib/python3.11/site-packages/selenium/webdriver/chromium/webdriver.py:66: in __init__\n    super().__init__(command_executor=executor, options=options)\n/opt/hostedtoolcache/Python/3.11.9/x64/lib/python3.11/site-packages/selenium/webdriver/remote/webdriver.py:212: in __init__\n    self.start_session(capabilities)\n/opt/hostedtoolcache/Python/3.11.9/x64/lib/python3.11/site-packages/selenium/webdriver/remote/webdriver.py:299: in start_session\n    response = self.execute(Command.NEW_SESSION, caps)[\"value\"]\n/opt/hostedtoolcache/Python/3.11.9/x64/lib/python3.11/site-packages/selenium/webdriver/remote/webdriver.py:354: in execute\n    self.error_handler.check_response(response)\n_ _ _ _ _ _ _ _ _ _ _ _ _ _ _ _ _ _ _ _ _ _ _ _ _ _ _ _ _ _ _ _ _ _ _ _ _ _ _ _ \n\nself = <selenium.webdriver.remote.errorhandler.ErrorHandler object at 0x7f7a4d9dc9d0>\nresponse = {'status': 500, 'value': '{\"value\":{\"error\":\"session not created\",\"message\":\"session not created: Chrome failed to sta...\\\\n#14 0x55997ad4a040 \\\\u003Cunknown>\\\\n#15 0x55997ad5949c \\\\u003Cunknown>\\\\n#16 0x7f6904a94ac3 \\\\u003Cunknown>\\\\n\"}}'}\n\n    def check_response(self, response: Dict[str, Any]) -> None:\n        \"\"\"Checks that a JSON response from the WebDriver does not have an\n        error.\n    \n        :Args:\n         - response - The JSON response from the WebDriver server as a dictionary\n           object.\n    \n        :Raises: If the response contains an error message.\n        \"\"\"\n        status = response.get(\"status\", None)\n        if not status or status == ErrorCode.SUCCESS:\n            return\n        value = None\n        message = response.get(\"message\", \"\")\n        screen: str = response.get(\"screen\", \"\")\n        stacktrace = None\n        if isinstance(status, int):\n            value_json = response.get(\"value\", None)\n            if value_json and isinstance(value_json, str):\n                import json\n    \n                try:\n                    value = json.loads(value_json)\n                    if len(value) == 1:\n                        value = value[\"value\"]\n                    status = value.get(\"error\", None)\n                    if not status:\n                        status = value.get(\"status\", ErrorCode.UNKNOWN_ERROR)\n                        message = value.get(\"value\") or value.get(\"message\")\n                        if not isinstance(message, str):\n                            value = message\n                            message = message.get(\"message\")\n                    else:\n                        message = value.get(\"message\", None)\n                except ValueError:\n                    pass\n    \n        exception_class: Type[WebDriverException]\n        e = ErrorCode()\n        error_codes = [item for item in dir(e) if not item.startswith(\"__\")]\n        for error_code in error_codes:\n            error_info = getattr(ErrorCode, error_code)\n            if isinstance(error_info, list) and status in error_info:\n                exception_class = getattr(ExceptionMapping, error_code, WebDriverException)\n                break\n        else:\n            exception_class = WebDriverException\n    \n        if not value:\n            value = response[\"value\"]\n        if isinstance(value, str):\n            raise exception_class(value)\n        if message == \"\" and \"message\" in value:\n            message = value[\"message\"]\n    \n        screen = None  # type: ignore[assignment]\n        if \"screen\" in value:\n            screen = value[\"screen\"]\n    \n        stacktrace = None\n        st_value = value.get(\"stackTrace\") or value.get(\"stacktrace\")\n        if st_value:\n            if isinstance(st_value, str):\n                stacktrace = st_value.split(\"\\n\")\n            else:\n                stacktrace = []\n                try:\n                    for frame in st_value:\n                        line = frame.get(\"lineNumber\", \"\")\n                        file = frame.get(\"fileName\", \"<anonymous>\")\n                        if line:\n                            file = f\"{file}:{line}\"\n                        meth = frame.get(\"methodName\", \"<anonymous>\")\n                        if \"className\" in frame:\n                            meth = f\"{frame['className']}.{meth}\"\n                        msg = \"    at %s (%s)\"\n                        msg = msg % (meth, file)\n                        stacktrace.append(msg)\n                except TypeError:\n                    pass\n        if exception_class == UnexpectedAlertPresentException:\n            alert_text = None\n            if \"data\" in value:\n                alert_text = value[\"data\"].get(\"text\")\n            elif \"alert\" in value:\n                alert_text = value[\"alert\"].get(\"text\")\n            raise exception_class(message, screen, stacktrace, alert_text)  # type: ignore[call-arg]  # mypy is not smart enough here\n>       raise exception_class(message, screen, stacktrace)\nE       selenium.common.exceptions.SessionNotCreatedException: Message: session not created: Chrome failed to start: exited normally.\nE         (session not created: DevToolsActivePort file doesn't exist)\nE         (The process started from chrome location /usr/bin/google-chrome is no longer running, so ChromeDriver is assuming that Chrome has crashed.)\nE       Stacktrace:\nE       #0 0x55997ad5a6ca <unknown>\nE       #1 0x55997aa2b600 <unknown>\nE       #2 0x55997aa63485 <unknown>\nE       #3 0x55997aa5f2f8 <unknown>\nE       #4 0x55997aaa9ce8 <unknown>\nE       #5 0x55997aa9d643 <unknown>\nE       #6 0x55997aa6dd31 <unknown>\nE       #7 0x55997aa6e79e <unknown>\nE       #8 0x55997ad2225b <unknown>\nE       #9 0x55997ad261f2 <unknown>\nE       #10 0x55997ad0f615 <unknown>\nE       #11 0x55997ad26d82 <unknown>\nE       #12 0x55997acf425f <unknown>\nE       #13 0x55997ad49e68 <unknown>\nE       #14 0x55997ad4a040 <unknown>\nE       #15 0x55997ad5949c <unknown>\nE       #16 0x7f6904a94ac3 <unknown>\n\n/opt/hostedtoolcache/Python/3.11.9/x64/lib/python3.11/site-packages/selenium/webdriver/remote/errorhandler.py:229: SessionNotCreatedException","flaky":false,"newFailed":false,"newBroken":true,"newPassed":false,"retriesCount":0,"retriesStatusChange":false,"beforeStages":[{"name":"_session_faker","time":{"start":1724590696972,"stop":1724590697001,"duration":29},"status":"passed","steps":[],"attachments":[],"parameters":[],"shouldDisplayMessage":false,"stepsCount":0,"attachmentsCount":0,"hasContent":false},{"name":"Инициализация драйвера Chrome","time":{"start":1724590709166,"stop":1724590709353,"duration":187},"status":"broken","statusMessage":"selenium.common.exceptions.SessionNotCreatedException: Message: session not created: Chrome failed to start: exited normally.\n  (session not created: DevToolsActivePort file doesn't exist)\n  (The process started from chrome location /usr/bin/google-chrome is no longer running, so ChromeDriver is assuming that Chrome has crashed.)\nStacktrace:\n#0 0x55997ad5a6ca <unknown>\n#1 0x55997aa2b600 <unknown>\n#2 0x55997aa63485 <unknown>\n#3 0x55997aa5f2f8 <unknown>\n#4 0x55997aaa9ce8 <unknown>\n#5 0x55997aa9d643 <unknown>\n#6 0x55997aa6dd31 <unknown>\n#7 0x55997aa6e79e <unknown>\n#8 0x55997ad2225b <unknown>\n#9 0x55997ad261f2 <unknown>\n#10 0x55997ad0f615 <unknown>\n#11 0x55997ad26d82 <unknown>\n#12 0x55997acf425f <unknown>\n#13 0x55997ad49e68 <unknown>\n#14 0x55997ad4a040 <unknown>\n#15 0x55997ad5949c <unknown>\n#16 0x7f6904a94ac3 <unknown>\n\n","statusTrace":"  File \"/opt/hostedtoolcache/Python/3.11.9/x64/lib/python3.11/site-packages/pluggy/_callers.py\", line 103, in _multicall\n    res = hook_impl.function(*args)\n          ^^^^^^^^^^^^^^^^^^^^^^^^^\n  File \"/opt/hostedtoolcache/Python/3.11.9/x64/lib/python3.11/site-packages/_pytest/fixtures.py\", line 1123, in pytest_fixture_setup\n    result = call_fixture_func(fixturefunc, request, kwargs)\n             ^^^^^^^^^^^^^^^^^^^^^^^^^^^^^^^^^^^^^^^^^^^^^^^\n  File \"/opt/hostedtoolcache/Python/3.11.9/x64/lib/python3.11/site-packages/_pytest/fixtures.py\", line 895, in call_fixture_func\n    fixture_result = next(generator)\n                     ^^^^^^^^^^^^^^^\n  File \"/home/runner/work/motherhash/motherhash/conftest.py\", line 41, in browser\n    browser = webdriver.Chrome(options=options)\n              ^^^^^^^^^^^^^^^^^^^^^^^^^^^^^^^^^\n  File \"/opt/hostedtoolcache/Python/3.11.9/x64/lib/python3.11/site-packages/selenium/webdriver/chrome/webdriver.py\", line 45, in __init__\n    super().__init__(\n  File \"/opt/hostedtoolcache/Python/3.11.9/x64/lib/python3.11/site-packages/selenium/webdriver/chromium/webdriver.py\", line 66, in __init__\n    super().__init__(command_executor=executor, options=options)\n  File \"/opt/hostedtoolcache/Python/3.11.9/x64/lib/python3.11/site-packages/selenium/webdriver/remote/webdriver.py\", line 212, in __init__\n    self.start_session(capabilities)\n  File \"/opt/hostedtoolcache/Python/3.11.9/x64/lib/python3.11/site-packages/selenium/webdriver/remote/webdriver.py\", line 299, in start_session\n    response = self.execute(Command.NEW_SESSION, caps)[\"value\"]\n               ^^^^^^^^^^^^^^^^^^^^^^^^^^^^^^^^^^^^^^^\n  File \"/opt/hostedtoolcache/Python/3.11.9/x64/lib/python3.11/site-packages/selenium/webdriver/remote/webdriver.py\", line 354, in execute\n    self.error_handler.check_response(response)\n  File \"/opt/hostedtoolcache/Python/3.11.9/x64/lib/python3.11/site-packages/selenium/webdriver/remote/errorhandler.py\", line 229, in check_response\n    raise exception_class(message, screen, stacktrace)\n","steps":[],"attachments":[],"parameters":[],"shouldDisplayMessage":true,"stepsCount":0,"attachmentsCount":0,"hasContent":true}],"afterStages":[],"labels":[{"name":"subSuite","value":"7. Негативные проверки для диапазона"},{"name":"suite","value":"SignIn Email"},{"name":"parentSuite","value":"authorization.tests"},{"name":"host","value":"fv-az1247-936"},{"name":"thread","value":"2739-MainThread"},{"name":"framework","value":"pytest"},{"name":"language","value":"cpython3"},{"name":"package","value":"authorization.tests.test_signin"},{"name":"resultFormat","value":"allure2"}],"parameters":[{"name":"description","value":"'Длина доменного имени 64 символа'"},{"name":"email","value":"'email@exampleexampleexampleexampleexampleexampleexampleexampleexamplee.com'"},{"name":"language","value":"'en'"}],"links":[],"hidden":false,"retry":false,"extra":{"severity":"normal","retries":[],"categories":[{"name":"Test defects","matchedStatuses":[],"flaky":false}],"history":{"statistic":{"failed":0,"broken":2,"skipped":0,"passed":8,"unknown":0,"total":10},"items":[{"uid":"d00e6ef94507ef0b","reportUrl":"https://konstantingerasimovwork.github.io/motherhash/106//#testresult/d00e6ef94507ef0b","status":"passed","time":{"start":1724504556898,"stop":1724504558541,"duration":1643}},{"uid":"8c45dfba9a265b7","reportUrl":"https://konstantingerasimovwork.github.io/motherhash/105//#testresult/8c45dfba9a265b7","status":"passed","time":{"start":1724486301199,"stop":1724486302815,"duration":1616}},{"uid":"6e3a36e6b3547aa0","reportUrl":"https://konstantingerasimovwork.github.io/motherhash/104//#testresult/6e3a36e6b3547aa0","status":"broken","statusDetails":"selenium.common.exceptions.SessionNotCreatedException: Message: session not created: Chrome failed to start: exited normally.\n  (session not created: DevToolsActivePort file doesn't exist)\n  (The process started from chrome location /usr/bin/google-chrome is no longer running, so ChromeDriver is assuming that Chrome has crashed.)\nStacktrace:\n#0 0x55fe82a336ca <unknown>\n#1 0x55fe82704600 <unknown>\n#2 0x55fe8273c485 <unknown>\n#3 0x55fe827382f8 <unknown>\n#4 0x55fe82782ce8 <unknown>\n#5 0x55fe82776643 <unknown>\n#6 0x55fe82746d31 <unknown>\n#7 0x55fe8274779e <unknown>\n#8 0x55fe829fb25b <unknown>\n#9 0x55fe829ff1f2 <unknown>\n#10 0x55fe829e8615 <unknown>\n#11 0x55fe829ffd82 <unknown>\n#12 0x55fe829cd25f <unknown>\n#13 0x55fe82a22e68 <unknown>\n#14 0x55fe82a23040 <unknown>\n#15 0x55fe82a3249c <unknown>\n#16 0x7fcc1bc94ac3 <unknown>","time":{"start":1724485923707,"stop":1724485923707,"duration":0}},{"uid":"58206d3a392e30d6","reportUrl":"https://konstantingerasimovwork.github.io/motherhash/103//#testresult/58206d3a392e30d6","status":"passed","time":{"start":1724425579569,"stop":1724425580723,"duration":1154}},{"uid":"2cc8eac19ec7e9d4","reportUrl":"https://konstantingerasimovwork.github.io/motherhash/102//#testresult/2cc8eac19ec7e9d4","status":"passed","time":{"start":1724423263095,"stop":1724423264746,"duration":1651}},{"uid":"33b6b18ef4a0bc65","reportUrl":"https://konstantingerasimovwork.github.io/motherhash/101//#testresult/33b6b18ef4a0bc65","status":"passed","time":{"start":1724418229597,"stop":1724418231254,"duration":1657}},{"uid":"2c615e1466997267","reportUrl":"https://konstantingerasimovwork.github.io/motherhash/100//#testresult/2c615e1466997267","status":"passed","time":{"start":1724406769764,"stop":1724406771398,"duration":1634}},{"uid":"9ba53233ac3a30c9","reportUrl":"https://konstantingerasimovwork.github.io/motherhash/99//#testresult/9ba53233ac3a30c9","status":"passed","time":{"start":1724404527175,"stop":1724404528804,"duration":1629}},{"uid":"d39a777dcf431458","reportUrl":"https://konstantingerasimovwork.github.io/motherhash/98//#testresult/d39a777dcf431458","status":"passed","time":{"start":1724402274125,"stop":1724402275754,"duration":1629}}]},"tags":[]},"source":"ac6b8390d7fa0cb6.json","parameterValues":["'Длина доменного имени 64 символа'","'email@exampleexampleexampleexampleexampleexampleexampleexampleexamplee.com'","'en'"]}