{"uid":"b7b5e4833fc5daec","name":"test_invalid_email_range_en[en-emailemailemailemailemailemailemailemailemailemailemailemailemail@example.com-\\u0414\\u043b\\u0438\\u043d\\u043d\\u0430 \\u043b\\u043e\\u043a\\u0430\\u043b\\u044c\\u043d\\u043e\\u0433\\u043e \\u0438\\u043c\\u0435\\u043d\\u0438 65 \\u0441\\u0438\\u043c\\u0432\\u043e\\u043b\\u043e\\u0432]","fullName":"authorization.tests.test_signin.TestSignInEmail#test_invalid_email_range_en","historyId":"5b21c9db7d13cfb657db39185febb25c","time":{"start":1724590708734,"stop":1724590708734,"duration":0},"status":"broken","statusMessage":"selenium.common.exceptions.SessionNotCreatedException: Message: session not created: Chrome failed to start: exited normally.\n  (session not created: DevToolsActivePort file doesn't exist)\n  (The process started from chrome location /usr/bin/google-chrome is no longer running, so ChromeDriver is assuming that Chrome has crashed.)\nStacktrace:\n#0 0x5611fdc5a6ca <unknown>\n#1 0x5611fd92b600 <unknown>\n#2 0x5611fd963485 <unknown>\n#3 0x5611fd95f2f8 <unknown>\n#4 0x5611fd9a9ce8 <unknown>\n#5 0x5611fd99d643 <unknown>\n#6 0x5611fd96dd31 <unknown>\n#7 0x5611fd96e79e <unknown>\n#8 0x5611fdc2225b <unknown>\n#9 0x5611fdc261f2 <unknown>\n#10 0x5611fdc0f615 <unknown>\n#11 0x5611fdc26d82 <unknown>\n#12 0x5611fdbf425f <unknown>\n#13 0x5611fdc49e68 <unknown>\n#14 0x5611fdc4a040 <unknown>\n#15 0x5611fdc5949c <unknown>\n#16 0x7fa499494ac3 <unknown>","statusTrace":"@pytest.fixture(scope=\"function\")\n    @allure.title('Инициализация драйвера Chrome')\n    def browser():\n        options = Options()\n        # options.add_argument(\"--headless\")\n        options.add_argument('--window-size=1920,1080')\n>       browser = webdriver.Chrome(options=options)\n\nconftest.py:41: \n_ _ _ _ _ _ _ _ _ _ _ _ _ _ _ _ _ _ _ _ _ _ _ _ _ _ _ _ _ _ _ _ _ _ _ _ _ _ _ _ \n/opt/hostedtoolcache/Python/3.11.9/x64/lib/python3.11/site-packages/selenium/webdriver/chrome/webdriver.py:45: in __init__\n    super().__init__(\n/opt/hostedtoolcache/Python/3.11.9/x64/lib/python3.11/site-packages/selenium/webdriver/chromium/webdriver.py:66: in __init__\n    super().__init__(command_executor=executor, options=options)\n/opt/hostedtoolcache/Python/3.11.9/x64/lib/python3.11/site-packages/selenium/webdriver/remote/webdriver.py:212: in __init__\n    self.start_session(capabilities)\n/opt/hostedtoolcache/Python/3.11.9/x64/lib/python3.11/site-packages/selenium/webdriver/remote/webdriver.py:299: in start_session\n    response = self.execute(Command.NEW_SESSION, caps)[\"value\"]\n/opt/hostedtoolcache/Python/3.11.9/x64/lib/python3.11/site-packages/selenium/webdriver/remote/webdriver.py:354: in execute\n    self.error_handler.check_response(response)\n_ _ _ _ _ _ _ _ _ _ _ _ _ _ _ _ _ _ _ _ _ _ _ _ _ _ _ _ _ _ _ _ _ _ _ _ _ _ _ _ \n\nself = <selenium.webdriver.remote.errorhandler.ErrorHandler object at 0x7f7a4d38add0>\nresponse = {'status': 500, 'value': '{\"value\":{\"error\":\"session not created\",\"message\":\"session not created: Chrome failed to sta...\\\\n#14 0x5611fdc4a040 \\\\u003Cunknown>\\\\n#15 0x5611fdc5949c \\\\u003Cunknown>\\\\n#16 0x7fa499494ac3 \\\\u003Cunknown>\\\\n\"}}'}\n\n    def check_response(self, response: Dict[str, Any]) -> None:\n        \"\"\"Checks that a JSON response from the WebDriver does not have an\n        error.\n    \n        :Args:\n         - response - The JSON response from the WebDriver server as a dictionary\n           object.\n    \n        :Raises: If the response contains an error message.\n        \"\"\"\n        status = response.get(\"status\", None)\n        if not status or status == ErrorCode.SUCCESS:\n            return\n        value = None\n        message = response.get(\"message\", \"\")\n        screen: str = response.get(\"screen\", \"\")\n        stacktrace = None\n        if isinstance(status, int):\n            value_json = response.get(\"value\", None)\n            if value_json and isinstance(value_json, str):\n                import json\n    \n                try:\n                    value = json.loads(value_json)\n                    if len(value) == 1:\n                        value = value[\"value\"]\n                    status = value.get(\"error\", None)\n                    if not status:\n                        status = value.get(\"status\", ErrorCode.UNKNOWN_ERROR)\n                        message = value.get(\"value\") or value.get(\"message\")\n                        if not isinstance(message, str):\n                            value = message\n                            message = message.get(\"message\")\n                    else:\n                        message = value.get(\"message\", None)\n                except ValueError:\n                    pass\n    \n        exception_class: Type[WebDriverException]\n        e = ErrorCode()\n        error_codes = [item for item in dir(e) if not item.startswith(\"__\")]\n        for error_code in error_codes:\n            error_info = getattr(ErrorCode, error_code)\n            if isinstance(error_info, list) and status in error_info:\n                exception_class = getattr(ExceptionMapping, error_code, WebDriverException)\n                break\n        else:\n            exception_class = WebDriverException\n    \n        if not value:\n            value = response[\"value\"]\n        if isinstance(value, str):\n            raise exception_class(value)\n        if message == \"\" and \"message\" in value:\n            message = value[\"message\"]\n    \n        screen = None  # type: ignore[assignment]\n        if \"screen\" in value:\n            screen = value[\"screen\"]\n    \n        stacktrace = None\n        st_value = value.get(\"stackTrace\") or value.get(\"stacktrace\")\n        if st_value:\n            if isinstance(st_value, str):\n                stacktrace = st_value.split(\"\\n\")\n            else:\n                stacktrace = []\n                try:\n                    for frame in st_value:\n                        line = frame.get(\"lineNumber\", \"\")\n                        file = frame.get(\"fileName\", \"<anonymous>\")\n                        if line:\n                            file = f\"{file}:{line}\"\n                        meth = frame.get(\"methodName\", \"<anonymous>\")\n                        if \"className\" in frame:\n                            meth = f\"{frame['className']}.{meth}\"\n                        msg = \"    at %s (%s)\"\n                        msg = msg % (meth, file)\n                        stacktrace.append(msg)\n                except TypeError:\n                    pass\n        if exception_class == UnexpectedAlertPresentException:\n            alert_text = None\n            if \"data\" in value:\n                alert_text = value[\"data\"].get(\"text\")\n            elif \"alert\" in value:\n                alert_text = value[\"alert\"].get(\"text\")\n            raise exception_class(message, screen, stacktrace, alert_text)  # type: ignore[call-arg]  # mypy is not smart enough here\n>       raise exception_class(message, screen, stacktrace)\nE       selenium.common.exceptions.SessionNotCreatedException: Message: session not created: Chrome failed to start: exited normally.\nE         (session not created: DevToolsActivePort file doesn't exist)\nE         (The process started from chrome location /usr/bin/google-chrome is no longer running, so ChromeDriver is assuming that Chrome has crashed.)\nE       Stacktrace:\nE       #0 0x5611fdc5a6ca <unknown>\nE       #1 0x5611fd92b600 <unknown>\nE       #2 0x5611fd963485 <unknown>\nE       #3 0x5611fd95f2f8 <unknown>\nE       #4 0x5611fd9a9ce8 <unknown>\nE       #5 0x5611fd99d643 <unknown>\nE       #6 0x5611fd96dd31 <unknown>\nE       #7 0x5611fd96e79e <unknown>\nE       #8 0x5611fdc2225b <unknown>\nE       #9 0x5611fdc261f2 <unknown>\nE       #10 0x5611fdc0f615 <unknown>\nE       #11 0x5611fdc26d82 <unknown>\nE       #12 0x5611fdbf425f <unknown>\nE       #13 0x5611fdc49e68 <unknown>\nE       #14 0x5611fdc4a040 <unknown>\nE       #15 0x5611fdc5949c <unknown>\nE       #16 0x7fa499494ac3 <unknown>\n\n/opt/hostedtoolcache/Python/3.11.9/x64/lib/python3.11/site-packages/selenium/webdriver/remote/errorhandler.py:229: SessionNotCreatedException","flaky":false,"newFailed":false,"newBroken":true,"newPassed":false,"retriesCount":0,"retriesStatusChange":false,"beforeStages":[{"name":"_session_faker","time":{"start":1724590696972,"stop":1724590697001,"duration":29},"status":"passed","steps":[],"attachments":[],"parameters":[],"shouldDisplayMessage":false,"stepsCount":0,"attachmentsCount":0,"hasContent":false},{"name":"Инициализация драйвера Chrome","time":{"start":1724590708735,"stop":1724590708919,"duration":184},"status":"broken","statusMessage":"selenium.common.exceptions.SessionNotCreatedException: Message: session not created: Chrome failed to start: exited normally.\n  (session not created: DevToolsActivePort file doesn't exist)\n  (The process started from chrome location /usr/bin/google-chrome is no longer running, so ChromeDriver is assuming that Chrome has crashed.)\nStacktrace:\n#0 0x5611fdc5a6ca <unknown>\n#1 0x5611fd92b600 <unknown>\n#2 0x5611fd963485 <unknown>\n#3 0x5611fd95f2f8 <unknown>\n#4 0x5611fd9a9ce8 <unknown>\n#5 0x5611fd99d643 <unknown>\n#6 0x5611fd96dd31 <unknown>\n#7 0x5611fd96e79e <unknown>\n#8 0x5611fdc2225b <unknown>\n#9 0x5611fdc261f2 <unknown>\n#10 0x5611fdc0f615 <unknown>\n#11 0x5611fdc26d82 <unknown>\n#12 0x5611fdbf425f <unknown>\n#13 0x5611fdc49e68 <unknown>\n#14 0x5611fdc4a040 <unknown>\n#15 0x5611fdc5949c <unknown>\n#16 0x7fa499494ac3 <unknown>\n\n","statusTrace":"  File \"/opt/hostedtoolcache/Python/3.11.9/x64/lib/python3.11/site-packages/pluggy/_callers.py\", line 103, in _multicall\n    res = hook_impl.function(*args)\n          ^^^^^^^^^^^^^^^^^^^^^^^^^\n  File \"/opt/hostedtoolcache/Python/3.11.9/x64/lib/python3.11/site-packages/_pytest/fixtures.py\", line 1123, in pytest_fixture_setup\n    result = call_fixture_func(fixturefunc, request, kwargs)\n             ^^^^^^^^^^^^^^^^^^^^^^^^^^^^^^^^^^^^^^^^^^^^^^^\n  File \"/opt/hostedtoolcache/Python/3.11.9/x64/lib/python3.11/site-packages/_pytest/fixtures.py\", line 895, in call_fixture_func\n    fixture_result = next(generator)\n                     ^^^^^^^^^^^^^^^\n  File \"/home/runner/work/motherhash/motherhash/conftest.py\", line 41, in browser\n    browser = webdriver.Chrome(options=options)\n              ^^^^^^^^^^^^^^^^^^^^^^^^^^^^^^^^^\n  File \"/opt/hostedtoolcache/Python/3.11.9/x64/lib/python3.11/site-packages/selenium/webdriver/chrome/webdriver.py\", line 45, in __init__\n    super().__init__(\n  File \"/opt/hostedtoolcache/Python/3.11.9/x64/lib/python3.11/site-packages/selenium/webdriver/chromium/webdriver.py\", line 66, in __init__\n    super().__init__(command_executor=executor, options=options)\n  File \"/opt/hostedtoolcache/Python/3.11.9/x64/lib/python3.11/site-packages/selenium/webdriver/remote/webdriver.py\", line 212, in __init__\n    self.start_session(capabilities)\n  File \"/opt/hostedtoolcache/Python/3.11.9/x64/lib/python3.11/site-packages/selenium/webdriver/remote/webdriver.py\", line 299, in start_session\n    response = self.execute(Command.NEW_SESSION, caps)[\"value\"]\n               ^^^^^^^^^^^^^^^^^^^^^^^^^^^^^^^^^^^^^^^\n  File \"/opt/hostedtoolcache/Python/3.11.9/x64/lib/python3.11/site-packages/selenium/webdriver/remote/webdriver.py\", line 354, in execute\n    self.error_handler.check_response(response)\n  File \"/opt/hostedtoolcache/Python/3.11.9/x64/lib/python3.11/site-packages/selenium/webdriver/remote/errorhandler.py\", line 229, in check_response\n    raise exception_class(message, screen, stacktrace)\n","steps":[],"attachments":[],"parameters":[],"shouldDisplayMessage":true,"stepsCount":0,"attachmentsCount":0,"hasContent":true}],"afterStages":[],"labels":[{"name":"subSuite","value":"7. Негативные проверки для диапазона"},{"name":"suite","value":"SignIn Email"},{"name":"parentSuite","value":"authorization.tests"},{"name":"host","value":"fv-az1247-936"},{"name":"thread","value":"2739-MainThread"},{"name":"framework","value":"pytest"},{"name":"language","value":"cpython3"},{"name":"package","value":"authorization.tests.test_signin"},{"name":"resultFormat","value":"allure2"}],"parameters":[{"name":"description","value":"'Длинна локального имени 65 символов'"},{"name":"email","value":"'emailemailemailemailemailemailemailemailemailemailemailemailemail@example.com'"},{"name":"language","value":"'en'"}],"links":[],"hidden":false,"retry":false,"extra":{"severity":"normal","retries":[],"categories":[{"name":"Test defects","matchedStatuses":[],"flaky":false}],"history":{"statistic":{"failed":0,"broken":2,"skipped":0,"passed":8,"unknown":0,"total":10},"items":[{"uid":"cfa792f5a137bf3a","reportUrl":"https://konstantingerasimovwork.github.io/motherhash/106//#testresult/cfa792f5a137bf3a","status":"passed","time":{"start":1724504548993,"stop":1724504550680,"duration":1687}},{"uid":"9164c45f28893236","reportUrl":"https://konstantingerasimovwork.github.io/motherhash/105//#testresult/9164c45f28893236","status":"passed","time":{"start":1724486293768,"stop":1724486295388,"duration":1620}},{"uid":"1eadc1cfc0c6264e","reportUrl":"https://konstantingerasimovwork.github.io/motherhash/104//#testresult/1eadc1cfc0c6264e","status":"broken","statusDetails":"selenium.common.exceptions.SessionNotCreatedException: Message: session not created: Chrome failed to start: exited normally.\n  (session not created: DevToolsActivePort file doesn't exist)\n  (The process started from chrome location /usr/bin/google-chrome is no longer running, so ChromeDriver is assuming that Chrome has crashed.)\nStacktrace:\n#0 0x55c5dcb8d6ca <unknown>\n#1 0x55c5dc85e600 <unknown>\n#2 0x55c5dc896485 <unknown>\n#3 0x55c5dc8922f8 <unknown>\n#4 0x55c5dc8dcce8 <unknown>\n#5 0x55c5dc8d0643 <unknown>\n#6 0x55c5dc8a0d31 <unknown>\n#7 0x55c5dc8a179e <unknown>\n#8 0x55c5dcb5525b <unknown>\n#9 0x55c5dcb591f2 <unknown>\n#10 0x55c5dcb42615 <unknown>\n#11 0x55c5dcb59d82 <unknown>\n#12 0x55c5dcb2725f <unknown>\n#13 0x55c5dcb7ce68 <unknown>\n#14 0x55c5dcb7d040 <unknown>\n#15 0x55c5dcb8c49c <unknown>\n#16 0x7ff8efa94ac3 <unknown>","time":{"start":1724485923282,"stop":1724485923282,"duration":0}},{"uid":"9911ce8dad9b3d54","reportUrl":"https://konstantingerasimovwork.github.io/motherhash/103//#testresult/9911ce8dad9b3d54","status":"passed","time":{"start":1724425571630,"stop":1724425573303,"duration":1673}},{"uid":"385503db8ac49aae","reportUrl":"https://konstantingerasimovwork.github.io/motherhash/102//#testresult/385503db8ac49aae","status":"passed","time":{"start":1724423256199,"stop":1724423257352,"duration":1153}},{"uid":"5277f8695151f475","reportUrl":"https://konstantingerasimovwork.github.io/motherhash/101//#testresult/5277f8695151f475","status":"passed","time":{"start":1724418222187,"stop":1724418223338,"duration":1151}},{"uid":"809621bfceb6ba98","reportUrl":"https://konstantingerasimovwork.github.io/motherhash/100//#testresult/809621bfceb6ba98","status":"passed","time":{"start":1724406761962,"stop":1724406763591,"duration":1629}},{"uid":"77aa16c4f6710c8a","reportUrl":"https://konstantingerasimovwork.github.io/motherhash/99//#testresult/77aa16c4f6710c8a","status":"passed","time":{"start":1724404519576,"stop":1724404521210,"duration":1634}},{"uid":"b46241240fab0579","reportUrl":"https://konstantingerasimovwork.github.io/motherhash/98//#testresult/b46241240fab0579","status":"passed","time":{"start":1724402266062,"stop":1724402267697,"duration":1635}}]},"tags":[]},"source":"b7b5e4833fc5daec.json","parameterValues":["'Длинна локального имени 65 символов'","'emailemailemailemailemailemailemailemailemailemailemailemailemail@example.com'","'en'"]}