{"uid":"c1b48347619f3059","name":"test_invalid_email_range_en[ru-email@exampleexampleexampleexampleexampleexampleexampleexampleexampleex.com-\\u0414\\u043b\\u0438\\u043d\\u0430 \\u0434\\u043e\\u043c\\u0435\\u043d\\u043d\\u043e\\u0433\\u043e \\u0438\\u043c\\u0435\\u043d\\u0438 65 \\u0441\\u0438\\u043c\\u0432\\u043e\\u043b\\u043e\\u0432]","fullName":"authorization.tests.test_signin.TestSignInEmail#test_invalid_email_range_en","historyId":"1c4e470dcc7908c6d86cfdc504fe9a94","time":{"start":1724590710262,"stop":1724590710262,"duration":0},"status":"broken","statusMessage":"selenium.common.exceptions.SessionNotCreatedException: Message: session not created: Chrome failed to start: exited normally.\n  (session not created: DevToolsActivePort file doesn't exist)\n  (The process started from chrome location /usr/bin/google-chrome is no longer running, so ChromeDriver is assuming that Chrome has crashed.)\nStacktrace:\n#0 0x55a1867d46ca <unknown>\n#1 0x55a1864a5600 <unknown>\n#2 0x55a1864dd485 <unknown>\n#3 0x55a1864d92f8 <unknown>\n#4 0x55a186523ce8 <unknown>\n#5 0x55a186517643 <unknown>\n#6 0x55a1864e7d31 <unknown>\n#7 0x55a1864e879e <unknown>\n#8 0x55a18679c25b <unknown>\n#9 0x55a1867a01f2 <unknown>\n#10 0x55a186789615 <unknown>\n#11 0x55a1867a0d82 <unknown>\n#12 0x55a18676e25f <unknown>\n#13 0x55a1867c3e68 <unknown>\n#14 0x55a1867c4040 <unknown>\n#15 0x55a1867d349c <unknown>\n#16 0x7f406d894ac3 <unknown>","statusTrace":"@pytest.fixture(scope=\"function\")\n    @allure.title('Инициализация драйвера Chrome')\n    def browser():\n        options = Options()\n        # options.add_argument(\"--headless\")\n        options.add_argument('--window-size=1920,1080')\n>       browser = webdriver.Chrome(options=options)\n\nconftest.py:41: \n_ _ _ _ _ _ _ _ _ _ _ _ _ _ _ _ _ _ _ _ _ _ _ _ _ _ _ _ _ _ _ _ _ _ _ _ _ _ _ _ \n/opt/hostedtoolcache/Python/3.11.9/x64/lib/python3.11/site-packages/selenium/webdriver/chrome/webdriver.py:45: in __init__\n    super().__init__(\n/opt/hostedtoolcache/Python/3.11.9/x64/lib/python3.11/site-packages/selenium/webdriver/chromium/webdriver.py:66: in __init__\n    super().__init__(command_executor=executor, options=options)\n/opt/hostedtoolcache/Python/3.11.9/x64/lib/python3.11/site-packages/selenium/webdriver/remote/webdriver.py:212: in __init__\n    self.start_session(capabilities)\n/opt/hostedtoolcache/Python/3.11.9/x64/lib/python3.11/site-packages/selenium/webdriver/remote/webdriver.py:299: in start_session\n    response = self.execute(Command.NEW_SESSION, caps)[\"value\"]\n/opt/hostedtoolcache/Python/3.11.9/x64/lib/python3.11/site-packages/selenium/webdriver/remote/webdriver.py:354: in execute\n    self.error_handler.check_response(response)\n_ _ _ _ _ _ _ _ _ _ _ _ _ _ _ _ _ _ _ _ _ _ _ _ _ _ _ _ _ _ _ _ _ _ _ _ _ _ _ _ \n\nself = <selenium.webdriver.remote.errorhandler.ErrorHandler object at 0x7f7a4d698750>\nresponse = {'status': 500, 'value': '{\"value\":{\"error\":\"session not created\",\"message\":\"session not created: Chrome failed to sta...\\\\n#14 0x55a1867c4040 \\\\u003Cunknown>\\\\n#15 0x55a1867d349c \\\\u003Cunknown>\\\\n#16 0x7f406d894ac3 \\\\u003Cunknown>\\\\n\"}}'}\n\n    def check_response(self, response: Dict[str, Any]) -> None:\n        \"\"\"Checks that a JSON response from the WebDriver does not have an\n        error.\n    \n        :Args:\n         - response - The JSON response from the WebDriver server as a dictionary\n           object.\n    \n        :Raises: If the response contains an error message.\n        \"\"\"\n        status = response.get(\"status\", None)\n        if not status or status == ErrorCode.SUCCESS:\n            return\n        value = None\n        message = response.get(\"message\", \"\")\n        screen: str = response.get(\"screen\", \"\")\n        stacktrace = None\n        if isinstance(status, int):\n            value_json = response.get(\"value\", None)\n            if value_json and isinstance(value_json, str):\n                import json\n    \n                try:\n                    value = json.loads(value_json)\n                    if len(value) == 1:\n                        value = value[\"value\"]\n                    status = value.get(\"error\", None)\n                    if not status:\n                        status = value.get(\"status\", ErrorCode.UNKNOWN_ERROR)\n                        message = value.get(\"value\") or value.get(\"message\")\n                        if not isinstance(message, str):\n                            value = message\n                            message = message.get(\"message\")\n                    else:\n                        message = value.get(\"message\", None)\n                except ValueError:\n                    pass\n    \n        exception_class: Type[WebDriverException]\n        e = ErrorCode()\n        error_codes = [item for item in dir(e) if not item.startswith(\"__\")]\n        for error_code in error_codes:\n            error_info = getattr(ErrorCode, error_code)\n            if isinstance(error_info, list) and status in error_info:\n                exception_class = getattr(ExceptionMapping, error_code, WebDriverException)\n                break\n        else:\n            exception_class = WebDriverException\n    \n        if not value:\n            value = response[\"value\"]\n        if isinstance(value, str):\n            raise exception_class(value)\n        if message == \"\" and \"message\" in value:\n            message = value[\"message\"]\n    \n        screen = None  # type: ignore[assignment]\n        if \"screen\" in value:\n            screen = value[\"screen\"]\n    \n        stacktrace = None\n        st_value = value.get(\"stackTrace\") or value.get(\"stacktrace\")\n        if st_value:\n            if isinstance(st_value, str):\n                stacktrace = st_value.split(\"\\n\")\n            else:\n                stacktrace = []\n                try:\n                    for frame in st_value:\n                        line = frame.get(\"lineNumber\", \"\")\n                        file = frame.get(\"fileName\", \"<anonymous>\")\n                        if line:\n                            file = f\"{file}:{line}\"\n                        meth = frame.get(\"methodName\", \"<anonymous>\")\n                        if \"className\" in frame:\n                            meth = f\"{frame['className']}.{meth}\"\n                        msg = \"    at %s (%s)\"\n                        msg = msg % (meth, file)\n                        stacktrace.append(msg)\n                except TypeError:\n                    pass\n        if exception_class == UnexpectedAlertPresentException:\n            alert_text = None\n            if \"data\" in value:\n                alert_text = value[\"data\"].get(\"text\")\n            elif \"alert\" in value:\n                alert_text = value[\"alert\"].get(\"text\")\n            raise exception_class(message, screen, stacktrace, alert_text)  # type: ignore[call-arg]  # mypy is not smart enough here\n>       raise exception_class(message, screen, stacktrace)\nE       selenium.common.exceptions.SessionNotCreatedException: Message: session not created: Chrome failed to start: exited normally.\nE         (session not created: DevToolsActivePort file doesn't exist)\nE         (The process started from chrome location /usr/bin/google-chrome is no longer running, so ChromeDriver is assuming that Chrome has crashed.)\nE       Stacktrace:\nE       #0 0x55a1867d46ca <unknown>\nE       #1 0x55a1864a5600 <unknown>\nE       #2 0x55a1864dd485 <unknown>\nE       #3 0x55a1864d92f8 <unknown>\nE       #4 0x55a186523ce8 <unknown>\nE       #5 0x55a186517643 <unknown>\nE       #6 0x55a1864e7d31 <unknown>\nE       #7 0x55a1864e879e <unknown>\nE       #8 0x55a18679c25b <unknown>\nE       #9 0x55a1867a01f2 <unknown>\nE       #10 0x55a186789615 <unknown>\nE       #11 0x55a1867a0d82 <unknown>\nE       #12 0x55a18676e25f <unknown>\nE       #13 0x55a1867c3e68 <unknown>\nE       #14 0x55a1867c4040 <unknown>\nE       #15 0x55a1867d349c <unknown>\nE       #16 0x7f406d894ac3 <unknown>\n\n/opt/hostedtoolcache/Python/3.11.9/x64/lib/python3.11/site-packages/selenium/webdriver/remote/errorhandler.py:229: SessionNotCreatedException","flaky":false,"newFailed":false,"newBroken":true,"newPassed":false,"retriesCount":0,"retriesStatusChange":false,"beforeStages":[{"name":"_session_faker","time":{"start":1724590696972,"stop":1724590697001,"duration":29},"status":"passed","steps":[],"attachments":[],"parameters":[],"shouldDisplayMessage":false,"stepsCount":0,"attachmentsCount":0,"hasContent":false},{"name":"Инициализация драйвера Chrome","time":{"start":1724590710262,"stop":1724590710446,"duration":184},"status":"broken","statusMessage":"selenium.common.exceptions.SessionNotCreatedException: Message: session not created: Chrome failed to start: exited normally.\n  (session not created: DevToolsActivePort file doesn't exist)\n  (The process started from chrome location /usr/bin/google-chrome is no longer running, so ChromeDriver is assuming that Chrome has crashed.)\nStacktrace:\n#0 0x55a1867d46ca <unknown>\n#1 0x55a1864a5600 <unknown>\n#2 0x55a1864dd485 <unknown>\n#3 0x55a1864d92f8 <unknown>\n#4 0x55a186523ce8 <unknown>\n#5 0x55a186517643 <unknown>\n#6 0x55a1864e7d31 <unknown>\n#7 0x55a1864e879e <unknown>\n#8 0x55a18679c25b <unknown>\n#9 0x55a1867a01f2 <unknown>\n#10 0x55a186789615 <unknown>\n#11 0x55a1867a0d82 <unknown>\n#12 0x55a18676e25f <unknown>\n#13 0x55a1867c3e68 <unknown>\n#14 0x55a1867c4040 <unknown>\n#15 0x55a1867d349c <unknown>\n#16 0x7f406d894ac3 <unknown>\n\n","statusTrace":"  File \"/opt/hostedtoolcache/Python/3.11.9/x64/lib/python3.11/site-packages/pluggy/_callers.py\", line 103, in _multicall\n    res = hook_impl.function(*args)\n          ^^^^^^^^^^^^^^^^^^^^^^^^^\n  File \"/opt/hostedtoolcache/Python/3.11.9/x64/lib/python3.11/site-packages/_pytest/fixtures.py\", line 1123, in pytest_fixture_setup\n    result = call_fixture_func(fixturefunc, request, kwargs)\n             ^^^^^^^^^^^^^^^^^^^^^^^^^^^^^^^^^^^^^^^^^^^^^^^\n  File \"/opt/hostedtoolcache/Python/3.11.9/x64/lib/python3.11/site-packages/_pytest/fixtures.py\", line 895, in call_fixture_func\n    fixture_result = next(generator)\n                     ^^^^^^^^^^^^^^^\n  File \"/home/runner/work/motherhash/motherhash/conftest.py\", line 41, in browser\n    browser = webdriver.Chrome(options=options)\n              ^^^^^^^^^^^^^^^^^^^^^^^^^^^^^^^^^\n  File \"/opt/hostedtoolcache/Python/3.11.9/x64/lib/python3.11/site-packages/selenium/webdriver/chrome/webdriver.py\", line 45, in __init__\n    super().__init__(\n  File \"/opt/hostedtoolcache/Python/3.11.9/x64/lib/python3.11/site-packages/selenium/webdriver/chromium/webdriver.py\", line 66, in __init__\n    super().__init__(command_executor=executor, options=options)\n  File \"/opt/hostedtoolcache/Python/3.11.9/x64/lib/python3.11/site-packages/selenium/webdriver/remote/webdriver.py\", line 212, in __init__\n    self.start_session(capabilities)\n  File \"/opt/hostedtoolcache/Python/3.11.9/x64/lib/python3.11/site-packages/selenium/webdriver/remote/webdriver.py\", line 299, in start_session\n    response = self.execute(Command.NEW_SESSION, caps)[\"value\"]\n               ^^^^^^^^^^^^^^^^^^^^^^^^^^^^^^^^^^^^^^^\n  File \"/opt/hostedtoolcache/Python/3.11.9/x64/lib/python3.11/site-packages/selenium/webdriver/remote/webdriver.py\", line 354, in execute\n    self.error_handler.check_response(response)\n  File \"/opt/hostedtoolcache/Python/3.11.9/x64/lib/python3.11/site-packages/selenium/webdriver/remote/errorhandler.py\", line 229, in check_response\n    raise exception_class(message, screen, stacktrace)\n","steps":[],"attachments":[],"parameters":[],"shouldDisplayMessage":true,"stepsCount":0,"attachmentsCount":0,"hasContent":true}],"afterStages":[],"labels":[{"name":"subSuite","value":"7. Негативные проверки для диапазона"},{"name":"suite","value":"SignIn Email"},{"name":"parentSuite","value":"authorization.tests"},{"name":"host","value":"fv-az1247-936"},{"name":"thread","value":"2739-MainThread"},{"name":"framework","value":"pytest"},{"name":"language","value":"cpython3"},{"name":"package","value":"authorization.tests.test_signin"},{"name":"resultFormat","value":"allure2"}],"parameters":[{"name":"description","value":"'Длина доменного имени 65 символов'"},{"name":"email","value":"'email@exampleexampleexampleexampleexampleexampleexampleexampleexampleex.com'"},{"name":"language","value":"'ru'"}],"links":[],"hidden":false,"retry":false,"extra":{"severity":"normal","retries":[],"categories":[{"name":"Test defects","matchedStatuses":[],"flaky":false}],"history":{"statistic":{"failed":0,"broken":2,"skipped":0,"passed":8,"unknown":0,"total":10},"items":[{"uid":"93d3c6ca4342d3b0","reportUrl":"https://konstantingerasimovwork.github.io/motherhash/106//#testresult/93d3c6ca4342d3b0","status":"passed","time":{"start":1724504575695,"stop":1724504577352,"duration":1657}},{"uid":"112275e50b1ff742","reportUrl":"https://konstantingerasimovwork.github.io/motherhash/105//#testresult/112275e50b1ff742","status":"passed","time":{"start":1724486319868,"stop":1724486321487,"duration":1619}},{"uid":"6d33481623c5b9fe","reportUrl":"https://konstantingerasimovwork.github.io/motherhash/104//#testresult/6d33481623c5b9fe","status":"broken","statusDetails":"selenium.common.exceptions.SessionNotCreatedException: Message: session not created: Chrome failed to start: exited normally.\n  (session not created: DevToolsActivePort file doesn't exist)\n  (The process started from chrome location /usr/bin/google-chrome is no longer running, so ChromeDriver is assuming that Chrome has crashed.)\nStacktrace:\n#0 0x55c5766c66ca <unknown>\n#1 0x55c576397600 <unknown>\n#2 0x55c5763cf485 <unknown>\n#3 0x55c5763cb2f8 <unknown>\n#4 0x55c576415ce8 <unknown>\n#5 0x55c576409643 <unknown>\n#6 0x55c5763d9d31 <unknown>\n#7 0x55c5763da79e <unknown>\n#8 0x55c57668e25b <unknown>\n#9 0x55c5766921f2 <unknown>\n#10 0x55c57667b615 <unknown>\n#11 0x55c576692d82 <unknown>\n#12 0x55c57666025f <unknown>\n#13 0x55c5766b5e68 <unknown>\n#14 0x55c5766b6040 <unknown>\n#15 0x55c5766c549c <unknown>\n#16 0x7ff739a94ac3 <unknown>","time":{"start":1724485924784,"stop":1724485924784,"duration":0}},{"uid":"d567bf5365eef53e","reportUrl":"https://konstantingerasimovwork.github.io/motherhash/103//#testresult/d567bf5365eef53e","status":"passed","time":{"start":1724425598335,"stop":1724425599987,"duration":1652}},{"uid":"26b5e366e9d549e3","reportUrl":"https://konstantingerasimovwork.github.io/motherhash/102//#testresult/26b5e366e9d549e3","status":"passed","time":{"start":1724423282957,"stop":1724423284169,"duration":1212}},{"uid":"3ed56fac79636cc4","reportUrl":"https://konstantingerasimovwork.github.io/motherhash/101//#testresult/3ed56fac79636cc4","status":"passed","time":{"start":1724418249872,"stop":1724418251032,"duration":1160}},{"uid":"630e89c2da783906","reportUrl":"https://konstantingerasimovwork.github.io/motherhash/100//#testresult/630e89c2da783906","status":"passed","time":{"start":1724406789426,"stop":1724406790558,"duration":1132}},{"uid":"ac31f01053d71b37","reportUrl":"https://konstantingerasimovwork.github.io/motherhash/99//#testresult/ac31f01053d71b37","status":"passed","time":{"start":1724404545114,"stop":1724404546237,"duration":1123}},{"uid":"9d5f36d059d816d","reportUrl":"https://konstantingerasimovwork.github.io/motherhash/98//#testresult/9d5f36d059d816d","status":"passed","time":{"start":1724402292019,"stop":1724402293669,"duration":1650}}]},"tags":[]},"source":"c1b48347619f3059.json","parameterValues":["'Длина доменного имени 65 символов'","'email@exampleexampleexampleexampleexampleexampleexampleexampleexampleex.com'","'ru'"]}