{"uid":"d3555a33e65f646c","name":"test_invalid_email_set_of_values_en[ru-email @example.com-\\u041f\\u0440\\u043e\\u0431\\u0435\\u043b \\u0432 \\u0441\\u0435\\u0440\\u0435\\u0434\\u0438\\u043d\\u0435 \\u0441\\u0442\\u0440\\u043e\\u043a\\u0438]","fullName":"authorization.tests.test_signin.TestSignInEmail#test_invalid_email_set_of_values_en","historyId":"ffef58dc4fb9aa33f29c026e36eec862","time":{"start":1724590705229,"stop":1724590705229,"duration":0},"status":"broken","statusMessage":"selenium.common.exceptions.SessionNotCreatedException: Message: session not created: Chrome failed to start: exited normally.\n  (session not created: DevToolsActivePort file doesn't exist)\n  (The process started from chrome location /usr/bin/google-chrome is no longer running, so ChromeDriver is assuming that Chrome has crashed.)\nStacktrace:\n#0 0x564ff99f76ca <unknown>\n#1 0x564ff96c8600 <unknown>\n#2 0x564ff9700485 <unknown>\n#3 0x564ff96fc2f8 <unknown>\n#4 0x564ff9746ce8 <unknown>\n#5 0x564ff973a643 <unknown>\n#6 0x564ff970ad31 <unknown>\n#7 0x564ff970b79e <unknown>\n#8 0x564ff99bf25b <unknown>\n#9 0x564ff99c31f2 <unknown>\n#10 0x564ff99ac615 <unknown>\n#11 0x564ff99c3d82 <unknown>\n#12 0x564ff999125f <unknown>\n#13 0x564ff99e6e68 <unknown>\n#14 0x564ff99e7040 <unknown>\n#15 0x564ff99f649c <unknown>\n#16 0x7fd424694ac3 <unknown>","statusTrace":"@pytest.fixture(scope=\"function\")\n    @allure.title('Инициализация драйвера Chrome')\n    def browser():\n        options = Options()\n        # options.add_argument(\"--headless\")\n        options.add_argument('--window-size=1920,1080')\n>       browser = webdriver.Chrome(options=options)\n\nconftest.py:41: \n_ _ _ _ _ _ _ _ _ _ _ _ _ _ _ _ _ _ _ _ _ _ _ _ _ _ _ _ _ _ _ _ _ _ _ _ _ _ _ _ \n/opt/hostedtoolcache/Python/3.11.9/x64/lib/python3.11/site-packages/selenium/webdriver/chrome/webdriver.py:45: in __init__\n    super().__init__(\n/opt/hostedtoolcache/Python/3.11.9/x64/lib/python3.11/site-packages/selenium/webdriver/chromium/webdriver.py:66: in __init__\n    super().__init__(command_executor=executor, options=options)\n/opt/hostedtoolcache/Python/3.11.9/x64/lib/python3.11/site-packages/selenium/webdriver/remote/webdriver.py:212: in __init__\n    self.start_session(capabilities)\n/opt/hostedtoolcache/Python/3.11.9/x64/lib/python3.11/site-packages/selenium/webdriver/remote/webdriver.py:299: in start_session\n    response = self.execute(Command.NEW_SESSION, caps)[\"value\"]\n/opt/hostedtoolcache/Python/3.11.9/x64/lib/python3.11/site-packages/selenium/webdriver/remote/webdriver.py:354: in execute\n    self.error_handler.check_response(response)\n_ _ _ _ _ _ _ _ _ _ _ _ _ _ _ _ _ _ _ _ _ _ _ _ _ _ _ _ _ _ _ _ _ _ _ _ _ _ _ _ \n\nself = <selenium.webdriver.remote.errorhandler.ErrorHandler object at 0x7f7a4d6f5dd0>\nresponse = {'status': 500, 'value': '{\"value\":{\"error\":\"session not created\",\"message\":\"session not created: Chrome failed to sta...\\\\n#14 0x564ff99e7040 \\\\u003Cunknown>\\\\n#15 0x564ff99f649c \\\\u003Cunknown>\\\\n#16 0x7fd424694ac3 \\\\u003Cunknown>\\\\n\"}}'}\n\n    def check_response(self, response: Dict[str, Any]) -> None:\n        \"\"\"Checks that a JSON response from the WebDriver does not have an\n        error.\n    \n        :Args:\n         - response - The JSON response from the WebDriver server as a dictionary\n           object.\n    \n        :Raises: If the response contains an error message.\n        \"\"\"\n        status = response.get(\"status\", None)\n        if not status or status == ErrorCode.SUCCESS:\n            return\n        value = None\n        message = response.get(\"message\", \"\")\n        screen: str = response.get(\"screen\", \"\")\n        stacktrace = None\n        if isinstance(status, int):\n            value_json = response.get(\"value\", None)\n            if value_json and isinstance(value_json, str):\n                import json\n    \n                try:\n                    value = json.loads(value_json)\n                    if len(value) == 1:\n                        value = value[\"value\"]\n                    status = value.get(\"error\", None)\n                    if not status:\n                        status = value.get(\"status\", ErrorCode.UNKNOWN_ERROR)\n                        message = value.get(\"value\") or value.get(\"message\")\n                        if not isinstance(message, str):\n                            value = message\n                            message = message.get(\"message\")\n                    else:\n                        message = value.get(\"message\", None)\n                except ValueError:\n                    pass\n    \n        exception_class: Type[WebDriverException]\n        e = ErrorCode()\n        error_codes = [item for item in dir(e) if not item.startswith(\"__\")]\n        for error_code in error_codes:\n            error_info = getattr(ErrorCode, error_code)\n            if isinstance(error_info, list) and status in error_info:\n                exception_class = getattr(ExceptionMapping, error_code, WebDriverException)\n                break\n        else:\n            exception_class = WebDriverException\n    \n        if not value:\n            value = response[\"value\"]\n        if isinstance(value, str):\n            raise exception_class(value)\n        if message == \"\" and \"message\" in value:\n            message = value[\"message\"]\n    \n        screen = None  # type: ignore[assignment]\n        if \"screen\" in value:\n            screen = value[\"screen\"]\n    \n        stacktrace = None\n        st_value = value.get(\"stackTrace\") or value.get(\"stacktrace\")\n        if st_value:\n            if isinstance(st_value, str):\n                stacktrace = st_value.split(\"\\n\")\n            else:\n                stacktrace = []\n                try:\n                    for frame in st_value:\n                        line = frame.get(\"lineNumber\", \"\")\n                        file = frame.get(\"fileName\", \"<anonymous>\")\n                        if line:\n                            file = f\"{file}:{line}\"\n                        meth = frame.get(\"methodName\", \"<anonymous>\")\n                        if \"className\" in frame:\n                            meth = f\"{frame['className']}.{meth}\"\n                        msg = \"    at %s (%s)\"\n                        msg = msg % (meth, file)\n                        stacktrace.append(msg)\n                except TypeError:\n                    pass\n        if exception_class == UnexpectedAlertPresentException:\n            alert_text = None\n            if \"data\" in value:\n                alert_text = value[\"data\"].get(\"text\")\n            elif \"alert\" in value:\n                alert_text = value[\"alert\"].get(\"text\")\n            raise exception_class(message, screen, stacktrace, alert_text)  # type: ignore[call-arg]  # mypy is not smart enough here\n>       raise exception_class(message, screen, stacktrace)\nE       selenium.common.exceptions.SessionNotCreatedException: Message: session not created: Chrome failed to start: exited normally.\nE         (session not created: DevToolsActivePort file doesn't exist)\nE         (The process started from chrome location /usr/bin/google-chrome is no longer running, so ChromeDriver is assuming that Chrome has crashed.)\nE       Stacktrace:\nE       #0 0x564ff99f76ca <unknown>\nE       #1 0x564ff96c8600 <unknown>\nE       #2 0x564ff9700485 <unknown>\nE       #3 0x564ff96fc2f8 <unknown>\nE       #4 0x564ff9746ce8 <unknown>\nE       #5 0x564ff973a643 <unknown>\nE       #6 0x564ff970ad31 <unknown>\nE       #7 0x564ff970b79e <unknown>\nE       #8 0x564ff99bf25b <unknown>\nE       #9 0x564ff99c31f2 <unknown>\nE       #10 0x564ff99ac615 <unknown>\nE       #11 0x564ff99c3d82 <unknown>\nE       #12 0x564ff999125f <unknown>\nE       #13 0x564ff99e6e68 <unknown>\nE       #14 0x564ff99e7040 <unknown>\nE       #15 0x564ff99f649c <unknown>\nE       #16 0x7fd424694ac3 <unknown>\n\n/opt/hostedtoolcache/Python/3.11.9/x64/lib/python3.11/site-packages/selenium/webdriver/remote/errorhandler.py:229: SessionNotCreatedException","flaky":false,"newFailed":false,"newBroken":true,"newPassed":false,"retriesCount":0,"retriesStatusChange":false,"beforeStages":[{"name":"_session_faker","time":{"start":1724590696972,"stop":1724590697001,"duration":29},"status":"passed","steps":[],"attachments":[],"parameters":[],"shouldDisplayMessage":false,"stepsCount":0,"attachmentsCount":0,"hasContent":false},{"name":"Инициализация драйвера Chrome","time":{"start":1724590705229,"stop":1724590705414,"duration":185},"status":"broken","statusMessage":"selenium.common.exceptions.SessionNotCreatedException: Message: session not created: Chrome failed to start: exited normally.\n  (session not created: DevToolsActivePort file doesn't exist)\n  (The process started from chrome location /usr/bin/google-chrome is no longer running, so ChromeDriver is assuming that Chrome has crashed.)\nStacktrace:\n#0 0x564ff99f76ca <unknown>\n#1 0x564ff96c8600 <unknown>\n#2 0x564ff9700485 <unknown>\n#3 0x564ff96fc2f8 <unknown>\n#4 0x564ff9746ce8 <unknown>\n#5 0x564ff973a643 <unknown>\n#6 0x564ff970ad31 <unknown>\n#7 0x564ff970b79e <unknown>\n#8 0x564ff99bf25b <unknown>\n#9 0x564ff99c31f2 <unknown>\n#10 0x564ff99ac615 <unknown>\n#11 0x564ff99c3d82 <unknown>\n#12 0x564ff999125f <unknown>\n#13 0x564ff99e6e68 <unknown>\n#14 0x564ff99e7040 <unknown>\n#15 0x564ff99f649c <unknown>\n#16 0x7fd424694ac3 <unknown>\n\n","statusTrace":"  File \"/opt/hostedtoolcache/Python/3.11.9/x64/lib/python3.11/site-packages/pluggy/_callers.py\", line 103, in _multicall\n    res = hook_impl.function(*args)\n          ^^^^^^^^^^^^^^^^^^^^^^^^^\n  File \"/opt/hostedtoolcache/Python/3.11.9/x64/lib/python3.11/site-packages/_pytest/fixtures.py\", line 1123, in pytest_fixture_setup\n    result = call_fixture_func(fixturefunc, request, kwargs)\n             ^^^^^^^^^^^^^^^^^^^^^^^^^^^^^^^^^^^^^^^^^^^^^^^\n  File \"/opt/hostedtoolcache/Python/3.11.9/x64/lib/python3.11/site-packages/_pytest/fixtures.py\", line 895, in call_fixture_func\n    fixture_result = next(generator)\n                     ^^^^^^^^^^^^^^^\n  File \"/home/runner/work/motherhash/motherhash/conftest.py\", line 41, in browser\n    browser = webdriver.Chrome(options=options)\n              ^^^^^^^^^^^^^^^^^^^^^^^^^^^^^^^^^\n  File \"/opt/hostedtoolcache/Python/3.11.9/x64/lib/python3.11/site-packages/selenium/webdriver/chrome/webdriver.py\", line 45, in __init__\n    super().__init__(\n  File \"/opt/hostedtoolcache/Python/3.11.9/x64/lib/python3.11/site-packages/selenium/webdriver/chromium/webdriver.py\", line 66, in __init__\n    super().__init__(command_executor=executor, options=options)\n  File \"/opt/hostedtoolcache/Python/3.11.9/x64/lib/python3.11/site-packages/selenium/webdriver/remote/webdriver.py\", line 212, in __init__\n    self.start_session(capabilities)\n  File \"/opt/hostedtoolcache/Python/3.11.9/x64/lib/python3.11/site-packages/selenium/webdriver/remote/webdriver.py\", line 299, in start_session\n    response = self.execute(Command.NEW_SESSION, caps)[\"value\"]\n               ^^^^^^^^^^^^^^^^^^^^^^^^^^^^^^^^^^^^^^^\n  File \"/opt/hostedtoolcache/Python/3.11.9/x64/lib/python3.11/site-packages/selenium/webdriver/remote/webdriver.py\", line 354, in execute\n    self.error_handler.check_response(response)\n  File \"/opt/hostedtoolcache/Python/3.11.9/x64/lib/python3.11/site-packages/selenium/webdriver/remote/errorhandler.py\", line 229, in check_response\n    raise exception_class(message, screen, stacktrace)\n","steps":[],"attachments":[],"parameters":[],"shouldDisplayMessage":true,"stepsCount":0,"attachmentsCount":0,"hasContent":true}],"afterStages":[],"labels":[{"name":"suite","value":"SignIn Email"},{"name":"subSuite","value":"6. Негативные проверки для набора значений"},{"name":"parentSuite","value":"authorization.tests"},{"name":"host","value":"fv-az1247-936"},{"name":"thread","value":"2739-MainThread"},{"name":"framework","value":"pytest"},{"name":"language","value":"cpython3"},{"name":"package","value":"authorization.tests.test_signin"},{"name":"resultFormat","value":"allure2"}],"parameters":[{"name":"description","value":"'Пробел в середине строки'"},{"name":"email","value":"'email @example.com'"},{"name":"language","value":"'ru'"}],"links":[],"hidden":false,"retry":false,"extra":{"severity":"normal","retries":[],"categories":[{"name":"Test defects","matchedStatuses":[],"flaky":false}],"history":{"statistic":{"failed":0,"broken":2,"skipped":0,"passed":8,"unknown":0,"total":10},"items":[{"uid":"f442cb487e8d6625","reportUrl":"https://konstantingerasimovwork.github.io/motherhash/106//#testresult/f442cb487e8d6625","status":"passed","time":{"start":1724504489470,"stop":1724504490603,"duration":1133}},{"uid":"7bdcaef664eecb20","reportUrl":"https://konstantingerasimovwork.github.io/motherhash/105//#testresult/7bdcaef664eecb20","status":"passed","time":{"start":1724486234186,"stop":1724486235796,"duration":1610}},{"uid":"a21312e02f547985","reportUrl":"https://konstantingerasimovwork.github.io/motherhash/104//#testresult/a21312e02f547985","status":"broken","statusDetails":"selenium.common.exceptions.SessionNotCreatedException: Message: session not created: Chrome failed to start: exited normally.\n  (session not created: DevToolsActivePort file doesn't exist)\n  (The process started from chrome location /usr/bin/google-chrome is no longer running, so ChromeDriver is assuming that Chrome has crashed.)\nStacktrace:\n#0 0x563a052146ca <unknown>\n#1 0x563a04ee5600 <unknown>\n#2 0x563a04f1d485 <unknown>\n#3 0x563a04f192f8 <unknown>\n#4 0x563a04f63ce8 <unknown>\n#5 0x563a04f57643 <unknown>\n#6 0x563a04f27d31 <unknown>\n#7 0x563a04f2879e <unknown>\n#8 0x563a051dc25b <unknown>\n#9 0x563a051e01f2 <unknown>\n#10 0x563a051c9615 <unknown>\n#11 0x563a051e0d82 <unknown>\n#12 0x563a051ae25f <unknown>\n#13 0x563a05203e68 <unknown>\n#14 0x563a05204040 <unknown>\n#15 0x563a0521349c <unknown>\n#16 0x7f6a22e94ac3 <unknown>","time":{"start":1724485919830,"stop":1724485919830,"duration":0}},{"uid":"9218ba3d9a5a4348","reportUrl":"https://konstantingerasimovwork.github.io/motherhash/103//#testresult/9218ba3d9a5a4348","status":"passed","time":{"start":1724425506506,"stop":1724425508128,"duration":1622}},{"uid":"3c1962c8fff70750","reportUrl":"https://konstantingerasimovwork.github.io/motherhash/102//#testresult/3c1962c8fff70750","status":"passed","time":{"start":1724423195181,"stop":1724423196364,"duration":1183}},{"uid":"937638ee7880ae96","reportUrl":"https://konstantingerasimovwork.github.io/motherhash/101//#testresult/937638ee7880ae96","status":"passed","time":{"start":1724418162650,"stop":1724418164299,"duration":1649}},{"uid":"15ee874fac859df3","reportUrl":"https://konstantingerasimovwork.github.io/motherhash/100//#testresult/15ee874fac859df3","status":"passed","time":{"start":1724406700939,"stop":1724406702056,"duration":1117}},{"uid":"849760329c5fa189","reportUrl":"https://konstantingerasimovwork.github.io/motherhash/99//#testresult/849760329c5fa189","status":"passed","time":{"start":1724404462185,"stop":1724404463292,"duration":1107}},{"uid":"28592c3f1cbb7c2","reportUrl":"https://konstantingerasimovwork.github.io/motherhash/98//#testresult/28592c3f1cbb7c2","status":"passed","time":{"start":1724402206840,"stop":1724402208461,"duration":1621}}]},"tags":[]},"source":"d3555a33e65f646c.json","parameterValues":["'Пробел в середине строки'","'email @example.com'","'ru'"]}