{"uid":"dddc7a83e02a68e","name":"test_enter_registered_password[ru]","fullName":"authorization.tests.test_signin_password.TestSignInPassword#test_enter_registered_password","historyId":"d3e555ad68321083715598b584c8ebd3","time":{"start":1724590714938,"stop":1724590714938,"duration":0},"status":"broken","statusMessage":"selenium.common.exceptions.SessionNotCreatedException: Message: session not created: Chrome failed to start: exited normally.\n  (session not created: DevToolsActivePort file doesn't exist)\n  (The process started from chrome location /usr/bin/google-chrome is no longer running, so ChromeDriver is assuming that Chrome has crashed.)\nStacktrace:\n#0 0x559561ba26ca <unknown>\n#1 0x559561873600 <unknown>\n#2 0x5595618ab485 <unknown>\n#3 0x5595618a72f8 <unknown>\n#4 0x5595618f1ce8 <unknown>\n#5 0x5595618e5643 <unknown>\n#6 0x5595618b5d31 <unknown>\n#7 0x5595618b679e <unknown>\n#8 0x559561b6a25b <unknown>\n#9 0x559561b6e1f2 <unknown>\n#10 0x559561b57615 <unknown>\n#11 0x559561b6ed82 <unknown>\n#12 0x559561b3c25f <unknown>\n#13 0x559561b91e68 <unknown>\n#14 0x559561b92040 <unknown>\n#15 0x559561ba149c <unknown>\n#16 0x7f9675e94ac3 <unknown>","statusTrace":"@pytest.fixture(scope=\"function\")\n    @allure.title('Инициализация драйвера Chrome')\n    def browser():\n        options = Options()\n        # options.add_argument(\"--headless\")\n        options.add_argument('--window-size=1920,1080')\n>       browser = webdriver.Chrome(options=options)\n\nconftest.py:41: \n_ _ _ _ _ _ _ _ _ _ _ _ _ _ _ _ _ _ _ _ _ _ _ _ _ _ _ _ _ _ _ _ _ _ _ _ _ _ _ _ \n/opt/hostedtoolcache/Python/3.11.9/x64/lib/python3.11/site-packages/selenium/webdriver/chrome/webdriver.py:45: in __init__\n    super().__init__(\n/opt/hostedtoolcache/Python/3.11.9/x64/lib/python3.11/site-packages/selenium/webdriver/chromium/webdriver.py:66: in __init__\n    super().__init__(command_executor=executor, options=options)\n/opt/hostedtoolcache/Python/3.11.9/x64/lib/python3.11/site-packages/selenium/webdriver/remote/webdriver.py:212: in __init__\n    self.start_session(capabilities)\n/opt/hostedtoolcache/Python/3.11.9/x64/lib/python3.11/site-packages/selenium/webdriver/remote/webdriver.py:299: in start_session\n    response = self.execute(Command.NEW_SESSION, caps)[\"value\"]\n/opt/hostedtoolcache/Python/3.11.9/x64/lib/python3.11/site-packages/selenium/webdriver/remote/webdriver.py:354: in execute\n    self.error_handler.check_response(response)\n_ _ _ _ _ _ _ _ _ _ _ _ _ _ _ _ _ _ _ _ _ _ _ _ _ _ _ _ _ _ _ _ _ _ _ _ _ _ _ _ \n\nself = <selenium.webdriver.remote.errorhandler.ErrorHandler object at 0x7fbfcdb9d2d0>\nresponse = {'status': 500, 'value': '{\"value\":{\"error\":\"session not created\",\"message\":\"session not created: Chrome failed to sta...\\\\n#14 0x559561b92040 \\\\u003Cunknown>\\\\n#15 0x559561ba149c \\\\u003Cunknown>\\\\n#16 0x7f9675e94ac3 \\\\u003Cunknown>\\\\n\"}}'}\n\n    def check_response(self, response: Dict[str, Any]) -> None:\n        \"\"\"Checks that a JSON response from the WebDriver does not have an\n        error.\n    \n        :Args:\n         - response - The JSON response from the WebDriver server as a dictionary\n           object.\n    \n        :Raises: If the response contains an error message.\n        \"\"\"\n        status = response.get(\"status\", None)\n        if not status or status == ErrorCode.SUCCESS:\n            return\n        value = None\n        message = response.get(\"message\", \"\")\n        screen: str = response.get(\"screen\", \"\")\n        stacktrace = None\n        if isinstance(status, int):\n            value_json = response.get(\"value\", None)\n            if value_json and isinstance(value_json, str):\n                import json\n    \n                try:\n                    value = json.loads(value_json)\n                    if len(value) == 1:\n                        value = value[\"value\"]\n                    status = value.get(\"error\", None)\n                    if not status:\n                        status = value.get(\"status\", ErrorCode.UNKNOWN_ERROR)\n                        message = value.get(\"value\") or value.get(\"message\")\n                        if not isinstance(message, str):\n                            value = message\n                            message = message.get(\"message\")\n                    else:\n                        message = value.get(\"message\", None)\n                except ValueError:\n                    pass\n    \n        exception_class: Type[WebDriverException]\n        e = ErrorCode()\n        error_codes = [item for item in dir(e) if not item.startswith(\"__\")]\n        for error_code in error_codes:\n            error_info = getattr(ErrorCode, error_code)\n            if isinstance(error_info, list) and status in error_info:\n                exception_class = getattr(ExceptionMapping, error_code, WebDriverException)\n                break\n        else:\n            exception_class = WebDriverException\n    \n        if not value:\n            value = response[\"value\"]\n        if isinstance(value, str):\n            raise exception_class(value)\n        if message == \"\" and \"message\" in value:\n            message = value[\"message\"]\n    \n        screen = None  # type: ignore[assignment]\n        if \"screen\" in value:\n            screen = value[\"screen\"]\n    \n        stacktrace = None\n        st_value = value.get(\"stackTrace\") or value.get(\"stacktrace\")\n        if st_value:\n            if isinstance(st_value, str):\n                stacktrace = st_value.split(\"\\n\")\n            else:\n                stacktrace = []\n                try:\n                    for frame in st_value:\n                        line = frame.get(\"lineNumber\", \"\")\n                        file = frame.get(\"fileName\", \"<anonymous>\")\n                        if line:\n                            file = f\"{file}:{line}\"\n                        meth = frame.get(\"methodName\", \"<anonymous>\")\n                        if \"className\" in frame:\n                            meth = f\"{frame['className']}.{meth}\"\n                        msg = \"    at %s (%s)\"\n                        msg = msg % (meth, file)\n                        stacktrace.append(msg)\n                except TypeError:\n                    pass\n        if exception_class == UnexpectedAlertPresentException:\n            alert_text = None\n            if \"data\" in value:\n                alert_text = value[\"data\"].get(\"text\")\n            elif \"alert\" in value:\n                alert_text = value[\"alert\"].get(\"text\")\n            raise exception_class(message, screen, stacktrace, alert_text)  # type: ignore[call-arg]  # mypy is not smart enough here\n>       raise exception_class(message, screen, stacktrace)\nE       selenium.common.exceptions.SessionNotCreatedException: Message: session not created: Chrome failed to start: exited normally.\nE         (session not created: DevToolsActivePort file doesn't exist)\nE         (The process started from chrome location /usr/bin/google-chrome is no longer running, so ChromeDriver is assuming that Chrome has crashed.)\nE       Stacktrace:\nE       #0 0x559561ba26ca <unknown>\nE       #1 0x559561873600 <unknown>\nE       #2 0x5595618ab485 <unknown>\nE       #3 0x5595618a72f8 <unknown>\nE       #4 0x5595618f1ce8 <unknown>\nE       #5 0x5595618e5643 <unknown>\nE       #6 0x5595618b5d31 <unknown>\nE       #7 0x5595618b679e <unknown>\nE       #8 0x559561b6a25b <unknown>\nE       #9 0x559561b6e1f2 <unknown>\nE       #10 0x559561b57615 <unknown>\nE       #11 0x559561b6ed82 <unknown>\nE       #12 0x559561b3c25f <unknown>\nE       #13 0x559561b91e68 <unknown>\nE       #14 0x559561b92040 <unknown>\nE       #15 0x559561ba149c <unknown>\nE       #16 0x7f9675e94ac3 <unknown>\n\n/opt/hostedtoolcache/Python/3.11.9/x64/lib/python3.11/site-packages/selenium/webdriver/remote/errorhandler.py:229: SessionNotCreatedException","flaky":false,"newFailed":false,"newBroken":true,"newPassed":false,"retriesCount":0,"retriesStatusChange":false,"beforeStages":[{"name":"_session_faker","time":{"start":1724590712040,"stop":1724590712071,"duration":31},"status":"passed","steps":[],"attachments":[],"parameters":[],"shouldDisplayMessage":false,"stepsCount":0,"attachmentsCount":0,"hasContent":false},{"name":"Инициализация драйвера Chrome","time":{"start":1724590714938,"stop":1724590715124,"duration":186},"status":"broken","statusMessage":"selenium.common.exceptions.SessionNotCreatedException: Message: session not created: Chrome failed to start: exited normally.\n  (session not created: DevToolsActivePort file doesn't exist)\n  (The process started from chrome location /usr/bin/google-chrome is no longer running, so ChromeDriver is assuming that Chrome has crashed.)\nStacktrace:\n#0 0x559561ba26ca <unknown>\n#1 0x559561873600 <unknown>\n#2 0x5595618ab485 <unknown>\n#3 0x5595618a72f8 <unknown>\n#4 0x5595618f1ce8 <unknown>\n#5 0x5595618e5643 <unknown>\n#6 0x5595618b5d31 <unknown>\n#7 0x5595618b679e <unknown>\n#8 0x559561b6a25b <unknown>\n#9 0x559561b6e1f2 <unknown>\n#10 0x559561b57615 <unknown>\n#11 0x559561b6ed82 <unknown>\n#12 0x559561b3c25f <unknown>\n#13 0x559561b91e68 <unknown>\n#14 0x559561b92040 <unknown>\n#15 0x559561ba149c <unknown>\n#16 0x7f9675e94ac3 <unknown>\n\n","statusTrace":"  File \"/opt/hostedtoolcache/Python/3.11.9/x64/lib/python3.11/site-packages/pluggy/_callers.py\", line 103, in _multicall\n    res = hook_impl.function(*args)\n          ^^^^^^^^^^^^^^^^^^^^^^^^^\n  File \"/opt/hostedtoolcache/Python/3.11.9/x64/lib/python3.11/site-packages/_pytest/fixtures.py\", line 1123, in pytest_fixture_setup\n    result = call_fixture_func(fixturefunc, request, kwargs)\n             ^^^^^^^^^^^^^^^^^^^^^^^^^^^^^^^^^^^^^^^^^^^^^^^\n  File \"/opt/hostedtoolcache/Python/3.11.9/x64/lib/python3.11/site-packages/_pytest/fixtures.py\", line 895, in call_fixture_func\n    fixture_result = next(generator)\n                     ^^^^^^^^^^^^^^^\n  File \"/home/runner/work/motherhash/motherhash/conftest.py\", line 41, in browser\n    browser = webdriver.Chrome(options=options)\n              ^^^^^^^^^^^^^^^^^^^^^^^^^^^^^^^^^\n  File \"/opt/hostedtoolcache/Python/3.11.9/x64/lib/python3.11/site-packages/selenium/webdriver/chrome/webdriver.py\", line 45, in __init__\n    super().__init__(\n  File \"/opt/hostedtoolcache/Python/3.11.9/x64/lib/python3.11/site-packages/selenium/webdriver/chromium/webdriver.py\", line 66, in __init__\n    super().__init__(command_executor=executor, options=options)\n  File \"/opt/hostedtoolcache/Python/3.11.9/x64/lib/python3.11/site-packages/selenium/webdriver/remote/webdriver.py\", line 212, in __init__\n    self.start_session(capabilities)\n  File \"/opt/hostedtoolcache/Python/3.11.9/x64/lib/python3.11/site-packages/selenium/webdriver/remote/webdriver.py\", line 299, in start_session\n    response = self.execute(Command.NEW_SESSION, caps)[\"value\"]\n               ^^^^^^^^^^^^^^^^^^^^^^^^^^^^^^^^^^^^^^^\n  File \"/opt/hostedtoolcache/Python/3.11.9/x64/lib/python3.11/site-packages/selenium/webdriver/remote/webdriver.py\", line 354, in execute\n    self.error_handler.check_response(response)\n  File \"/opt/hostedtoolcache/Python/3.11.9/x64/lib/python3.11/site-packages/selenium/webdriver/remote/errorhandler.py\", line 229, in check_response\n    raise exception_class(message, screen, stacktrace)\n","steps":[],"attachments":[],"parameters":[],"shouldDisplayMessage":true,"stepsCount":0,"attachmentsCount":0,"hasContent":true}],"afterStages":[],"labels":[{"name":"subSuite","value":"5. Проверка ввода пароля для зарегистрированного в базе пользователя в поле ввода"},{"name":"suite","value":"SignIn Password"},{"name":"parentSuite","value":"authorization.tests"},{"name":"host","value":"fv-az1247-936"},{"name":"thread","value":"6184-MainThread"},{"name":"framework","value":"pytest"},{"name":"language","value":"cpython3"},{"name":"package","value":"authorization.tests.test_signin_password"},{"name":"resultFormat","value":"allure2"}],"parameters":[{"name":"language","value":"'ru'"}],"links":[],"hidden":false,"retry":false,"extra":{"severity":"normal","retries":[],"categories":[{"name":"Test defects","matchedStatuses":[],"flaky":false}],"history":{"statistic":{"failed":0,"broken":4,"skipped":0,"passed":6,"unknown":0,"total":10},"items":[{"uid":"4d8a748264e07ff9","reportUrl":"https://konstantingerasimovwork.github.io/motherhash/106//#testresult/4d8a748264e07ff9","status":"passed","time":{"start":1724504639605,"stop":1724504641237,"duration":1632}},{"uid":"a02d2f92411419f3","reportUrl":"https://konstantingerasimovwork.github.io/motherhash/105//#testresult/a02d2f92411419f3","status":"passed","time":{"start":1724486380045,"stop":1724486381670,"duration":1625}},{"uid":"7827eb892f76bed2","reportUrl":"https://konstantingerasimovwork.github.io/motherhash/104//#testresult/7827eb892f76bed2","status":"broken","statusDetails":"selenium.common.exceptions.SessionNotCreatedException: Message: session not created: Chrome failed to start: exited normally.\n  (session not created: DevToolsActivePort file doesn't exist)\n  (The process started from chrome location /usr/bin/google-chrome is no longer running, so ChromeDriver is assuming that Chrome has crashed.)\nStacktrace:\n#0 0x559d8b32a6ca <unknown>\n#1 0x559d8affb600 <unknown>\n#2 0x559d8b033485 <unknown>\n#3 0x559d8b02f2f8 <unknown>\n#4 0x559d8b079ce8 <unknown>\n#5 0x559d8b06d643 <unknown>\n#6 0x559d8b03dd31 <unknown>\n#7 0x559d8b03e79e <unknown>\n#8 0x559d8b2f225b <unknown>\n#9 0x559d8b2f61f2 <unknown>\n#10 0x559d8b2df615 <unknown>\n#11 0x559d8b2f6d82 <unknown>\n#12 0x559d8b2c425f <unknown>\n#13 0x559d8b319e68 <unknown>\n#14 0x559d8b31a040 <unknown>\n#15 0x559d8b32949c <unknown>\n#16 0x7f7f7ea94ac3 <unknown>","time":{"start":1724485929371,"stop":1724485929371,"duration":0}},{"uid":"3eead797f81136","reportUrl":"https://konstantingerasimovwork.github.io/motherhash/103//#testresult/3eead797f81136","status":"passed","time":{"start":1724425663943,"stop":1724425665568,"duration":1625}},{"uid":"20550f4f1f5057e0","reportUrl":"https://konstantingerasimovwork.github.io/motherhash/102//#testresult/20550f4f1f5057e0","status":"passed","time":{"start":1724423347672,"stop":1724423349303,"duration":1631}},{"uid":"3857c0f9e2f683e0","reportUrl":"https://konstantingerasimovwork.github.io/motherhash/101//#testresult/3857c0f9e2f683e0","status":"passed","time":{"start":1724418313827,"stop":1724418315468,"duration":1641}},{"uid":"c2d778c725f1b032","reportUrl":"https://konstantingerasimovwork.github.io/motherhash/100//#testresult/c2d778c725f1b032","status":"passed","time":{"start":1724406853710,"stop":1724406855335,"duration":1625}},{"uid":"373f120a04dd5a7c","reportUrl":"https://konstantingerasimovwork.github.io/motherhash/99//#testresult/373f120a04dd5a7c","status":"broken","statusDetails":"selenium.common.exceptions.TimeoutException: Message:","time":{"start":1724404624274,"stop":1724404644506,"duration":20232}},{"uid":"3ac5bdb7c81b28c8","reportUrl":"https://konstantingerasimovwork.github.io/motherhash/98//#testresult/3ac5bdb7c81b28c8","status":"broken","statusDetails":"selenium.common.exceptions.TimeoutException: Message:","time":{"start":1724402371121,"stop":1724402391366,"duration":20245}}]},"tags":[]},"source":"dddc7a83e02a68e.json","parameterValues":["'ru'"]}