{"uid":"e30fde261f739613","name":"test_valid_email_range[emailemailemailemailemailemailemailemailemailemailemailemailemai@example.com-\\u0414\\u043b\\u0438\\u043d\\u043d\\u0430 \\u043b\\u043e\\u043a\\u0430\\u043b\\u044c\\u043d\\u043e\\u0433\\u043e \\u0438\\u043c\\u0435\\u043d\\u0438 64 \\u0441\\u0438\\u043c\\u0432\\u043e\\u043b\\u0430]","fullName":"authorization.tests.test_signin.TestSignInEmail#test_valid_email_range","historyId":"0a5e2244f1a93fe41a47d97aa69afa0c","time":{"start":1724590701113,"stop":1724590701113,"duration":0},"status":"broken","statusMessage":"selenium.common.exceptions.SessionNotCreatedException: Message: session not created: Chrome failed to start: exited normally.\n  (session not created: DevToolsActivePort file doesn't exist)\n  (The process started from chrome location /usr/bin/google-chrome is no longer running, so ChromeDriver is assuming that Chrome has crashed.)\nStacktrace:\n#0 0x55a8c692e6ca <unknown>\n#1 0x55a8c65ff600 <unknown>\n#2 0x55a8c6637485 <unknown>\n#3 0x55a8c66332f8 <unknown>\n#4 0x55a8c667dce8 <unknown>\n#5 0x55a8c6671643 <unknown>\n#6 0x55a8c6641d31 <unknown>\n#7 0x55a8c664279e <unknown>\n#8 0x55a8c68f625b <unknown>\n#9 0x55a8c68fa1f2 <unknown>\n#10 0x55a8c68e3615 <unknown>\n#11 0x55a8c68fad82 <unknown>\n#12 0x55a8c68c825f <unknown>\n#13 0x55a8c691de68 <unknown>\n#14 0x55a8c691e040 <unknown>\n#15 0x55a8c692d49c <unknown>\n#16 0x7efe2ac94ac3 <unknown>","statusTrace":"@pytest.fixture(scope=\"function\")\n    @allure.title('Инициализация драйвера Chrome')\n    def browser():\n        options = Options()\n        # options.add_argument(\"--headless\")\n        options.add_argument('--window-size=1920,1080')\n>       browser = webdriver.Chrome(options=options)\n\nconftest.py:41: \n_ _ _ _ _ _ _ _ _ _ _ _ _ _ _ _ _ _ _ _ _ _ _ _ _ _ _ _ _ _ _ _ _ _ _ _ _ _ _ _ \n/opt/hostedtoolcache/Python/3.11.9/x64/lib/python3.11/site-packages/selenium/webdriver/chrome/webdriver.py:45: in __init__\n    super().__init__(\n/opt/hostedtoolcache/Python/3.11.9/x64/lib/python3.11/site-packages/selenium/webdriver/chromium/webdriver.py:66: in __init__\n    super().__init__(command_executor=executor, options=options)\n/opt/hostedtoolcache/Python/3.11.9/x64/lib/python3.11/site-packages/selenium/webdriver/remote/webdriver.py:212: in __init__\n    self.start_session(capabilities)\n/opt/hostedtoolcache/Python/3.11.9/x64/lib/python3.11/site-packages/selenium/webdriver/remote/webdriver.py:299: in start_session\n    response = self.execute(Command.NEW_SESSION, caps)[\"value\"]\n/opt/hostedtoolcache/Python/3.11.9/x64/lib/python3.11/site-packages/selenium/webdriver/remote/webdriver.py:354: in execute\n    self.error_handler.check_response(response)\n_ _ _ _ _ _ _ _ _ _ _ _ _ _ _ _ _ _ _ _ _ _ _ _ _ _ _ _ _ _ _ _ _ _ _ _ _ _ _ _ \n\nself = <selenium.webdriver.remote.errorhandler.ErrorHandler object at 0x7f7a4d72f390>\nresponse = {'status': 500, 'value': '{\"value\":{\"error\":\"session not created\",\"message\":\"session not created: Chrome failed to sta...\\\\n#14 0x55a8c691e040 \\\\u003Cunknown>\\\\n#15 0x55a8c692d49c \\\\u003Cunknown>\\\\n#16 0x7efe2ac94ac3 \\\\u003Cunknown>\\\\n\"}}'}\n\n    def check_response(self, response: Dict[str, Any]) -> None:\n        \"\"\"Checks that a JSON response from the WebDriver does not have an\n        error.\n    \n        :Args:\n         - response - The JSON response from the WebDriver server as a dictionary\n           object.\n    \n        :Raises: If the response contains an error message.\n        \"\"\"\n        status = response.get(\"status\", None)\n        if not status or status == ErrorCode.SUCCESS:\n            return\n        value = None\n        message = response.get(\"message\", \"\")\n        screen: str = response.get(\"screen\", \"\")\n        stacktrace = None\n        if isinstance(status, int):\n            value_json = response.get(\"value\", None)\n            if value_json and isinstance(value_json, str):\n                import json\n    \n                try:\n                    value = json.loads(value_json)\n                    if len(value) == 1:\n                        value = value[\"value\"]\n                    status = value.get(\"error\", None)\n                    if not status:\n                        status = value.get(\"status\", ErrorCode.UNKNOWN_ERROR)\n                        message = value.get(\"value\") or value.get(\"message\")\n                        if not isinstance(message, str):\n                            value = message\n                            message = message.get(\"message\")\n                    else:\n                        message = value.get(\"message\", None)\n                except ValueError:\n                    pass\n    \n        exception_class: Type[WebDriverException]\n        e = ErrorCode()\n        error_codes = [item for item in dir(e) if not item.startswith(\"__\")]\n        for error_code in error_codes:\n            error_info = getattr(ErrorCode, error_code)\n            if isinstance(error_info, list) and status in error_info:\n                exception_class = getattr(ExceptionMapping, error_code, WebDriverException)\n                break\n        else:\n            exception_class = WebDriverException\n    \n        if not value:\n            value = response[\"value\"]\n        if isinstance(value, str):\n            raise exception_class(value)\n        if message == \"\" and \"message\" in value:\n            message = value[\"message\"]\n    \n        screen = None  # type: ignore[assignment]\n        if \"screen\" in value:\n            screen = value[\"screen\"]\n    \n        stacktrace = None\n        st_value = value.get(\"stackTrace\") or value.get(\"stacktrace\")\n        if st_value:\n            if isinstance(st_value, str):\n                stacktrace = st_value.split(\"\\n\")\n            else:\n                stacktrace = []\n                try:\n                    for frame in st_value:\n                        line = frame.get(\"lineNumber\", \"\")\n                        file = frame.get(\"fileName\", \"<anonymous>\")\n                        if line:\n                            file = f\"{file}:{line}\"\n                        meth = frame.get(\"methodName\", \"<anonymous>\")\n                        if \"className\" in frame:\n                            meth = f\"{frame['className']}.{meth}\"\n                        msg = \"    at %s (%s)\"\n                        msg = msg % (meth, file)\n                        stacktrace.append(msg)\n                except TypeError:\n                    pass\n        if exception_class == UnexpectedAlertPresentException:\n            alert_text = None\n            if \"data\" in value:\n                alert_text = value[\"data\"].get(\"text\")\n            elif \"alert\" in value:\n                alert_text = value[\"alert\"].get(\"text\")\n            raise exception_class(message, screen, stacktrace, alert_text)  # type: ignore[call-arg]  # mypy is not smart enough here\n>       raise exception_class(message, screen, stacktrace)\nE       selenium.common.exceptions.SessionNotCreatedException: Message: session not created: Chrome failed to start: exited normally.\nE         (session not created: DevToolsActivePort file doesn't exist)\nE         (The process started from chrome location /usr/bin/google-chrome is no longer running, so ChromeDriver is assuming that Chrome has crashed.)\nE       Stacktrace:\nE       #0 0x55a8c692e6ca <unknown>\nE       #1 0x55a8c65ff600 <unknown>\nE       #2 0x55a8c6637485 <unknown>\nE       #3 0x55a8c66332f8 <unknown>\nE       #4 0x55a8c667dce8 <unknown>\nE       #5 0x55a8c6671643 <unknown>\nE       #6 0x55a8c6641d31 <unknown>\nE       #7 0x55a8c664279e <unknown>\nE       #8 0x55a8c68f625b <unknown>\nE       #9 0x55a8c68fa1f2 <unknown>\nE       #10 0x55a8c68e3615 <unknown>\nE       #11 0x55a8c68fad82 <unknown>\nE       #12 0x55a8c68c825f <unknown>\nE       #13 0x55a8c691de68 <unknown>\nE       #14 0x55a8c691e040 <unknown>\nE       #15 0x55a8c692d49c <unknown>\nE       #16 0x7efe2ac94ac3 <unknown>\n\n/opt/hostedtoolcache/Python/3.11.9/x64/lib/python3.11/site-packages/selenium/webdriver/remote/errorhandler.py:229: SessionNotCreatedException","flaky":false,"newFailed":false,"newBroken":true,"newPassed":false,"retriesCount":0,"retriesStatusChange":false,"beforeStages":[{"name":"_session_faker","time":{"start":1724590696972,"stop":1724590697001,"duration":29},"status":"passed","steps":[],"attachments":[],"parameters":[],"shouldDisplayMessage":false,"stepsCount":0,"attachmentsCount":0,"hasContent":false},{"name":"Инициализация драйвера Chrome","time":{"start":1724590701113,"stop":1724590701297,"duration":184},"status":"broken","statusMessage":"selenium.common.exceptions.SessionNotCreatedException: Message: session not created: Chrome failed to start: exited normally.\n  (session not created: DevToolsActivePort file doesn't exist)\n  (The process started from chrome location /usr/bin/google-chrome is no longer running, so ChromeDriver is assuming that Chrome has crashed.)\nStacktrace:\n#0 0x55a8c692e6ca <unknown>\n#1 0x55a8c65ff600 <unknown>\n#2 0x55a8c6637485 <unknown>\n#3 0x55a8c66332f8 <unknown>\n#4 0x55a8c667dce8 <unknown>\n#5 0x55a8c6671643 <unknown>\n#6 0x55a8c6641d31 <unknown>\n#7 0x55a8c664279e <unknown>\n#8 0x55a8c68f625b <unknown>\n#9 0x55a8c68fa1f2 <unknown>\n#10 0x55a8c68e3615 <unknown>\n#11 0x55a8c68fad82 <unknown>\n#12 0x55a8c68c825f <unknown>\n#13 0x55a8c691de68 <unknown>\n#14 0x55a8c691e040 <unknown>\n#15 0x55a8c692d49c <unknown>\n#16 0x7efe2ac94ac3 <unknown>\n\n","statusTrace":"  File \"/opt/hostedtoolcache/Python/3.11.9/x64/lib/python3.11/site-packages/pluggy/_callers.py\", line 103, in _multicall\n    res = hook_impl.function(*args)\n          ^^^^^^^^^^^^^^^^^^^^^^^^^\n  File \"/opt/hostedtoolcache/Python/3.11.9/x64/lib/python3.11/site-packages/_pytest/fixtures.py\", line 1123, in pytest_fixture_setup\n    result = call_fixture_func(fixturefunc, request, kwargs)\n             ^^^^^^^^^^^^^^^^^^^^^^^^^^^^^^^^^^^^^^^^^^^^^^^\n  File \"/opt/hostedtoolcache/Python/3.11.9/x64/lib/python3.11/site-packages/_pytest/fixtures.py\", line 895, in call_fixture_func\n    fixture_result = next(generator)\n                     ^^^^^^^^^^^^^^^\n  File \"/home/runner/work/motherhash/motherhash/conftest.py\", line 41, in browser\n    browser = webdriver.Chrome(options=options)\n              ^^^^^^^^^^^^^^^^^^^^^^^^^^^^^^^^^\n  File \"/opt/hostedtoolcache/Python/3.11.9/x64/lib/python3.11/site-packages/selenium/webdriver/chrome/webdriver.py\", line 45, in __init__\n    super().__init__(\n  File \"/opt/hostedtoolcache/Python/3.11.9/x64/lib/python3.11/site-packages/selenium/webdriver/chromium/webdriver.py\", line 66, in __init__\n    super().__init__(command_executor=executor, options=options)\n  File \"/opt/hostedtoolcache/Python/3.11.9/x64/lib/python3.11/site-packages/selenium/webdriver/remote/webdriver.py\", line 212, in __init__\n    self.start_session(capabilities)\n  File \"/opt/hostedtoolcache/Python/3.11.9/x64/lib/python3.11/site-packages/selenium/webdriver/remote/webdriver.py\", line 299, in start_session\n    response = self.execute(Command.NEW_SESSION, caps)[\"value\"]\n               ^^^^^^^^^^^^^^^^^^^^^^^^^^^^^^^^^^^^^^^\n  File \"/opt/hostedtoolcache/Python/3.11.9/x64/lib/python3.11/site-packages/selenium/webdriver/remote/webdriver.py\", line 354, in execute\n    self.error_handler.check_response(response)\n  File \"/opt/hostedtoolcache/Python/3.11.9/x64/lib/python3.11/site-packages/selenium/webdriver/remote/errorhandler.py\", line 229, in check_response\n    raise exception_class(message, screen, stacktrace)\n","steps":[],"attachments":[],"parameters":[],"shouldDisplayMessage":true,"stepsCount":0,"attachmentsCount":0,"hasContent":true}],"afterStages":[],"labels":[{"name":"suite","value":"SignIn Email"},{"name":"subSuite","value":"4. Позитивные проверки для диапазона"},{"name":"parentSuite","value":"authorization.tests"},{"name":"host","value":"fv-az1247-936"},{"name":"thread","value":"2739-MainThread"},{"name":"framework","value":"pytest"},{"name":"language","value":"cpython3"},{"name":"package","value":"authorization.tests.test_signin"},{"name":"resultFormat","value":"allure2"}],"parameters":[{"name":"description","value":"'Длинна локального имени 64 символа'"},{"name":"email","value":"'emailemailemailemailemailemailemailemailemailemailemailemailemai@example.com'"}],"links":[],"hidden":false,"retry":false,"extra":{"severity":"normal","retries":[],"categories":[{"name":"Test defects","matchedStatuses":[],"flaky":false}],"history":{"statistic":{"failed":0,"broken":2,"skipped":0,"passed":8,"unknown":0,"total":10},"items":[{"uid":"f4f957ccc4c936aa","reportUrl":"https://konstantingerasimovwork.github.io/motherhash/106//#testresult/f4f957ccc4c936aa","status":"passed","time":{"start":1724504420773,"stop":1724504423482,"duration":2709}},{"uid":"a3af52c6e18a114d","reportUrl":"https://konstantingerasimovwork.github.io/motherhash/105//#testresult/a3af52c6e18a114d","status":"passed","time":{"start":1724486167733,"stop":1724486170251,"duration":2518}},{"uid":"bc804c53d096bdc8","reportUrl":"https://konstantingerasimovwork.github.io/motherhash/104//#testresult/bc804c53d096bdc8","status":"broken","statusDetails":"selenium.common.exceptions.SessionNotCreatedException: Message: session not created: Chrome failed to start: exited normally.\n  (session not created: DevToolsActivePort file doesn't exist)\n  (The process started from chrome location /usr/bin/google-chrome is no longer running, so ChromeDriver is assuming that Chrome has crashed.)\nStacktrace:\n#0 0x55aff0f106ca <unknown>\n#1 0x55aff0be1600 <unknown>\n#2 0x55aff0c19485 <unknown>\n#3 0x55aff0c152f8 <unknown>\n#4 0x55aff0c5fce8 <unknown>\n#5 0x55aff0c53643 <unknown>\n#6 0x55aff0c23d31 <unknown>\n#7 0x55aff0c2479e <unknown>\n#8 0x55aff0ed825b <unknown>\n#9 0x55aff0edc1f2 <unknown>\n#10 0x55aff0ec5615 <unknown>\n#11 0x55aff0edcd82 <unknown>\n#12 0x55aff0eaa25f <unknown>\n#13 0x55aff0effe68 <unknown>\n#14 0x55aff0f00040 <unknown>\n#15 0x55aff0f0f49c <unknown>\n#16 0x7fe85a294ac3 <unknown>","time":{"start":1724485915779,"stop":1724485915779,"duration":0}},{"uid":"8b783ab9be6a34c3","reportUrl":"https://konstantingerasimovwork.github.io/motherhash/103//#testresult/8b783ab9be6a34c3","status":"passed","time":{"start":1724425434669,"stop":1724425437374,"duration":2705}},{"uid":"84560d38daa2a858","reportUrl":"https://konstantingerasimovwork.github.io/motherhash/102//#testresult/84560d38daa2a858","status":"passed","time":{"start":1724423127086,"stop":1724423129834,"duration":2748}},{"uid":"cd7d07fc9e5d3981","reportUrl":"https://konstantingerasimovwork.github.io/motherhash/101//#testresult/cd7d07fc9e5d3981","status":"passed","time":{"start":1724418094969,"stop":1724418097704,"duration":2735}},{"uid":"c2e0a5291abe2154","reportUrl":"https://konstantingerasimovwork.github.io/motherhash/100//#testresult/c2e0a5291abe2154","status":"passed","time":{"start":1724406632320,"stop":1724406635024,"duration":2704}},{"uid":"10a9f1463ae3cc57","reportUrl":"https://konstantingerasimovwork.github.io/motherhash/99//#testresult/10a9f1463ae3cc57","status":"passed","time":{"start":1724404396154,"stop":1724404398741,"duration":2587}},{"uid":"3124077f37fb2c14","reportUrl":"https://konstantingerasimovwork.github.io/motherhash/98//#testresult/3124077f37fb2c14","status":"passed","time":{"start":1724402139590,"stop":1724402142155,"duration":2565}}]},"tags":[]},"source":"e30fde261f739613.json","parameterValues":["'Длинна локального имени 64 символа'","'emailemailemailemailemailemailemailemailemailemailemailemailemai@example.com'"]}