{"uid":"fa3881ee5ec6ea86","name":"test_check_enter_two_seperate_uncorrect_password[pt-7]","fullName":"authorization.tests.test_reset_password.TestResetPassword#test_check_enter_two_seperate_uncorrect_password","historyId":"c48dbd918680748a2d3874fde4d13269","time":{"start":1724590725522,"stop":1724590725522,"duration":0},"status":"broken","statusMessage":"selenium.common.exceptions.SessionNotCreatedException: Message: session not created: Chrome failed to start: exited normally.\n  (session not created: DevToolsActivePort file doesn't exist)\n  (The process started from chrome location /usr/bin/google-chrome is no longer running, so ChromeDriver is assuming that Chrome has crashed.)\nStacktrace:\n#0 0x5632a60976ca <unknown>\n#1 0x5632a5d68600 <unknown>\n#2 0x5632a5da0485 <unknown>\n#3 0x5632a5d9c2f8 <unknown>\n#4 0x5632a5de6ce8 <unknown>\n#5 0x5632a5dda643 <unknown>\n#6 0x5632a5daad31 <unknown>\n#7 0x5632a5dab79e <unknown>\n#8 0x5632a605f25b <unknown>\n#9 0x5632a60631f2 <unknown>\n#10 0x5632a604c615 <unknown>\n#11 0x5632a6063d82 <unknown>\n#12 0x5632a603125f <unknown>\n#13 0x5632a6086e68 <unknown>\n#14 0x5632a6087040 <unknown>\n#15 0x5632a609649c <unknown>\n#16 0x7fb83d694ac3 <unknown>","statusTrace":"@pytest.fixture(scope=\"function\")\n    @allure.title('Инициализация драйвера Chrome')\n    def browser():\n        options = Options()\n        # options.add_argument(\"--headless\")\n        options.add_argument('--window-size=1920,1080')\n>       browser = webdriver.Chrome(options=options)\n\nconftest.py:41: \n_ _ _ _ _ _ _ _ _ _ _ _ _ _ _ _ _ _ _ _ _ _ _ _ _ _ _ _ _ _ _ _ _ _ _ _ _ _ _ _ \n/opt/hostedtoolcache/Python/3.11.9/x64/lib/python3.11/site-packages/selenium/webdriver/chrome/webdriver.py:45: in __init__\n    super().__init__(\n/opt/hostedtoolcache/Python/3.11.9/x64/lib/python3.11/site-packages/selenium/webdriver/chromium/webdriver.py:66: in __init__\n    super().__init__(command_executor=executor, options=options)\n/opt/hostedtoolcache/Python/3.11.9/x64/lib/python3.11/site-packages/selenium/webdriver/remote/webdriver.py:212: in __init__\n    self.start_session(capabilities)\n/opt/hostedtoolcache/Python/3.11.9/x64/lib/python3.11/site-packages/selenium/webdriver/remote/webdriver.py:299: in start_session\n    response = self.execute(Command.NEW_SESSION, caps)[\"value\"]\n/opt/hostedtoolcache/Python/3.11.9/x64/lib/python3.11/site-packages/selenium/webdriver/remote/webdriver.py:354: in execute\n    self.error_handler.check_response(response)\n_ _ _ _ _ _ _ _ _ _ _ _ _ _ _ _ _ _ _ _ _ _ _ _ _ _ _ _ _ _ _ _ _ _ _ _ _ _ _ _ \n\nself = <selenium.webdriver.remote.errorhandler.ErrorHandler object at 0x7f8d73debc50>\nresponse = {'status': 500, 'value': '{\"value\":{\"error\":\"session not created\",\"message\":\"session not created: Chrome failed to sta...\\\\n#14 0x5632a6087040 \\\\u003Cunknown>\\\\n#15 0x5632a609649c \\\\u003Cunknown>\\\\n#16 0x7fb83d694ac3 \\\\u003Cunknown>\\\\n\"}}'}\n\n    def check_response(self, response: Dict[str, Any]) -> None:\n        \"\"\"Checks that a JSON response from the WebDriver does not have an\n        error.\n    \n        :Args:\n         - response - The JSON response from the WebDriver server as a dictionary\n           object.\n    \n        :Raises: If the response contains an error message.\n        \"\"\"\n        status = response.get(\"status\", None)\n        if not status or status == ErrorCode.SUCCESS:\n            return\n        value = None\n        message = response.get(\"message\", \"\")\n        screen: str = response.get(\"screen\", \"\")\n        stacktrace = None\n        if isinstance(status, int):\n            value_json = response.get(\"value\", None)\n            if value_json and isinstance(value_json, str):\n                import json\n    \n                try:\n                    value = json.loads(value_json)\n                    if len(value) == 1:\n                        value = value[\"value\"]\n                    status = value.get(\"error\", None)\n                    if not status:\n                        status = value.get(\"status\", ErrorCode.UNKNOWN_ERROR)\n                        message = value.get(\"value\") or value.get(\"message\")\n                        if not isinstance(message, str):\n                            value = message\n                            message = message.get(\"message\")\n                    else:\n                        message = value.get(\"message\", None)\n                except ValueError:\n                    pass\n    \n        exception_class: Type[WebDriverException]\n        e = ErrorCode()\n        error_codes = [item for item in dir(e) if not item.startswith(\"__\")]\n        for error_code in error_codes:\n            error_info = getattr(ErrorCode, error_code)\n            if isinstance(error_info, list) and status in error_info:\n                exception_class = getattr(ExceptionMapping, error_code, WebDriverException)\n                break\n        else:\n            exception_class = WebDriverException\n    \n        if not value:\n            value = response[\"value\"]\n        if isinstance(value, str):\n            raise exception_class(value)\n        if message == \"\" and \"message\" in value:\n            message = value[\"message\"]\n    \n        screen = None  # type: ignore[assignment]\n        if \"screen\" in value:\n            screen = value[\"screen\"]\n    \n        stacktrace = None\n        st_value = value.get(\"stackTrace\") or value.get(\"stacktrace\")\n        if st_value:\n            if isinstance(st_value, str):\n                stacktrace = st_value.split(\"\\n\")\n            else:\n                stacktrace = []\n                try:\n                    for frame in st_value:\n                        line = frame.get(\"lineNumber\", \"\")\n                        file = frame.get(\"fileName\", \"<anonymous>\")\n                        if line:\n                            file = f\"{file}:{line}\"\n                        meth = frame.get(\"methodName\", \"<anonymous>\")\n                        if \"className\" in frame:\n                            meth = f\"{frame['className']}.{meth}\"\n                        msg = \"    at %s (%s)\"\n                        msg = msg % (meth, file)\n                        stacktrace.append(msg)\n                except TypeError:\n                    pass\n        if exception_class == UnexpectedAlertPresentException:\n            alert_text = None\n            if \"data\" in value:\n                alert_text = value[\"data\"].get(\"text\")\n            elif \"alert\" in value:\n                alert_text = value[\"alert\"].get(\"text\")\n            raise exception_class(message, screen, stacktrace, alert_text)  # type: ignore[call-arg]  # mypy is not smart enough here\n>       raise exception_class(message, screen, stacktrace)\nE       selenium.common.exceptions.SessionNotCreatedException: Message: session not created: Chrome failed to start: exited normally.\nE         (session not created: DevToolsActivePort file doesn't exist)\nE         (The process started from chrome location /usr/bin/google-chrome is no longer running, so ChromeDriver is assuming that Chrome has crashed.)\nE       Stacktrace:\nE       #0 0x5632a60976ca <unknown>\nE       #1 0x5632a5d68600 <unknown>\nE       #2 0x5632a5da0485 <unknown>\nE       #3 0x5632a5d9c2f8 <unknown>\nE       #4 0x5632a5de6ce8 <unknown>\nE       #5 0x5632a5dda643 <unknown>\nE       #6 0x5632a5daad31 <unknown>\nE       #7 0x5632a5dab79e <unknown>\nE       #8 0x5632a605f25b <unknown>\nE       #9 0x5632a60631f2 <unknown>\nE       #10 0x5632a604c615 <unknown>\nE       #11 0x5632a6063d82 <unknown>\nE       #12 0x5632a603125f <unknown>\nE       #13 0x5632a6086e68 <unknown>\nE       #14 0x5632a6087040 <unknown>\nE       #15 0x5632a609649c <unknown>\nE       #16 0x7fb83d694ac3 <unknown>\n\n/opt/hostedtoolcache/Python/3.11.9/x64/lib/python3.11/site-packages/selenium/webdriver/remote/errorhandler.py:229: SessionNotCreatedException","flaky":false,"newFailed":false,"newBroken":true,"newPassed":false,"retriesCount":0,"retriesStatusChange":false,"beforeStages":[{"name":"_session_faker","time":{"start":1724590717177,"stop":1724590717222,"duration":45},"status":"passed","steps":[],"attachments":[],"parameters":[],"shouldDisplayMessage":false,"stepsCount":0,"attachmentsCount":0,"hasContent":false},{"name":"Инициализация драйвера Chrome","time":{"start":1724590725523,"stop":1724590725708,"duration":185},"status":"broken","statusMessage":"selenium.common.exceptions.SessionNotCreatedException: Message: session not created: Chrome failed to start: exited normally.\n  (session not created: DevToolsActivePort file doesn't exist)\n  (The process started from chrome location /usr/bin/google-chrome is no longer running, so ChromeDriver is assuming that Chrome has crashed.)\nStacktrace:\n#0 0x5632a60976ca <unknown>\n#1 0x5632a5d68600 <unknown>\n#2 0x5632a5da0485 <unknown>\n#3 0x5632a5d9c2f8 <unknown>\n#4 0x5632a5de6ce8 <unknown>\n#5 0x5632a5dda643 <unknown>\n#6 0x5632a5daad31 <unknown>\n#7 0x5632a5dab79e <unknown>\n#8 0x5632a605f25b <unknown>\n#9 0x5632a60631f2 <unknown>\n#10 0x5632a604c615 <unknown>\n#11 0x5632a6063d82 <unknown>\n#12 0x5632a603125f <unknown>\n#13 0x5632a6086e68 <unknown>\n#14 0x5632a6087040 <unknown>\n#15 0x5632a609649c <unknown>\n#16 0x7fb83d694ac3 <unknown>\n\n","statusTrace":"  File \"/opt/hostedtoolcache/Python/3.11.9/x64/lib/python3.11/site-packages/pluggy/_callers.py\", line 103, in _multicall\n    res = hook_impl.function(*args)\n          ^^^^^^^^^^^^^^^^^^^^^^^^^\n  File \"/opt/hostedtoolcache/Python/3.11.9/x64/lib/python3.11/site-packages/_pytest/fixtures.py\", line 1123, in pytest_fixture_setup\n    result = call_fixture_func(fixturefunc, request, kwargs)\n             ^^^^^^^^^^^^^^^^^^^^^^^^^^^^^^^^^^^^^^^^^^^^^^^\n  File \"/opt/hostedtoolcache/Python/3.11.9/x64/lib/python3.11/site-packages/_pytest/fixtures.py\", line 895, in call_fixture_func\n    fixture_result = next(generator)\n                     ^^^^^^^^^^^^^^^\n  File \"/home/runner/work/motherhash/motherhash/conftest.py\", line 41, in browser\n    browser = webdriver.Chrome(options=options)\n              ^^^^^^^^^^^^^^^^^^^^^^^^^^^^^^^^^\n  File \"/opt/hostedtoolcache/Python/3.11.9/x64/lib/python3.11/site-packages/selenium/webdriver/chrome/webdriver.py\", line 45, in __init__\n    super().__init__(\n  File \"/opt/hostedtoolcache/Python/3.11.9/x64/lib/python3.11/site-packages/selenium/webdriver/chromium/webdriver.py\", line 66, in __init__\n    super().__init__(command_executor=executor, options=options)\n  File \"/opt/hostedtoolcache/Python/3.11.9/x64/lib/python3.11/site-packages/selenium/webdriver/remote/webdriver.py\", line 212, in __init__\n    self.start_session(capabilities)\n  File \"/opt/hostedtoolcache/Python/3.11.9/x64/lib/python3.11/site-packages/selenium/webdriver/remote/webdriver.py\", line 299, in start_session\n    response = self.execute(Command.NEW_SESSION, caps)[\"value\"]\n               ^^^^^^^^^^^^^^^^^^^^^^^^^^^^^^^^^^^^^^^\n  File \"/opt/hostedtoolcache/Python/3.11.9/x64/lib/python3.11/site-packages/selenium/webdriver/remote/webdriver.py\", line 354, in execute\n    self.error_handler.check_response(response)\n  File \"/opt/hostedtoolcache/Python/3.11.9/x64/lib/python3.11/site-packages/selenium/webdriver/remote/errorhandler.py\", line 229, in check_response\n    raise exception_class(message, screen, stacktrace)\n","steps":[],"attachments":[],"parameters":[],"shouldDisplayMessage":true,"stepsCount":0,"attachmentsCount":0,"hasContent":true}],"afterStages":[],"labels":[{"name":"subSuite","value":"12. Негативные проверки валидации: Проверка ввода 2х одинаковых невалидных паролей"},{"name":"suite","value":"Reset Password"},{"name":"parentSuite","value":"authorization.tests"},{"name":"host","value":"fv-az1247-936"},{"name":"thread","value":"7282-MainThread"},{"name":"framework","value":"pytest"},{"name":"language","value":"cpython3"},{"name":"package","value":"authorization.tests.test_reset_password"},{"name":"resultFormat","value":"allure2"}],"parameters":[{"name":"language","value":"'pt'"},{"name":"length_password","value":"7"}],"links":[],"hidden":false,"retry":false,"extra":{"severity":"normal","retries":[],"categories":[{"name":"Test defects","matchedStatuses":[],"flaky":false}],"history":{"statistic":{"failed":0,"broken":2,"skipped":0,"passed":8,"unknown":0,"total":10},"items":[{"uid":"8720893fe2156027","reportUrl":"https://konstantingerasimovwork.github.io/motherhash/106//#testresult/8720893fe2156027","status":"passed","time":{"start":1724504817866,"stop":1724504818669,"duration":803}},{"uid":"cea54406e8a6f85d","reportUrl":"https://konstantingerasimovwork.github.io/motherhash/105//#testresult/cea54406e8a6f85d","status":"passed","time":{"start":1724486548674,"stop":1724486549470,"duration":796}},{"uid":"696cf766e62f0c8b","reportUrl":"https://konstantingerasimovwork.github.io/motherhash/104//#testresult/696cf766e62f0c8b","status":"broken","statusDetails":"selenium.common.exceptions.SessionNotCreatedException: Message: session not created: Chrome failed to start: exited normally.\n  (session not created: DevToolsActivePort file doesn't exist)\n  (The process started from chrome location /usr/bin/google-chrome is no longer running, so ChromeDriver is assuming that Chrome has crashed.)\nStacktrace:\n#0 0x5572676886ca <unknown>\n#1 0x557267359600 <unknown>\n#2 0x557267391485 <unknown>\n#3 0x55726738d2f8 <unknown>\n#4 0x5572673d7ce8 <unknown>\n#5 0x5572673cb643 <unknown>\n#6 0x55726739bd31 <unknown>\n#7 0x55726739c79e <unknown>\n#8 0x55726765025b <unknown>\n#9 0x5572676541f2 <unknown>\n#10 0x55726763d615 <unknown>\n#11 0x557267654d82 <unknown>\n#12 0x55726762225f <unknown>\n#13 0x557267677e68 <unknown>\n#14 0x557267678040 <unknown>\n#15 0x55726768749c <unknown>\n#16 0x7f6d3bc94ac3 <unknown>","time":{"start":1724485939752,"stop":1724485939752,"duration":0}},{"uid":"c4df0cbd41a06b25","reportUrl":"https://konstantingerasimovwork.github.io/motherhash/103//#testresult/c4df0cbd41a06b25","status":"passed","time":{"start":1724425841618,"stop":1724425842410,"duration":792}},{"uid":"1325124cb6706242","reportUrl":"https://konstantingerasimovwork.github.io/motherhash/102//#testresult/1325124cb6706242","status":"passed","time":{"start":1724423532029,"stop":1724423532835,"duration":806}},{"uid":"bf55ca92ddb34e9d","reportUrl":"https://konstantingerasimovwork.github.io/motherhash/101//#testresult/bf55ca92ddb34e9d","status":"passed","time":{"start":1724418493736,"stop":1724418494545,"duration":809}},{"uid":"c851ebb2c8c8ecee","reportUrl":"https://konstantingerasimovwork.github.io/motherhash/100//#testresult/c851ebb2c8c8ecee","status":"passed","time":{"start":1724407031637,"stop":1724407032418,"duration":781}},{"uid":"1ccb500dfe43a514","reportUrl":"https://konstantingerasimovwork.github.io/motherhash/99//#testresult/1ccb500dfe43a514","status":"passed","time":{"start":1724404831397,"stop":1724404832187,"duration":790}},{"uid":"ab9f5c0aa73880","reportUrl":"https://konstantingerasimovwork.github.io/motherhash/98//#testresult/ab9f5c0aa73880","status":"passed","time":{"start":1724402578184,"stop":1724402578978,"duration":794}}]},"tags":[]},"source":"fa3881ee5ec6ea86.json","parameterValues":["'pt'","7"]}