{"uid":"50d5c8a26b75e5e6","name":"test_check_title_on_verification_code_page[pt]","fullName":"authorization.tests.test_verification_code.TestVerificationCodePassword#test_check_title_on_verification_code_page","historyId":"f79b4186f50429d5b00f2180a0a39239","time":{"start":1724485951921,"stop":1724485951921,"duration":0},"status":"broken","statusMessage":"selenium.common.exceptions.SessionNotCreatedException: Message: session not created: Chrome failed to start: exited normally.\n  (session not created: DevToolsActivePort file doesn't exist)\n  (The process started from chrome location /usr/bin/google-chrome is no longer running, so ChromeDriver is assuming that Chrome has crashed.)\nStacktrace:\n#0 0x55cdd7fb86ca <unknown>\n#1 0x55cdd7c89600 <unknown>\n#2 0x55cdd7cc1485 <unknown>\n#3 0x55cdd7cbd2f8 <unknown>\n#4 0x55cdd7d07ce8 <unknown>\n#5 0x55cdd7cfb643 <unknown>\n#6 0x55cdd7ccbd31 <unknown>\n#7 0x55cdd7ccc79e <unknown>\n#8 0x55cdd7f8025b <unknown>\n#9 0x55cdd7f841f2 <unknown>\n#10 0x55cdd7f6d615 <unknown>\n#11 0x55cdd7f84d82 <unknown>\n#12 0x55cdd7f5225f <unknown>\n#13 0x55cdd7fa7e68 <unknown>\n#14 0x55cdd7fa8040 <unknown>\n#15 0x55cdd7fb749c <unknown>\n#16 0x7fa906a94ac3 <unknown>","statusTrace":"@pytest.fixture(scope=\"function\")\n    @allure.title('Инициализация драйвера Chrome')\n    def browser():\n        options = Options()\n        # options.add_argument(\"--headless\")\n        options.add_argument('--window-size=1920,1080')\n>       browser = webdriver.Chrome(options=options)\n\nconftest.py:41: \n_ _ _ _ _ _ _ _ _ _ _ _ _ _ _ _ _ _ _ _ _ _ _ _ _ _ _ _ _ _ _ _ _ _ _ _ _ _ _ _ \n/opt/hostedtoolcache/Python/3.11.9/x64/lib/python3.11/site-packages/selenium/webdriver/chrome/webdriver.py:45: in __init__\n    super().__init__(\n/opt/hostedtoolcache/Python/3.11.9/x64/lib/python3.11/site-packages/selenium/webdriver/chromium/webdriver.py:66: in __init__\n    super().__init__(command_executor=executor, options=options)\n/opt/hostedtoolcache/Python/3.11.9/x64/lib/python3.11/site-packages/selenium/webdriver/remote/webdriver.py:212: in __init__\n    self.start_session(capabilities)\n/opt/hostedtoolcache/Python/3.11.9/x64/lib/python3.11/site-packages/selenium/webdriver/remote/webdriver.py:299: in start_session\n    response = self.execute(Command.NEW_SESSION, caps)[\"value\"]\n/opt/hostedtoolcache/Python/3.11.9/x64/lib/python3.11/site-packages/selenium/webdriver/remote/webdriver.py:354: in execute\n    self.error_handler.check_response(response)\n_ _ _ _ _ _ _ _ _ _ _ _ _ _ _ _ _ _ _ _ _ _ _ _ _ _ _ _ _ _ _ _ _ _ _ _ _ _ _ _ \n\nself = <selenium.webdriver.remote.errorhandler.ErrorHandler object at 0x7f1d431eb510>\nresponse = {'status': 500, 'value': '{\"value\":{\"error\":\"session not created\",\"message\":\"session not created: Chrome failed to sta...\\\\n#14 0x55cdd7fa8040 \\\\u003Cunknown>\\\\n#15 0x55cdd7fb749c \\\\u003Cunknown>\\\\n#16 0x7fa906a94ac3 \\\\u003Cunknown>\\\\n\"}}'}\n\n    def check_response(self, response: Dict[str, Any]) -> None:\n        \"\"\"Checks that a JSON response from the WebDriver does not have an\n        error.\n    \n        :Args:\n         - response - The JSON response from the WebDriver server as a dictionary\n           object.\n    \n        :Raises: If the response contains an error message.\n        \"\"\"\n        status = response.get(\"status\", None)\n        if not status or status == ErrorCode.SUCCESS:\n            return\n        value = None\n        message = response.get(\"message\", \"\")\n        screen: str = response.get(\"screen\", \"\")\n        stacktrace = None\n        if isinstance(status, int):\n            value_json = response.get(\"value\", None)\n            if value_json and isinstance(value_json, str):\n                import json\n    \n                try:\n                    value = json.loads(value_json)\n                    if len(value) == 1:\n                        value = value[\"value\"]\n                    status = value.get(\"error\", None)\n                    if not status:\n                        status = value.get(\"status\", ErrorCode.UNKNOWN_ERROR)\n                        message = value.get(\"value\") or value.get(\"message\")\n                        if not isinstance(message, str):\n                            value = message\n                            message = message.get(\"message\")\n                    else:\n                        message = value.get(\"message\", None)\n                except ValueError:\n                    pass\n    \n        exception_class: Type[WebDriverException]\n        e = ErrorCode()\n        error_codes = [item for item in dir(e) if not item.startswith(\"__\")]\n        for error_code in error_codes:\n            error_info = getattr(ErrorCode, error_code)\n            if isinstance(error_info, list) and status in error_info:\n                exception_class = getattr(ExceptionMapping, error_code, WebDriverException)\n                break\n        else:\n            exception_class = WebDriverException\n    \n        if not value:\n            value = response[\"value\"]\n        if isinstance(value, str):\n            raise exception_class(value)\n        if message == \"\" and \"message\" in value:\n            message = value[\"message\"]\n    \n        screen = None  # type: ignore[assignment]\n        if \"screen\" in value:\n            screen = value[\"screen\"]\n    \n        stacktrace = None\n        st_value = value.get(\"stackTrace\") or value.get(\"stacktrace\")\n        if st_value:\n            if isinstance(st_value, str):\n                stacktrace = st_value.split(\"\\n\")\n            else:\n                stacktrace = []\n                try:\n                    for frame in st_value:\n                        line = frame.get(\"lineNumber\", \"\")\n                        file = frame.get(\"fileName\", \"<anonymous>\")\n                        if line:\n                            file = f\"{file}:{line}\"\n                        meth = frame.get(\"methodName\", \"<anonymous>\")\n                        if \"className\" in frame:\n                            meth = f\"{frame['className']}.{meth}\"\n                        msg = \"    at %s (%s)\"\n                        msg = msg % (meth, file)\n                        stacktrace.append(msg)\n                except TypeError:\n                    pass\n        if exception_class == UnexpectedAlertPresentException:\n            alert_text = None\n            if \"data\" in value:\n                alert_text = value[\"data\"].get(\"text\")\n            elif \"alert\" in value:\n                alert_text = value[\"alert\"].get(\"text\")\n            raise exception_class(message, screen, stacktrace, alert_text)  # type: ignore[call-arg]  # mypy is not smart enough here\n>       raise exception_class(message, screen, stacktrace)\nE       selenium.common.exceptions.SessionNotCreatedException: Message: session not created: Chrome failed to start: exited normally.\nE         (session not created: DevToolsActivePort file doesn't exist)\nE         (The process started from chrome location /usr/bin/google-chrome is no longer running, so ChromeDriver is assuming that Chrome has crashed.)\nE       Stacktrace:\nE       #0 0x55cdd7fb86ca <unknown>\nE       #1 0x55cdd7c89600 <unknown>\nE       #2 0x55cdd7cc1485 <unknown>\nE       #3 0x55cdd7cbd2f8 <unknown>\nE       #4 0x55cdd7d07ce8 <unknown>\nE       #5 0x55cdd7cfb643 <unknown>\nE       #6 0x55cdd7ccbd31 <unknown>\nE       #7 0x55cdd7ccc79e <unknown>\nE       #8 0x55cdd7f8025b <unknown>\nE       #9 0x55cdd7f841f2 <unknown>\nE       #10 0x55cdd7f6d615 <unknown>\nE       #11 0x55cdd7f84d82 <unknown>\nE       #12 0x55cdd7f5225f <unknown>\nE       #13 0x55cdd7fa7e68 <unknown>\nE       #14 0x55cdd7fa8040 <unknown>\nE       #15 0x55cdd7fb749c <unknown>\nE       #16 0x7fa906a94ac3 <unknown>\n\n/opt/hostedtoolcache/Python/3.11.9/x64/lib/python3.11/site-packages/selenium/webdriver/remote/errorhandler.py:229: SessionNotCreatedException","flaky":false,"newFailed":false,"newBroken":true,"newPassed":false,"retriesCount":0,"retriesStatusChange":false,"beforeStages":[{"name":"_session_faker","time":{"start":1724485951409,"stop":1724485951447,"duration":38},"status":"passed","steps":[],"attachments":[],"parameters":[],"shouldDisplayMessage":false,"stepsCount":0,"attachmentsCount":0,"hasContent":false},{"name":"Инициализация драйвера Chrome","time":{"start":1724485951921,"stop":1724485952104,"duration":183},"status":"broken","statusMessage":"selenium.common.exceptions.SessionNotCreatedException: Message: session not created: Chrome failed to start: exited normally.\n  (session not created: DevToolsActivePort file doesn't exist)\n  (The process started from chrome location /usr/bin/google-chrome is no longer running, so ChromeDriver is assuming that Chrome has crashed.)\nStacktrace:\n#0 0x55cdd7fb86ca <unknown>\n#1 0x55cdd7c89600 <unknown>\n#2 0x55cdd7cc1485 <unknown>\n#3 0x55cdd7cbd2f8 <unknown>\n#4 0x55cdd7d07ce8 <unknown>\n#5 0x55cdd7cfb643 <unknown>\n#6 0x55cdd7ccbd31 <unknown>\n#7 0x55cdd7ccc79e <unknown>\n#8 0x55cdd7f8025b <unknown>\n#9 0x55cdd7f841f2 <unknown>\n#10 0x55cdd7f6d615 <unknown>\n#11 0x55cdd7f84d82 <unknown>\n#12 0x55cdd7f5225f <unknown>\n#13 0x55cdd7fa7e68 <unknown>\n#14 0x55cdd7fa8040 <unknown>\n#15 0x55cdd7fb749c <unknown>\n#16 0x7fa906a94ac3 <unknown>\n\n","statusTrace":"  File \"/opt/hostedtoolcache/Python/3.11.9/x64/lib/python3.11/site-packages/pluggy/_callers.py\", line 103, in _multicall\n    res = hook_impl.function(*args)\n          ^^^^^^^^^^^^^^^^^^^^^^^^^\n  File \"/opt/hostedtoolcache/Python/3.11.9/x64/lib/python3.11/site-packages/_pytest/fixtures.py\", line 1123, in pytest_fixture_setup\n    result = call_fixture_func(fixturefunc, request, kwargs)\n             ^^^^^^^^^^^^^^^^^^^^^^^^^^^^^^^^^^^^^^^^^^^^^^^\n  File \"/opt/hostedtoolcache/Python/3.11.9/x64/lib/python3.11/site-packages/_pytest/fixtures.py\", line 895, in call_fixture_func\n    fixture_result = next(generator)\n                     ^^^^^^^^^^^^^^^\n  File \"/home/runner/work/motherhash/motherhash/conftest.py\", line 41, in browser\n    browser = webdriver.Chrome(options=options)\n              ^^^^^^^^^^^^^^^^^^^^^^^^^^^^^^^^^\n  File \"/opt/hostedtoolcache/Python/3.11.9/x64/lib/python3.11/site-packages/selenium/webdriver/chrome/webdriver.py\", line 45, in __init__\n    super().__init__(\n  File \"/opt/hostedtoolcache/Python/3.11.9/x64/lib/python3.11/site-packages/selenium/webdriver/chromium/webdriver.py\", line 66, in __init__\n    super().__init__(command_executor=executor, options=options)\n  File \"/opt/hostedtoolcache/Python/3.11.9/x64/lib/python3.11/site-packages/selenium/webdriver/remote/webdriver.py\", line 212, in __init__\n    self.start_session(capabilities)\n  File \"/opt/hostedtoolcache/Python/3.11.9/x64/lib/python3.11/site-packages/selenium/webdriver/remote/webdriver.py\", line 299, in start_session\n    response = self.execute(Command.NEW_SESSION, caps)[\"value\"]\n               ^^^^^^^^^^^^^^^^^^^^^^^^^^^^^^^^^^^^^^^\n  File \"/opt/hostedtoolcache/Python/3.11.9/x64/lib/python3.11/site-packages/selenium/webdriver/remote/webdriver.py\", line 354, in execute\n    self.error_handler.check_response(response)\n  File \"/opt/hostedtoolcache/Python/3.11.9/x64/lib/python3.11/site-packages/selenium/webdriver/remote/errorhandler.py\", line 229, in check_response\n    raise exception_class(message, screen, stacktrace)\n","steps":[],"attachments":[],"parameters":[],"shouldDisplayMessage":true,"stepsCount":0,"attachmentsCount":0,"hasContent":true}],"afterStages":[],"labels":[{"name":"subSuite","value":"1. Проверка наличия заголовка Check Your Email / Проверьте свою почту / Проверьте свою почту"},{"name":"suite","value":"Verification Code"},{"name":"parentSuite","value":"authorization.tests"},{"name":"host","value":"fv-az1536-508"},{"name":"thread","value":"11926-MainThread"},{"name":"framework","value":"pytest"},{"name":"language","value":"cpython3"},{"name":"package","value":"authorization.tests.test_verification_code"},{"name":"resultFormat","value":"allure2"}],"parameters":[{"name":"language","value":"'pt'"}],"links":[],"hidden":false,"retry":false,"extra":{"severity":"normal","retries":[],"categories":[{"name":"Test defects","matchedStatuses":[],"flaky":false}],"history":{"statistic":{"failed":0,"broken":1,"skipped":0,"passed":6,"unknown":0,"total":7},"items":[{"uid":"e8123fab41d2cadf","reportUrl":"https://konstantingerasimovwork.github.io/motherhash/103//#testresult/e8123fab41d2cadf","status":"passed","time":{"start":1724426033653,"stop":1724426034193,"duration":540}},{"uid":"917a4cfdc237af37","reportUrl":"https://konstantingerasimovwork.github.io/motherhash/102//#testresult/917a4cfdc237af37","status":"passed","time":{"start":1724423727138,"stop":1724423727679,"duration":541}},{"uid":"bf02f89349e9931b","reportUrl":"https://konstantingerasimovwork.github.io/motherhash/101//#testresult/bf02f89349e9931b","status":"passed","time":{"start":1724418684673,"stop":1724418685217,"duration":544}},{"uid":"7f1a04dec4e0fc7a","reportUrl":"https://konstantingerasimovwork.github.io/motherhash/100//#testresult/7f1a04dec4e0fc7a","status":"passed","time":{"start":1724407223174,"stop":1724407223713,"duration":539}},{"uid":"bbea7101aaa1ddcf","reportUrl":"https://konstantingerasimovwork.github.io/motherhash/99//#testresult/bbea7101aaa1ddcf","status":"passed","time":{"start":1724405012537,"stop":1724405013075,"duration":538}},{"uid":"52ab075795ed745f","reportUrl":"https://konstantingerasimovwork.github.io/motherhash/98//#testresult/52ab075795ed745f","status":"passed","time":{"start":1724402771967,"stop":1724402772508,"duration":541}}]},"tags":[]},"source":"50d5c8a26b75e5e6.json","parameterValues":["'pt'"]}