{"uid":"8c7831ec950ad1a5","name":"test_click_change_email_link_on_verification_code_page[en]","fullName":"authorization.tests.test_verification_code.TestVerificationCodePassword#test_click_change_email_link_on_verification_code_page","historyId":"d9e887aa6b03ab3883d88fa835f39d4f","time":{"start":1724485953415,"stop":1724485953415,"duration":0},"status":"broken","statusMessage":"selenium.common.exceptions.SessionNotCreatedException: Message: session not created: Chrome failed to start: exited normally.\n  (session not created: DevToolsActivePort file doesn't exist)\n  (The process started from chrome location /usr/bin/google-chrome is no longer running, so ChromeDriver is assuming that Chrome has crashed.)\nStacktrace:\n#0 0x5614ab44e6ca <unknown>\n#1 0x5614ab11f600 <unknown>\n#2 0x5614ab157485 <unknown>\n#3 0x5614ab1532f8 <unknown>\n#4 0x5614ab19dce8 <unknown>\n#5 0x5614ab191643 <unknown>\n#6 0x5614ab161d31 <unknown>\n#7 0x5614ab16279e <unknown>\n#8 0x5614ab41625b <unknown>\n#9 0x5614ab41a1f2 <unknown>\n#10 0x5614ab403615 <unknown>\n#11 0x5614ab41ad82 <unknown>\n#12 0x5614ab3e825f <unknown>\n#13 0x5614ab43de68 <unknown>\n#14 0x5614ab43e040 <unknown>\n#15 0x5614ab44d49c <unknown>\n#16 0x7fb6fa094ac3 <unknown>","statusTrace":"@pytest.fixture(scope=\"function\")\n    @allure.title('Инициализация драйвера Chrome')\n    def browser():\n        options = Options()\n        # options.add_argument(\"--headless\")\n        options.add_argument('--window-size=1920,1080')\n>       browser = webdriver.Chrome(options=options)\n\nconftest.py:41: \n_ _ _ _ _ _ _ _ _ _ _ _ _ _ _ _ _ _ _ _ _ _ _ _ _ _ _ _ _ _ _ _ _ _ _ _ _ _ _ _ \n/opt/hostedtoolcache/Python/3.11.9/x64/lib/python3.11/site-packages/selenium/webdriver/chrome/webdriver.py:45: in __init__\n    super().__init__(\n/opt/hostedtoolcache/Python/3.11.9/x64/lib/python3.11/site-packages/selenium/webdriver/chromium/webdriver.py:66: in __init__\n    super().__init__(command_executor=executor, options=options)\n/opt/hostedtoolcache/Python/3.11.9/x64/lib/python3.11/site-packages/selenium/webdriver/remote/webdriver.py:212: in __init__\n    self.start_session(capabilities)\n/opt/hostedtoolcache/Python/3.11.9/x64/lib/python3.11/site-packages/selenium/webdriver/remote/webdriver.py:299: in start_session\n    response = self.execute(Command.NEW_SESSION, caps)[\"value\"]\n/opt/hostedtoolcache/Python/3.11.9/x64/lib/python3.11/site-packages/selenium/webdriver/remote/webdriver.py:354: in execute\n    self.error_handler.check_response(response)\n_ _ _ _ _ _ _ _ _ _ _ _ _ _ _ _ _ _ _ _ _ _ _ _ _ _ _ _ _ _ _ _ _ _ _ _ _ _ _ _ \n\nself = <selenium.webdriver.remote.errorhandler.ErrorHandler object at 0x7f1d43035f90>\nresponse = {'status': 500, 'value': '{\"value\":{\"error\":\"session not created\",\"message\":\"session not created: Chrome failed to sta...\\\\n#14 0x5614ab43e040 \\\\u003Cunknown>\\\\n#15 0x5614ab44d49c \\\\u003Cunknown>\\\\n#16 0x7fb6fa094ac3 \\\\u003Cunknown>\\\\n\"}}'}\n\n    def check_response(self, response: Dict[str, Any]) -> None:\n        \"\"\"Checks that a JSON response from the WebDriver does not have an\n        error.\n    \n        :Args:\n         - response - The JSON response from the WebDriver server as a dictionary\n           object.\n    \n        :Raises: If the response contains an error message.\n        \"\"\"\n        status = response.get(\"status\", None)\n        if not status or status == ErrorCode.SUCCESS:\n            return\n        value = None\n        message = response.get(\"message\", \"\")\n        screen: str = response.get(\"screen\", \"\")\n        stacktrace = None\n        if isinstance(status, int):\n            value_json = response.get(\"value\", None)\n            if value_json and isinstance(value_json, str):\n                import json\n    \n                try:\n                    value = json.loads(value_json)\n                    if len(value) == 1:\n                        value = value[\"value\"]\n                    status = value.get(\"error\", None)\n                    if not status:\n                        status = value.get(\"status\", ErrorCode.UNKNOWN_ERROR)\n                        message = value.get(\"value\") or value.get(\"message\")\n                        if not isinstance(message, str):\n                            value = message\n                            message = message.get(\"message\")\n                    else:\n                        message = value.get(\"message\", None)\n                except ValueError:\n                    pass\n    \n        exception_class: Type[WebDriverException]\n        e = ErrorCode()\n        error_codes = [item for item in dir(e) if not item.startswith(\"__\")]\n        for error_code in error_codes:\n            error_info = getattr(ErrorCode, error_code)\n            if isinstance(error_info, list) and status in error_info:\n                exception_class = getattr(ExceptionMapping, error_code, WebDriverException)\n                break\n        else:\n            exception_class = WebDriverException\n    \n        if not value:\n            value = response[\"value\"]\n        if isinstance(value, str):\n            raise exception_class(value)\n        if message == \"\" and \"message\" in value:\n            message = value[\"message\"]\n    \n        screen = None  # type: ignore[assignment]\n        if \"screen\" in value:\n            screen = value[\"screen\"]\n    \n        stacktrace = None\n        st_value = value.get(\"stackTrace\") or value.get(\"stacktrace\")\n        if st_value:\n            if isinstance(st_value, str):\n                stacktrace = st_value.split(\"\\n\")\n            else:\n                stacktrace = []\n                try:\n                    for frame in st_value:\n                        line = frame.get(\"lineNumber\", \"\")\n                        file = frame.get(\"fileName\", \"<anonymous>\")\n                        if line:\n                            file = f\"{file}:{line}\"\n                        meth = frame.get(\"methodName\", \"<anonymous>\")\n                        if \"className\" in frame:\n                            meth = f\"{frame['className']}.{meth}\"\n                        msg = \"    at %s (%s)\"\n                        msg = msg % (meth, file)\n                        stacktrace.append(msg)\n                except TypeError:\n                    pass\n        if exception_class == UnexpectedAlertPresentException:\n            alert_text = None\n            if \"data\" in value:\n                alert_text = value[\"data\"].get(\"text\")\n            elif \"alert\" in value:\n                alert_text = value[\"alert\"].get(\"text\")\n            raise exception_class(message, screen, stacktrace, alert_text)  # type: ignore[call-arg]  # mypy is not smart enough here\n>       raise exception_class(message, screen, stacktrace)\nE       selenium.common.exceptions.SessionNotCreatedException: Message: session not created: Chrome failed to start: exited normally.\nE         (session not created: DevToolsActivePort file doesn't exist)\nE         (The process started from chrome location /usr/bin/google-chrome is no longer running, so ChromeDriver is assuming that Chrome has crashed.)\nE       Stacktrace:\nE       #0 0x5614ab44e6ca <unknown>\nE       #1 0x5614ab11f600 <unknown>\nE       #2 0x5614ab157485 <unknown>\nE       #3 0x5614ab1532f8 <unknown>\nE       #4 0x5614ab19dce8 <unknown>\nE       #5 0x5614ab191643 <unknown>\nE       #6 0x5614ab161d31 <unknown>\nE       #7 0x5614ab16279e <unknown>\nE       #8 0x5614ab41625b <unknown>\nE       #9 0x5614ab41a1f2 <unknown>\nE       #10 0x5614ab403615 <unknown>\nE       #11 0x5614ab41ad82 <unknown>\nE       #12 0x5614ab3e825f <unknown>\nE       #13 0x5614ab43de68 <unknown>\nE       #14 0x5614ab43e040 <unknown>\nE       #15 0x5614ab44d49c <unknown>\nE       #16 0x7fb6fa094ac3 <unknown>\n\n/opt/hostedtoolcache/Python/3.11.9/x64/lib/python3.11/site-packages/selenium/webdriver/remote/errorhandler.py:229: SessionNotCreatedException","flaky":false,"newFailed":false,"newBroken":true,"newPassed":false,"retriesCount":0,"retriesStatusChange":false,"beforeStages":[{"name":"_session_faker","time":{"start":1724485951409,"stop":1724485951447,"duration":38},"status":"passed","steps":[],"attachments":[],"parameters":[],"shouldDisplayMessage":false,"stepsCount":0,"attachmentsCount":0,"hasContent":false},{"name":"Инициализация драйвера Chrome","time":{"start":1724485953416,"stop":1724485953598,"duration":182},"status":"broken","statusMessage":"selenium.common.exceptions.SessionNotCreatedException: Message: session not created: Chrome failed to start: exited normally.\n  (session not created: DevToolsActivePort file doesn't exist)\n  (The process started from chrome location /usr/bin/google-chrome is no longer running, so ChromeDriver is assuming that Chrome has crashed.)\nStacktrace:\n#0 0x5614ab44e6ca <unknown>\n#1 0x5614ab11f600 <unknown>\n#2 0x5614ab157485 <unknown>\n#3 0x5614ab1532f8 <unknown>\n#4 0x5614ab19dce8 <unknown>\n#5 0x5614ab191643 <unknown>\n#6 0x5614ab161d31 <unknown>\n#7 0x5614ab16279e <unknown>\n#8 0x5614ab41625b <unknown>\n#9 0x5614ab41a1f2 <unknown>\n#10 0x5614ab403615 <unknown>\n#11 0x5614ab41ad82 <unknown>\n#12 0x5614ab3e825f <unknown>\n#13 0x5614ab43de68 <unknown>\n#14 0x5614ab43e040 <unknown>\n#15 0x5614ab44d49c <unknown>\n#16 0x7fb6fa094ac3 <unknown>\n\n","statusTrace":"  File \"/opt/hostedtoolcache/Python/3.11.9/x64/lib/python3.11/site-packages/pluggy/_callers.py\", line 103, in _multicall\n    res = hook_impl.function(*args)\n          ^^^^^^^^^^^^^^^^^^^^^^^^^\n  File \"/opt/hostedtoolcache/Python/3.11.9/x64/lib/python3.11/site-packages/_pytest/fixtures.py\", line 1123, in pytest_fixture_setup\n    result = call_fixture_func(fixturefunc, request, kwargs)\n             ^^^^^^^^^^^^^^^^^^^^^^^^^^^^^^^^^^^^^^^^^^^^^^^\n  File \"/opt/hostedtoolcache/Python/3.11.9/x64/lib/python3.11/site-packages/_pytest/fixtures.py\", line 895, in call_fixture_func\n    fixture_result = next(generator)\n                     ^^^^^^^^^^^^^^^\n  File \"/home/runner/work/motherhash/motherhash/conftest.py\", line 41, in browser\n    browser = webdriver.Chrome(options=options)\n              ^^^^^^^^^^^^^^^^^^^^^^^^^^^^^^^^^\n  File \"/opt/hostedtoolcache/Python/3.11.9/x64/lib/python3.11/site-packages/selenium/webdriver/chrome/webdriver.py\", line 45, in __init__\n    super().__init__(\n  File \"/opt/hostedtoolcache/Python/3.11.9/x64/lib/python3.11/site-packages/selenium/webdriver/chromium/webdriver.py\", line 66, in __init__\n    super().__init__(command_executor=executor, options=options)\n  File \"/opt/hostedtoolcache/Python/3.11.9/x64/lib/python3.11/site-packages/selenium/webdriver/remote/webdriver.py\", line 212, in __init__\n    self.start_session(capabilities)\n  File \"/opt/hostedtoolcache/Python/3.11.9/x64/lib/python3.11/site-packages/selenium/webdriver/remote/webdriver.py\", line 299, in start_session\n    response = self.execute(Command.NEW_SESSION, caps)[\"value\"]\n               ^^^^^^^^^^^^^^^^^^^^^^^^^^^^^^^^^^^^^^^\n  File \"/opt/hostedtoolcache/Python/3.11.9/x64/lib/python3.11/site-packages/selenium/webdriver/remote/webdriver.py\", line 354, in execute\n    self.error_handler.check_response(response)\n  File \"/opt/hostedtoolcache/Python/3.11.9/x64/lib/python3.11/site-packages/selenium/webdriver/remote/errorhandler.py\", line 229, in check_response\n    raise exception_class(message, screen, stacktrace)\n","steps":[],"attachments":[],"parameters":[],"shouldDisplayMessage":true,"stepsCount":0,"attachmentsCount":0,"hasContent":true}],"afterStages":[],"labels":[{"name":"subSuite","value":"4. Проверка перехода по ссылке Change email/Alterar email/Изменить электронную почту"},{"name":"suite","value":"Verification Code"},{"name":"parentSuite","value":"authorization.tests"},{"name":"host","value":"fv-az1536-508"},{"name":"thread","value":"11926-MainThread"},{"name":"framework","value":"pytest"},{"name":"language","value":"cpython3"},{"name":"package","value":"authorization.tests.test_verification_code"},{"name":"resultFormat","value":"allure2"}],"parameters":[{"name":"language","value":"'en'"}],"links":[],"hidden":false,"retry":false,"extra":{"severity":"normal","retries":[],"categories":[{"name":"Test defects","matchedStatuses":[],"flaky":false}],"history":{"statistic":{"failed":0,"broken":1,"skipped":0,"passed":6,"unknown":0,"total":7},"items":[{"uid":"b7b8b77217781860","reportUrl":"https://konstantingerasimovwork.github.io/motherhash/103//#testresult/b7b8b77217781860","status":"passed","time":{"start":1724426065538,"stop":1724426066120,"duration":582}},{"uid":"5cd14734d5256cc7","reportUrl":"https://konstantingerasimovwork.github.io/motherhash/102//#testresult/5cd14734d5256cc7","status":"passed","time":{"start":1724423758742,"stop":1724423759329,"duration":587}},{"uid":"9961a68e76f232b8","reportUrl":"https://konstantingerasimovwork.github.io/motherhash/101//#testresult/9961a68e76f232b8","status":"passed","time":{"start":1724418716810,"stop":1724418717396,"duration":586}},{"uid":"c55beee1bfa270e5","reportUrl":"https://konstantingerasimovwork.github.io/motherhash/100//#testresult/c55beee1bfa270e5","status":"passed","time":{"start":1724407253926,"stop":1724407254505,"duration":579}},{"uid":"465689822dcdc10d","reportUrl":"https://konstantingerasimovwork.github.io/motherhash/99//#testresult/465689822dcdc10d","status":"passed","time":{"start":1724405042370,"stop":1724405042953,"duration":583}},{"uid":"f32d39ef5787c990","reportUrl":"https://konstantingerasimovwork.github.io/motherhash/98//#testresult/f32d39ef5787c990","status":"passed","time":{"start":1724402800857,"stop":1724402800931,"duration":74}}]},"tags":[]},"source":"8c7831ec950ad1a5.json","parameterValues":["'en'"]}