{"uid":"9490fc4d1e95698a","name":"test_check_error_message_with_empty_create_password_field[pt]","fullName":"authorization.tests.test_signup.TestSignUpPassword#test_check_error_message_with_empty_create_password_field","historyId":"8b664120baf3f7b1a875fa1a7ac4d6ee","time":{"start":1724485946136,"stop":1724485946136,"duration":0},"status":"broken","statusMessage":"selenium.common.exceptions.SessionNotCreatedException: Message: session not created: Chrome failed to start: exited normally.\n  (session not created: DevToolsActivePort file doesn't exist)\n  (The process started from chrome location /usr/bin/google-chrome is no longer running, so ChromeDriver is assuming that Chrome has crashed.)\nStacktrace:\n#0 0x5609f637b6ca <unknown>\n#1 0x5609f604c600 <unknown>\n#2 0x5609f6084485 <unknown>\n#3 0x5609f60802f8 <unknown>\n#4 0x5609f60cace8 <unknown>\n#5 0x5609f60be643 <unknown>\n#6 0x5609f608ed31 <unknown>\n#7 0x5609f608f79e <unknown>\n#8 0x5609f634325b <unknown>\n#9 0x5609f63471f2 <unknown>\n#10 0x5609f6330615 <unknown>\n#11 0x5609f6347d82 <unknown>\n#12 0x5609f631525f <unknown>\n#13 0x5609f636ae68 <unknown>\n#14 0x5609f636b040 <unknown>\n#15 0x5609f637a49c <unknown>\n#16 0x7fe4de894ac3 <unknown>","statusTrace":"@pytest.fixture(scope=\"function\")\n    @allure.title('Инициализация драйвера Chrome')\n    def browser():\n        options = Options()\n        # options.add_argument(\"--headless\")\n        options.add_argument('--window-size=1920,1080')\n>       browser = webdriver.Chrome(options=options)\n\nconftest.py:41: \n_ _ _ _ _ _ _ _ _ _ _ _ _ _ _ _ _ _ _ _ _ _ _ _ _ _ _ _ _ _ _ _ _ _ _ _ _ _ _ _ \n/opt/hostedtoolcache/Python/3.11.9/x64/lib/python3.11/site-packages/selenium/webdriver/chrome/webdriver.py:45: in __init__\n    super().__init__(\n/opt/hostedtoolcache/Python/3.11.9/x64/lib/python3.11/site-packages/selenium/webdriver/chromium/webdriver.py:66: in __init__\n    super().__init__(command_executor=executor, options=options)\n/opt/hostedtoolcache/Python/3.11.9/x64/lib/python3.11/site-packages/selenium/webdriver/remote/webdriver.py:212: in __init__\n    self.start_session(capabilities)\n/opt/hostedtoolcache/Python/3.11.9/x64/lib/python3.11/site-packages/selenium/webdriver/remote/webdriver.py:299: in start_session\n    response = self.execute(Command.NEW_SESSION, caps)[\"value\"]\n/opt/hostedtoolcache/Python/3.11.9/x64/lib/python3.11/site-packages/selenium/webdriver/remote/webdriver.py:354: in execute\n    self.error_handler.check_response(response)\n_ _ _ _ _ _ _ _ _ _ _ _ _ _ _ _ _ _ _ _ _ _ _ _ _ _ _ _ _ _ _ _ _ _ _ _ _ _ _ _ \n\nself = <selenium.webdriver.remote.errorhandler.ErrorHandler object at 0x7f0ce0132150>\nresponse = {'status': 500, 'value': '{\"value\":{\"error\":\"session not created\",\"message\":\"session not created: Chrome failed to sta...\\\\n#14 0x5609f636b040 \\\\u003Cunknown>\\\\n#15 0x5609f637a49c \\\\u003Cunknown>\\\\n#16 0x7fe4de894ac3 \\\\u003Cunknown>\\\\n\"}}'}\n\n    def check_response(self, response: Dict[str, Any]) -> None:\n        \"\"\"Checks that a JSON response from the WebDriver does not have an\n        error.\n    \n        :Args:\n         - response - The JSON response from the WebDriver server as a dictionary\n           object.\n    \n        :Raises: If the response contains an error message.\n        \"\"\"\n        status = response.get(\"status\", None)\n        if not status or status == ErrorCode.SUCCESS:\n            return\n        value = None\n        message = response.get(\"message\", \"\")\n        screen: str = response.get(\"screen\", \"\")\n        stacktrace = None\n        if isinstance(status, int):\n            value_json = response.get(\"value\", None)\n            if value_json and isinstance(value_json, str):\n                import json\n    \n                try:\n                    value = json.loads(value_json)\n                    if len(value) == 1:\n                        value = value[\"value\"]\n                    status = value.get(\"error\", None)\n                    if not status:\n                        status = value.get(\"status\", ErrorCode.UNKNOWN_ERROR)\n                        message = value.get(\"value\") or value.get(\"message\")\n                        if not isinstance(message, str):\n                            value = message\n                            message = message.get(\"message\")\n                    else:\n                        message = value.get(\"message\", None)\n                except ValueError:\n                    pass\n    \n        exception_class: Type[WebDriverException]\n        e = ErrorCode()\n        error_codes = [item for item in dir(e) if not item.startswith(\"__\")]\n        for error_code in error_codes:\n            error_info = getattr(ErrorCode, error_code)\n            if isinstance(error_info, list) and status in error_info:\n                exception_class = getattr(ExceptionMapping, error_code, WebDriverException)\n                break\n        else:\n            exception_class = WebDriverException\n    \n        if not value:\n            value = response[\"value\"]\n        if isinstance(value, str):\n            raise exception_class(value)\n        if message == \"\" and \"message\" in value:\n            message = value[\"message\"]\n    \n        screen = None  # type: ignore[assignment]\n        if \"screen\" in value:\n            screen = value[\"screen\"]\n    \n        stacktrace = None\n        st_value = value.get(\"stackTrace\") or value.get(\"stacktrace\")\n        if st_value:\n            if isinstance(st_value, str):\n                stacktrace = st_value.split(\"\\n\")\n            else:\n                stacktrace = []\n                try:\n                    for frame in st_value:\n                        line = frame.get(\"lineNumber\", \"\")\n                        file = frame.get(\"fileName\", \"<anonymous>\")\n                        if line:\n                            file = f\"{file}:{line}\"\n                        meth = frame.get(\"methodName\", \"<anonymous>\")\n                        if \"className\" in frame:\n                            meth = f\"{frame['className']}.{meth}\"\n                        msg = \"    at %s (%s)\"\n                        msg = msg % (meth, file)\n                        stacktrace.append(msg)\n                except TypeError:\n                    pass\n        if exception_class == UnexpectedAlertPresentException:\n            alert_text = None\n            if \"data\" in value:\n                alert_text = value[\"data\"].get(\"text\")\n            elif \"alert\" in value:\n                alert_text = value[\"alert\"].get(\"text\")\n            raise exception_class(message, screen, stacktrace, alert_text)  # type: ignore[call-arg]  # mypy is not smart enough here\n>       raise exception_class(message, screen, stacktrace)\nE       selenium.common.exceptions.SessionNotCreatedException: Message: session not created: Chrome failed to start: exited normally.\nE         (session not created: DevToolsActivePort file doesn't exist)\nE         (The process started from chrome location /usr/bin/google-chrome is no longer running, so ChromeDriver is assuming that Chrome has crashed.)\nE       Stacktrace:\nE       #0 0x5609f637b6ca <unknown>\nE       #1 0x5609f604c600 <unknown>\nE       #2 0x5609f6084485 <unknown>\nE       #3 0x5609f60802f8 <unknown>\nE       #4 0x5609f60cace8 <unknown>\nE       #5 0x5609f60be643 <unknown>\nE       #6 0x5609f608ed31 <unknown>\nE       #7 0x5609f608f79e <unknown>\nE       #8 0x5609f634325b <unknown>\nE       #9 0x5609f63471f2 <unknown>\nE       #10 0x5609f6330615 <unknown>\nE       #11 0x5609f6347d82 <unknown>\nE       #12 0x5609f631525f <unknown>\nE       #13 0x5609f636ae68 <unknown>\nE       #14 0x5609f636b040 <unknown>\nE       #15 0x5609f637a49c <unknown>\nE       #16 0x7fe4de894ac3 <unknown>\n\n/opt/hostedtoolcache/Python/3.11.9/x64/lib/python3.11/site-packages/selenium/webdriver/remote/errorhandler.py:229: SessionNotCreatedException","flaky":false,"newFailed":false,"newBroken":true,"newPassed":false,"retriesCount":0,"retriesStatusChange":false,"beforeStages":[{"name":"_session_faker","time":{"start":1724485941796,"stop":1724485941825,"duration":29},"status":"passed","steps":[],"attachments":[],"parameters":[],"shouldDisplayMessage":false,"stepsCount":0,"attachmentsCount":0,"hasContent":false},{"name":"Инициализация драйвера Chrome","time":{"start":1724485946136,"stop":1724485946319,"duration":183},"status":"broken","statusMessage":"selenium.common.exceptions.SessionNotCreatedException: Message: session not created: Chrome failed to start: exited normally.\n  (session not created: DevToolsActivePort file doesn't exist)\n  (The process started from chrome location /usr/bin/google-chrome is no longer running, so ChromeDriver is assuming that Chrome has crashed.)\nStacktrace:\n#0 0x5609f637b6ca <unknown>\n#1 0x5609f604c600 <unknown>\n#2 0x5609f6084485 <unknown>\n#3 0x5609f60802f8 <unknown>\n#4 0x5609f60cace8 <unknown>\n#5 0x5609f60be643 <unknown>\n#6 0x5609f608ed31 <unknown>\n#7 0x5609f608f79e <unknown>\n#8 0x5609f634325b <unknown>\n#9 0x5609f63471f2 <unknown>\n#10 0x5609f6330615 <unknown>\n#11 0x5609f6347d82 <unknown>\n#12 0x5609f631525f <unknown>\n#13 0x5609f636ae68 <unknown>\n#14 0x5609f636b040 <unknown>\n#15 0x5609f637a49c <unknown>\n#16 0x7fe4de894ac3 <unknown>\n\n","statusTrace":"  File \"/opt/hostedtoolcache/Python/3.11.9/x64/lib/python3.11/site-packages/pluggy/_callers.py\", line 103, in _multicall\n    res = hook_impl.function(*args)\n          ^^^^^^^^^^^^^^^^^^^^^^^^^\n  File \"/opt/hostedtoolcache/Python/3.11.9/x64/lib/python3.11/site-packages/_pytest/fixtures.py\", line 1123, in pytest_fixture_setup\n    result = call_fixture_func(fixturefunc, request, kwargs)\n             ^^^^^^^^^^^^^^^^^^^^^^^^^^^^^^^^^^^^^^^^^^^^^^^\n  File \"/opt/hostedtoolcache/Python/3.11.9/x64/lib/python3.11/site-packages/_pytest/fixtures.py\", line 895, in call_fixture_func\n    fixture_result = next(generator)\n                     ^^^^^^^^^^^^^^^\n  File \"/home/runner/work/motherhash/motherhash/conftest.py\", line 41, in browser\n    browser = webdriver.Chrome(options=options)\n              ^^^^^^^^^^^^^^^^^^^^^^^^^^^^^^^^^\n  File \"/opt/hostedtoolcache/Python/3.11.9/x64/lib/python3.11/site-packages/selenium/webdriver/chrome/webdriver.py\", line 45, in __init__\n    super().__init__(\n  File \"/opt/hostedtoolcache/Python/3.11.9/x64/lib/python3.11/site-packages/selenium/webdriver/chromium/webdriver.py\", line 66, in __init__\n    super().__init__(command_executor=executor, options=options)\n  File \"/opt/hostedtoolcache/Python/3.11.9/x64/lib/python3.11/site-packages/selenium/webdriver/remote/webdriver.py\", line 212, in __init__\n    self.start_session(capabilities)\n  File \"/opt/hostedtoolcache/Python/3.11.9/x64/lib/python3.11/site-packages/selenium/webdriver/remote/webdriver.py\", line 299, in start_session\n    response = self.execute(Command.NEW_SESSION, caps)[\"value\"]\n               ^^^^^^^^^^^^^^^^^^^^^^^^^^^^^^^^^^^^^^^\n  File \"/opt/hostedtoolcache/Python/3.11.9/x64/lib/python3.11/site-packages/selenium/webdriver/remote/webdriver.py\", line 354, in execute\n    self.error_handler.check_response(response)\n  File \"/opt/hostedtoolcache/Python/3.11.9/x64/lib/python3.11/site-packages/selenium/webdriver/remote/errorhandler.py\", line 229, in check_response\n    raise exception_class(message, screen, stacktrace)\n","steps":[],"attachments":[],"parameters":[],"shouldDisplayMessage":true,"stepsCount":0,"attachmentsCount":0,"hasContent":true}],"afterStages":[],"labels":[{"name":"subSuite","value":"7. Проверка на обязательность заполнения: оставить первое поле пустым"},{"name":"suite","value":"SignUp Password"},{"name":"parentSuite","value":"authorization.tests"},{"name":"host","value":"fv-az1536-508"},{"name":"thread","value":"9729-MainThread"},{"name":"framework","value":"pytest"},{"name":"language","value":"cpython3"},{"name":"package","value":"authorization.tests.test_signup"},{"name":"resultFormat","value":"allure2"}],"parameters":[{"name":"language","value":"'pt'"}],"links":[],"hidden":false,"retry":false,"extra":{"severity":"normal","retries":[],"categories":[{"name":"Test defects","matchedStatuses":[],"flaky":false}],"history":{"statistic":{"failed":0,"broken":1,"skipped":0,"passed":6,"unknown":0,"total":7},"items":[{"uid":"6d60f18608ea0aee","reportUrl":"https://konstantingerasimovwork.github.io/motherhash/103//#testresult/6d60f18608ea0aee","status":"passed","time":{"start":1724425940677,"stop":1724425940839,"duration":162}},{"uid":"3ce12623d1158856","reportUrl":"https://konstantingerasimovwork.github.io/motherhash/102//#testresult/3ce12623d1158856","status":"passed","time":{"start":1724423634020,"stop":1724423634191,"duration":171}},{"uid":"c4d284f3586d1bc5","reportUrl":"https://konstantingerasimovwork.github.io/motherhash/101//#testresult/c4d284f3586d1bc5","status":"passed","time":{"start":1724418593174,"stop":1724418593350,"duration":176}},{"uid":"b02d3e0a8acd7e08","reportUrl":"https://konstantingerasimovwork.github.io/motherhash/100//#testresult/b02d3e0a8acd7e08","status":"passed","time":{"start":1724407131274,"stop":1724407131431,"duration":157}},{"uid":"552aafae6e4fac70","reportUrl":"https://konstantingerasimovwork.github.io/motherhash/99//#testresult/552aafae6e4fac70","status":"passed","time":{"start":1724404926819,"stop":1724404926981,"duration":162}},{"uid":"8befc5759de1c574","reportUrl":"https://konstantingerasimovwork.github.io/motherhash/98//#testresult/8befc5759de1c574","status":"passed","time":{"start":1724402683493,"stop":1724402683657,"duration":164}}]},"tags":[]},"source":"9490fc4d1e95698a.json","parameterValues":["'pt'"]}