{"uid":"bb1b790d0f7e0988","name":"Проверка ввода незарегистрированного в базе email в поле ввода - Длинна локального имени 1 символ","fullName":"authorization.tests.test_signin.TestSignInEmail#test_valid_email_range","historyId":"f7c87c6cc58c55fabd1b7defc3e41b3d","time":{"start":1729343497306,"stop":1729343518369,"duration":21063},"status":"broken","statusMessage":"selenium.common.exceptions.TimeoutException: Message: \nStacktrace:\n#0 0x55ef8e9710aa <unknown>\n#1 0x55ef8e4881a0 <unknown>\n#2 0x55ef8e4d4d06 <unknown>\n#3 0x55ef8e4d4fa1 <unknown>\n#4 0x55ef8e51a344 <unknown>\n#5 0x55ef8e4f8dad <unknown>\n#6 0x55ef8e517866 <unknown>\n#7 0x55ef8e4f8b23 <unknown>\n#8 0x55ef8e4c7990 <unknown>\n#9 0x55ef8e4c896e <unknown>\n#10 0x55ef8e93d16b <unknown>\n#11 0x55ef8e940f68 <unknown>\n#12 0x55ef8e92a64c <unknown>\n#13 0x55ef8e941ae7 <unknown>\n#14 0x55ef8e90f4af <unknown>\n#15 0x55ef8e95f4f8 <unknown>\n#16 0x55ef8e95f6c0 <unknown>\n#17 0x55ef8e96ff26 <unknown>\n#18 0x7efe92294ac3 <unknown>","statusTrace":"self = <test_signin.TestSignInEmail object at 0x7fda95436d90>\nbrowser = <selenium.webdriver.chrome.webdriver.WebDriver (session=\"34c3022b635d2df9496a313863e02f84\")>\nemail = 'e@example.com', description = 'Длинна локального имени 1 символ'\n\n    @allure.sub_suite('4. Позитивные проверки для диапазона')\n    @pytest.mark.parametrize('email, description', [('e@example.com', 'Длинна локального имени 1 символ'),\n                                                    ('em@example.com', 'Длинна локального имени 2 символа'),\n                                                    ('emailemailemailemailemailemailemailemailemailemailemailemailema@example.com', 'Длинна локального имени 63 символа'),\n                                                    ('emailemailemailemailemailemailemailemailemailemailemailemailemai@example.com', 'Длинна локального имени 64 символа'),\n                                                    ('email@e.com', 'Длина доменного имени 1 символ'),\n                                                    ('email@em.com', 'Длина доменного имени 2 символа'),\n                                                    ('email@exampleexampleexampleexampleexampleexampleexampleexampleexampl.com', 'Длина доменного имени 62 символа'),\n                                                    ('email@exampleexampleexampleexampleexampleexampleexampleexampleexample.com', 'Длина доменного имени 63 символа')])\n    def test_valid_email_range(self, browser, email, description):\n        allure.dynamic.title(\n            f'Проверка ввода незарегистрированного в базе email в поле ввода - {description}')\n        signin_page = SignInPage(browser)\n        browser.get(data.URL_SIGNIN)\n>       signin_page.find_email_field_and_type_text(email)\n\nauthorization/tests/test_signin.py:78: \n_ _ _ _ _ _ _ _ _ _ _ _ _ _ _ _ _ _ _ _ _ _ _ _ _ _ _ _ _ _ _ _ _ _ _ _ _ _ _ _ \nauthorization/pages/signin_page.py:22: in find_email_field_and_type_text\n    self.wait_visible_element(signin.SIGNIN_EMAIL_FIELD)\nauthorization/pages/base_page.py:25: in wait_visible_element\n    WebDriverWait(self.browser, 20).until(expected_conditions.visibility_of_element_located(locator))\n_ _ _ _ _ _ _ _ _ _ _ _ _ _ _ _ _ _ _ _ _ _ _ _ _ _ _ _ _ _ _ _ _ _ _ _ _ _ _ _ \n\nself = <selenium.webdriver.support.wait.WebDriverWait (session=\"34c3022b635d2df9496a313863e02f84\")>\nmethod = <function visibility_of_element_located.<locals>._predicate at 0x7fda95350900>\nmessage = ''\n\n    def until(self, method: Callable[[D], Union[Literal[False], T]], message: str = \"\") -> T:\n        \"\"\"Calls the method provided with the driver as an argument until the \\\n        return value does not evaluate to ``False``.\n    \n        :param method: callable(WebDriver)\n        :param message: optional message for :exc:`TimeoutException`\n        :returns: the result of the last call to `method`\n        :raises: :exc:`selenium.common.exceptions.TimeoutException` if timeout occurs\n        \"\"\"\n        screen = None\n        stacktrace = None\n    \n        end_time = time.monotonic() + self._timeout\n        while True:\n            try:\n                value = method(self._driver)\n                if value:\n                    return value\n            except self._ignored_exceptions as exc:\n                screen = getattr(exc, \"screen\", None)\n                stacktrace = getattr(exc, \"stacktrace\", None)\n            time.sleep(self._poll)\n            if time.monotonic() > end_time:\n                break\n>       raise TimeoutException(message, screen, stacktrace)\nE       selenium.common.exceptions.TimeoutException: Message: \nE       Stacktrace:\nE       #0 0x55ef8e9710aa <unknown>\nE       #1 0x55ef8e4881a0 <unknown>\nE       #2 0x55ef8e4d4d06 <unknown>\nE       #3 0x55ef8e4d4fa1 <unknown>\nE       #4 0x55ef8e51a344 <unknown>\nE       #5 0x55ef8e4f8dad <unknown>\nE       #6 0x55ef8e517866 <unknown>\nE       #7 0x55ef8e4f8b23 <unknown>\nE       #8 0x55ef8e4c7990 <unknown>\nE       #9 0x55ef8e4c896e <unknown>\nE       #10 0x55ef8e93d16b <unknown>\nE       #11 0x55ef8e940f68 <unknown>\nE       #12 0x55ef8e92a64c <unknown>\nE       #13 0x55ef8e941ae7 <unknown>\nE       #14 0x55ef8e90f4af <unknown>\nE       #15 0x55ef8e95f4f8 <unknown>\nE       #16 0x55ef8e95f6c0 <unknown>\nE       #17 0x55ef8e96ff26 <unknown>\nE       #18 0x7efe92294ac3 <unknown>\n\n/opt/hostedtoolcache/Python/3.11.10/x64/lib/python3.11/site-packages/selenium/webdriver/support/wait.py:105: TimeoutException","flaky":false,"newFailed":false,"newBroken":false,"newPassed":false,"retriesCount":0,"retriesStatusChange":false,"beforeStages":[{"name":"_session_faker","time":{"start":1729343154302,"stop":1729343154331,"duration":29},"status":"passed","steps":[],"attachments":[],"parameters":[],"shouldDisplayMessage":false,"stepsCount":0,"attachmentsCount":0,"hasContent":false},{"name":"Инициализация драйвера Chrome","time":{"start":1729343497021,"stop":1729343497305,"duration":284},"status":"passed","steps":[],"attachments":[],"parameters":[],"shouldDisplayMessage":false,"stepsCount":0,"attachmentsCount":0,"hasContent":false}],"testStage":{"status":"broken","statusMessage":"selenium.common.exceptions.TimeoutException: Message: \nStacktrace:\n#0 0x55ef8e9710aa <unknown>\n#1 0x55ef8e4881a0 <unknown>\n#2 0x55ef8e4d4d06 <unknown>\n#3 0x55ef8e4d4fa1 <unknown>\n#4 0x55ef8e51a344 <unknown>\n#5 0x55ef8e4f8dad <unknown>\n#6 0x55ef8e517866 <unknown>\n#7 0x55ef8e4f8b23 <unknown>\n#8 0x55ef8e4c7990 <unknown>\n#9 0x55ef8e4c896e <unknown>\n#10 0x55ef8e93d16b <unknown>\n#11 0x55ef8e940f68 <unknown>\n#12 0x55ef8e92a64c <unknown>\n#13 0x55ef8e941ae7 <unknown>\n#14 0x55ef8e90f4af <unknown>\n#15 0x55ef8e95f4f8 <unknown>\n#16 0x55ef8e95f6c0 <unknown>\n#17 0x55ef8e96ff26 <unknown>\n#18 0x7efe92294ac3 <unknown>","statusTrace":"self = <test_signin.TestSignInEmail object at 0x7fda95436d90>\nbrowser = <selenium.webdriver.chrome.webdriver.WebDriver (session=\"34c3022b635d2df9496a313863e02f84\")>\nemail = 'e@example.com', description = 'Длинна локального имени 1 символ'\n\n    @allure.sub_suite('4. Позитивные проверки для диапазона')\n    @pytest.mark.parametrize('email, description', [('e@example.com', 'Длинна локального имени 1 символ'),\n                                                    ('em@example.com', 'Длинна локального имени 2 символа'),\n                                                    ('emailemailemailemailemailemailemailemailemailemailemailemailema@example.com', 'Длинна локального имени 63 символа'),\n                                                    ('emailemailemailemailemailemailemailemailemailemailemailemailemai@example.com', 'Длинна локального имени 64 символа'),\n                                                    ('email@e.com', 'Длина доменного имени 1 символ'),\n                                                    ('email@em.com', 'Длина доменного имени 2 символа'),\n                                                    ('email@exampleexampleexampleexampleexampleexampleexampleexampleexampl.com', 'Длина доменного имени 62 символа'),\n                                                    ('email@exampleexampleexampleexampleexampleexampleexampleexampleexample.com', 'Длина доменного имени 63 символа')])\n    def test_valid_email_range(self, browser, email, description):\n        allure.dynamic.title(\n            f'Проверка ввода незарегистрированного в базе email в поле ввода - {description}')\n        signin_page = SignInPage(browser)\n        browser.get(data.URL_SIGNIN)\n>       signin_page.find_email_field_and_type_text(email)\n\nauthorization/tests/test_signin.py:78: \n_ _ _ _ _ _ _ _ _ _ _ _ _ _ _ _ _ _ _ _ _ _ _ _ _ _ _ _ _ _ _ _ _ _ _ _ _ _ _ _ \nauthorization/pages/signin_page.py:22: in find_email_field_and_type_text\n    self.wait_visible_element(signin.SIGNIN_EMAIL_FIELD)\nauthorization/pages/base_page.py:25: in wait_visible_element\n    WebDriverWait(self.browser, 20).until(expected_conditions.visibility_of_element_located(locator))\n_ _ _ _ _ _ _ _ _ _ _ _ _ _ _ _ _ _ _ _ _ _ _ _ _ _ _ _ _ _ _ _ _ _ _ _ _ _ _ _ \n\nself = <selenium.webdriver.support.wait.WebDriverWait (session=\"34c3022b635d2df9496a313863e02f84\")>\nmethod = <function visibility_of_element_located.<locals>._predicate at 0x7fda95350900>\nmessage = ''\n\n    def until(self, method: Callable[[D], Union[Literal[False], T]], message: str = \"\") -> T:\n        \"\"\"Calls the method provided with the driver as an argument until the \\\n        return value does not evaluate to ``False``.\n    \n        :param method: callable(WebDriver)\n        :param message: optional message for :exc:`TimeoutException`\n        :returns: the result of the last call to `method`\n        :raises: :exc:`selenium.common.exceptions.TimeoutException` if timeout occurs\n        \"\"\"\n        screen = None\n        stacktrace = None\n    \n        end_time = time.monotonic() + self._timeout\n        while True:\n            try:\n                value = method(self._driver)\n                if value:\n                    return value\n            except self._ignored_exceptions as exc:\n                screen = getattr(exc, \"screen\", None)\n                stacktrace = getattr(exc, \"stacktrace\", None)\n            time.sleep(self._poll)\n            if time.monotonic() > end_time:\n                break\n>       raise TimeoutException(message, screen, stacktrace)\nE       selenium.common.exceptions.TimeoutException: Message: \nE       Stacktrace:\nE       #0 0x55ef8e9710aa <unknown>\nE       #1 0x55ef8e4881a0 <unknown>\nE       #2 0x55ef8e4d4d06 <unknown>\nE       #3 0x55ef8e4d4fa1 <unknown>\nE       #4 0x55ef8e51a344 <unknown>\nE       #5 0x55ef8e4f8dad <unknown>\nE       #6 0x55ef8e517866 <unknown>\nE       #7 0x55ef8e4f8b23 <unknown>\nE       #8 0x55ef8e4c7990 <unknown>\nE       #9 0x55ef8e4c896e <unknown>\nE       #10 0x55ef8e93d16b <unknown>\nE       #11 0x55ef8e940f68 <unknown>\nE       #12 0x55ef8e92a64c <unknown>\nE       #13 0x55ef8e941ae7 <unknown>\nE       #14 0x55ef8e90f4af <unknown>\nE       #15 0x55ef8e95f4f8 <unknown>\nE       #16 0x55ef8e95f6c0 <unknown>\nE       #17 0x55ef8e96ff26 <unknown>\nE       #18 0x7efe92294ac3 <unknown>\n\n/opt/hostedtoolcache/Python/3.11.10/x64/lib/python3.11/site-packages/selenium/webdriver/support/wait.py:105: TimeoutException","steps":[{"name":"Находим поле email и ввести 'e@example.com'","time":{"start":1729343497871,"stop":1729343518368,"duration":20497},"status":"broken","statusMessage":"selenium.common.exceptions.TimeoutException: Message: \nStacktrace:\n#0 0x55ef8e9710aa <unknown>\n#1 0x55ef8e4881a0 <unknown>\n#2 0x55ef8e4d4d06 <unknown>\n#3 0x55ef8e4d4fa1 <unknown>\n#4 0x55ef8e51a344 <unknown>\n#5 0x55ef8e4f8dad <unknown>\n#6 0x55ef8e517866 <unknown>\n#7 0x55ef8e4f8b23 <unknown>\n#8 0x55ef8e4c7990 <unknown>\n#9 0x55ef8e4c896e <unknown>\n#10 0x55ef8e93d16b <unknown>\n#11 0x55ef8e940f68 <unknown>\n#12 0x55ef8e92a64c <unknown>\n#13 0x55ef8e941ae7 <unknown>\n#14 0x55ef8e90f4af <unknown>\n#15 0x55ef8e95f4f8 <unknown>\n#16 0x55ef8e95f6c0 <unknown>\n#17 0x55ef8e96ff26 <unknown>\n#18 0x7efe92294ac3 <unknown>\n\n","statusTrace":"  File \"/opt/hostedtoolcache/Python/3.11.10/x64/lib/python3.11/site-packages/allure_commons/_allure.py\", line 192, in impl\n    return func(*a, **kw)\n           ^^^^^^^^^^^^^^\n  File \"/home/runner/work/motherhash/motherhash/authorization/pages/signin_page.py\", line 22, in find_email_field_and_type_text\n    self.wait_visible_element(signin.SIGNIN_EMAIL_FIELD)\n  File \"/home/runner/work/motherhash/motherhash/authorization/pages/base_page.py\", line 25, in wait_visible_element\n    WebDriverWait(self.browser, 20).until(expected_conditions.visibility_of_element_located(locator))\n  File \"/opt/hostedtoolcache/Python/3.11.10/x64/lib/python3.11/site-packages/selenium/webdriver/support/wait.py\", line 105, in until\n    raise TimeoutException(message, screen, stacktrace)\n","steps":[],"attachments":[],"parameters":[{"name":"email","value":"'e@example.com'"}],"shouldDisplayMessage":true,"stepsCount":0,"attachmentsCount":0,"hasContent":true}],"attachments":[],"parameters":[],"shouldDisplayMessage":true,"stepsCount":1,"attachmentsCount":0,"hasContent":true},"afterStages":[{"name":"Инициализация драйвера Chrome::0","time":{"start":1729343518378,"stop":1729343518464,"duration":86},"status":"passed","steps":[],"attachments":[],"parameters":[],"shouldDisplayMessage":false,"stepsCount":0,"attachmentsCount":0,"hasContent":false}],"labels":[{"name":"subSuite","value":"4. Позитивные проверки для диапазона"},{"name":"suite","value":"SignIn Email"},{"name":"parentSuite","value":"authorization.tests"},{"name":"host","value":"fv-az777-136"},{"name":"thread","value":"4541-MainThread"},{"name":"framework","value":"pytest"},{"name":"language","value":"cpython3"},{"name":"package","value":"authorization.tests.test_signin"},{"name":"resultFormat","value":"allure2"}],"parameters":[{"name":"description","value":"'Длинна локального имени 1 символ'"},{"name":"email","value":"'e@example.com'"}],"links":[],"hidden":false,"retry":false,"extra":{"severity":"normal","retries":[],"categories":[{"name":"Test defects","matchedStatuses":[],"flaky":false}],"history":{"statistic":{"failed":0,"broken":5,"skipped":0,"passed":61,"unknown":0,"total":66},"items":[{"uid":"dbc7c00efed7a7c9","reportUrl":"https://konstantingerasimovwork.github.io/motherhash/163//#testresult/dbc7c00efed7a7c9","status":"broken","statusDetails":"selenium.common.exceptions.TimeoutException: Message: \nStacktrace:\n#0 0x55f2e414702a <unknown>\n#1 0x55f2e3e2d5e0 <unknown>\n#2 0x55f2e3e7cbe8 <unknown>\n#3 0x55f2e3e7ce81 <unknown>\n#4 0x55f2e3ec38c4 <unknown>\n#5 0x55f2e3ea1b4d <unknown>\n#6 0x55f2e3ec0d7d <unknown>\n#7 0x55f2e3ea18c3 <unknown>\n#8 0x55f2e3e6f6b3 <unknown>\n#9 0x55f2e3e7068e <unknown>\n#10 0x55f2e4111a2b <unknown>\n#11 0x55f2e41159b1 <unknown>\n#12 0x55f2e40fe225 <unknown>\n#13 0x55f2e4116532 <unknown>\n#14 0x55f2e40e338f <unknown>\n#15 0x55f2e4135f28 <unknown>\n#16 0x55f2e41360f3 <unknown>\n#17 0x55f2e4145e7c <unknown>\n#18 0x7f04eea94ac3 <unknown>","time":{"start":1729257249178,"stop":1729257270225,"duration":21047}},{"uid":"35567b5782e949d2","reportUrl":"https://konstantingerasimovwork.github.io/motherhash/162//#testresult/35567b5782e949d2","status":"broken","statusDetails":"selenium.common.exceptions.TimeoutException: Message: \nStacktrace:\n#0 0x55ff0ed7702a <unknown>\n#1 0x55ff0ea5d5e0 <unknown>\n#2 0x55ff0eaacbe8 <unknown>\n#3 0x55ff0eaace81 <unknown>\n#4 0x55ff0eaf38c4 <unknown>\n#5 0x55ff0ead1b4d <unknown>\n#6 0x55ff0eaf0d7d <unknown>\n#7 0x55ff0ead18c3 <unknown>\n#8 0x55ff0ea9f6b3 <unknown>\n#9 0x55ff0eaa068e <unknown>\n#10 0x55ff0ed41a2b <unknown>\n#11 0x55ff0ed459b1 <unknown>\n#12 0x55ff0ed2e225 <unknown>\n#13 0x55ff0ed46532 <unknown>\n#14 0x55ff0ed1338f <unknown>\n#15 0x55ff0ed65f28 <unknown>\n#16 0x55ff0ed660f3 <unknown>\n#17 0x55ff0ed75e7c <unknown>\n#18 0x7fe3f2694ac3 <unknown>","time":{"start":1729170876738,"stop":1729170897767,"duration":21029}},{"uid":"4498abf2d5a6ad46","reportUrl":"https://konstantingerasimovwork.github.io/motherhash/161//#testresult/4498abf2d5a6ad46","status":"passed","time":{"start":1729083966801,"stop":1729083969220,"duration":2419}},{"uid":"abffd4797ac12a6a","reportUrl":"https://konstantingerasimovwork.github.io/motherhash/160//#testresult/abffd4797ac12a6a","status":"passed","time":{"start":1728997630713,"stop":1728997633642,"duration":2929}},{"uid":"af2a3d472e4250ce","reportUrl":"https://konstantingerasimovwork.github.io/motherhash/159//#testresult/af2a3d472e4250ce","status":"passed","time":{"start":1728911200478,"stop":1728911202896,"duration":2418}},{"uid":"fb58fd4fe475ffbc","reportUrl":"https://konstantingerasimovwork.github.io/motherhash/158//#testresult/fb58fd4fe475ffbc","status":"passed","time":{"start":1728824679800,"stop":1728824682232,"duration":2432}},{"uid":"46d7f84cd3ab4c6b","reportUrl":"https://konstantingerasimovwork.github.io/motherhash/157//#testresult/46d7f84cd3ab4c6b","status":"passed","time":{"start":1728738157677,"stop":1728738160098,"duration":2421}},{"uid":"54754d9617495665","reportUrl":"https://konstantingerasimovwork.github.io/motherhash/156//#testresult/54754d9617495665","status":"passed","time":{"start":1728651909894,"stop":1728651912324,"duration":2430}},{"uid":"453efff61f15e2e2","reportUrl":"https://konstantingerasimovwork.github.io/motherhash/155//#testresult/453efff61f15e2e2","status":"passed","time":{"start":1728565583826,"stop":1728565586853,"duration":3027}},{"uid":"aa93848d552c4e58","reportUrl":"https://konstantingerasimovwork.github.io/motherhash/154//#testresult/aa93848d552c4e58","status":"passed","time":{"start":1728479352369,"stop":1728479354814,"duration":2445}},{"uid":"e11fd8c7483dfac8","reportUrl":"https://konstantingerasimovwork.github.io/motherhash/153//#testresult/e11fd8c7483dfac8","status":"passed","time":{"start":1728392719166,"stop":1728392721743,"duration":2577}},{"uid":"3a88d9abf416776d","reportUrl":"https://konstantingerasimovwork.github.io/motherhash/152//#testresult/3a88d9abf416776d","status":"passed","time":{"start":1728306419177,"stop":1728306421621,"duration":2444}},{"uid":"29d4cc78744ef5d7","reportUrl":"https://konstantingerasimovwork.github.io/motherhash/151//#testresult/29d4cc78744ef5d7","status":"passed","time":{"start":1728219791129,"stop":1728219794168,"duration":3039}},{"uid":"e79e80c8eafcd7f5","reportUrl":"https://konstantingerasimovwork.github.io/motherhash/150//#testresult/e79e80c8eafcd7f5","status":"passed","time":{"start":1728133374027,"stop":1728133376452,"duration":2425}},{"uid":"d2480a806f9bb79e","reportUrl":"https://konstantingerasimovwork.github.io/motherhash/149//#testresult/d2480a806f9bb79e","status":"passed","time":{"start":1728047178525,"stop":1728047180965,"duration":2440}},{"uid":"f621812ff039b89e","reportUrl":"https://konstantingerasimovwork.github.io/motherhash/148//#testresult/f621812ff039b89e","status":"passed","time":{"start":1727960803137,"stop":1727960806157,"duration":3020}},{"uid":"f94986edd2637bde","reportUrl":"https://konstantingerasimovwork.github.io/motherhash/147//#testresult/f94986edd2637bde","status":"passed","time":{"start":1727874405780,"stop":1727874408809,"duration":3029}},{"uid":"21f4bbcabc33f483","reportUrl":"https://konstantingerasimovwork.github.io/motherhash/146//#testresult/21f4bbcabc33f483","status":"passed","time":{"start":1727788076046,"stop":1727788079066,"duration":3020}},{"uid":"944fb643657676a3","reportUrl":"https://konstantingerasimovwork.github.io/motherhash/145//#testresult/944fb643657676a3","status":"passed","time":{"start":1727701652528,"stop":1727701654955,"duration":2427}},{"uid":"b6a87915d1aae246","reportUrl":"https://konstantingerasimovwork.github.io/motherhash/144//#testresult/b6a87915d1aae246","status":"passed","time":{"start":1727614986478,"stop":1727614988947,"duration":2469}}]},"tags":[]},"source":"bb1b790d0f7e0988.json","parameterValues":["'Длинна локального имени 1 символ'","'e@example.com'"]}