{"uid":"adb34a4a72619184","name":"pt  - Проверка ввода пароля для зарегистрированного в базе пользователя в поле ввода","fullName":"authorization.tests.test_signin_password.TestSignInPassword#test_enter_registered_password","historyId":"9721deee3c4b37e1ceb4c2b5fb4efbf3","time":{"start":1724402394311,"stop":1724402414558,"duration":20247},"status":"broken","statusMessage":"selenium.common.exceptions.TimeoutException: Message:","statusTrace":"self = <test_signin_password.TestSignInPassword object at 0x7f570bc45b90>\nbrowser = <selenium.webdriver.chrome.webdriver.WebDriver (session=\"78767c80c5992e34cc5416193558a1bf\")>\nlogin = 'pt'\n\n    @allure.sub_suite('5. Проверка ввода пароля для зарегистрированного в базе пользователя в поле ввода')\n    def test_enter_registered_password(self, browser, login):\n        allure.dynamic.title(\n            f'{login}  - Проверка ввода пароля для зарегистрированного в базе пользователя в поле ввода')\n        language = login\n        password = SignInPasswordPage(browser)\n        password.find_password_field_and_type_text(data.EXISTING_PASSWORD)\n        password.click_enter_button(language)\n>       password.wait_url_to_be(data.URL_LK_DASHBOARD)\n\nauthorization/tests/test_signin_password.py:54: \n_ _ _ _ _ _ _ _ _ _ _ _ _ _ _ _ _ _ _ _ _ _ _ _ _ _ _ _ _ _ _ _ _ _ _ _ _ _ _ _ \nauthorization/pages/base_page.py:45: in wait_url_to_be\n    WebDriverWait(self.browser, 20).until(\n_ _ _ _ _ _ _ _ _ _ _ _ _ _ _ _ _ _ _ _ _ _ _ _ _ _ _ _ _ _ _ _ _ _ _ _ _ _ _ _ \n\nself = <selenium.webdriver.support.wait.WebDriverWait (session=\"78767c80c5992e34cc5416193558a1bf\")>\nmethod = <function url_to_be.<locals>._predicate at 0x7f570bb0e840>\nmessage = ''\n\n    def until(self, method: Callable[[D], Union[Literal[False], T]], message: str = \"\") -> T:\n        \"\"\"Calls the method provided with the driver as an argument until the \\\n        return value does not evaluate to ``False``.\n    \n        :param method: callable(WebDriver)\n        :param message: optional message for :exc:`TimeoutException`\n        :returns: the result of the last call to `method`\n        :raises: :exc:`selenium.common.exceptions.TimeoutException` if timeout occurs\n        \"\"\"\n        screen = None\n        stacktrace = None\n    \n        end_time = time.monotonic() + self._timeout\n        while True:\n            try:\n                value = method(self._driver)\n                if value:\n                    return value\n            except self._ignored_exceptions as exc:\n                screen = getattr(exc, \"screen\", None)\n                stacktrace = getattr(exc, \"stacktrace\", None)\n            time.sleep(self._poll)\n            if time.monotonic() > end_time:\n                break\n>       raise TimeoutException(message, screen, stacktrace)\nE       selenium.common.exceptions.TimeoutException: Message:\n\n/opt/hostedtoolcache/Python/3.11.9/x64/lib/python3.11/site-packages/selenium/webdriver/support/wait.py:105: TimeoutException","flaky":false,"newFailed":false,"newBroken":false,"newPassed":false,"retriesCount":0,"retriesStatusChange":false,"beforeStages":[{"name":"_session_faker","time":{"start":1724402308824,"stop":1724402308854,"duration":30},"status":"passed","steps":[],"attachments":[],"parameters":[],"shouldDisplayMessage":false,"stepsCount":0,"attachmentsCount":0,"hasContent":false},{"name":"Инициализация драйвера Chrome","time":{"start":1724402391435,"stop":1724402391620,"duration":185},"status":"passed","steps":[],"attachments":[],"parameters":[],"shouldDisplayMessage":false,"stepsCount":0,"attachmentsCount":0,"hasContent":false},{"name":"Смена языка","time":{"start":1724402391620,"stop":1724402393510,"duration":1890},"status":"passed","steps":[{"name":"Сменить язык - 'pt'","time":{"start":1724402392842,"stop":1724402393510,"duration":668},"status":"passed","steps":[],"attachments":[],"parameters":[{"name":"language","value":"'pt'"}],"shouldDisplayMessage":false,"stepsCount":0,"attachmentsCount":0,"hasContent":true}],"attachments":[],"parameters":[],"shouldDisplayMessage":false,"stepsCount":1,"attachmentsCount":0,"hasContent":true},{"name":"Логин существующего пользователя","time":{"start":1724402393510,"stop":1724402394311,"duration":801},"status":"passed","steps":[{"name":"Находим поле email и ввести 'test@test.com'","time":{"start":1724402393510,"stop":1724402393604,"duration":94},"status":"passed","steps":[],"attachments":[],"parameters":[{"name":"email","value":"'test@test.com'"}],"shouldDisplayMessage":false,"stepsCount":0,"attachmentsCount":0,"hasContent":true},{"name":"Нажимаем на кнопку \"Продолжить\"","time":{"start":1724402393604,"stop":1724402393803,"duration":199},"status":"passed","steps":[],"attachments":[],"parameters":[{"name":"language","value":"'pt'"}],"shouldDisplayMessage":false,"stepsCount":0,"attachmentsCount":0,"hasContent":true},{"name":"Ожидаем смены ссылки 'https://my.motherhash-dev.nhco.tech/signin/password'","time":{"start":1724402393803,"stop":1724402394311,"duration":508},"status":"passed","steps":[],"attachments":[],"parameters":[{"name":"url","value":"'https://my.motherhash-dev.nhco.tech/signin/password'"}],"shouldDisplayMessage":false,"stepsCount":0,"attachmentsCount":0,"hasContent":true}],"attachments":[],"parameters":[],"shouldDisplayMessage":false,"stepsCount":3,"attachmentsCount":0,"hasContent":true}],"testStage":{"status":"broken","statusMessage":"selenium.common.exceptions.TimeoutException: Message:","statusTrace":"self = <test_signin_password.TestSignInPassword object at 0x7f570bc45b90>\nbrowser = <selenium.webdriver.chrome.webdriver.WebDriver (session=\"78767c80c5992e34cc5416193558a1bf\")>\nlogin = 'pt'\n\n    @allure.sub_suite('5. Проверка ввода пароля для зарегистрированного в базе пользователя в поле ввода')\n    def test_enter_registered_password(self, browser, login):\n        allure.dynamic.title(\n            f'{login}  - Проверка ввода пароля для зарегистрированного в базе пользователя в поле ввода')\n        language = login\n        password = SignInPasswordPage(browser)\n        password.find_password_field_and_type_text(data.EXISTING_PASSWORD)\n        password.click_enter_button(language)\n>       password.wait_url_to_be(data.URL_LK_DASHBOARD)\n\nauthorization/tests/test_signin_password.py:54: \n_ _ _ _ _ _ _ _ _ _ _ _ _ _ _ _ _ _ _ _ _ _ _ _ _ _ _ _ _ _ _ _ _ _ _ _ _ _ _ _ \nauthorization/pages/base_page.py:45: in wait_url_to_be\n    WebDriverWait(self.browser, 20).until(\n_ _ _ _ _ _ _ _ _ _ _ _ _ _ _ _ _ _ _ _ _ _ _ _ _ _ _ _ _ _ _ _ _ _ _ _ _ _ _ _ \n\nself = <selenium.webdriver.support.wait.WebDriverWait (session=\"78767c80c5992e34cc5416193558a1bf\")>\nmethod = <function url_to_be.<locals>._predicate at 0x7f570bb0e840>\nmessage = ''\n\n    def until(self, method: Callable[[D], Union[Literal[False], T]], message: str = \"\") -> T:\n        \"\"\"Calls the method provided with the driver as an argument until the \\\n        return value does not evaluate to ``False``.\n    \n        :param method: callable(WebDriver)\n        :param message: optional message for :exc:`TimeoutException`\n        :returns: the result of the last call to `method`\n        :raises: :exc:`selenium.common.exceptions.TimeoutException` if timeout occurs\n        \"\"\"\n        screen = None\n        stacktrace = None\n    \n        end_time = time.monotonic() + self._timeout\n        while True:\n            try:\n                value = method(self._driver)\n                if value:\n                    return value\n            except self._ignored_exceptions as exc:\n                screen = getattr(exc, \"screen\", None)\n                stacktrace = getattr(exc, \"stacktrace\", None)\n            time.sleep(self._poll)\n            if time.monotonic() > end_time:\n                break\n>       raise TimeoutException(message, screen, stacktrace)\nE       selenium.common.exceptions.TimeoutException: Message:\n\n/opt/hostedtoolcache/Python/3.11.9/x64/lib/python3.11/site-packages/selenium/webdriver/support/wait.py:105: TimeoutException","steps":[{"name":"Находим поле ввода пароля и вводим пароль","time":{"start":1724402394311,"stop":1724402394372,"duration":61},"status":"passed","steps":[],"attachments":[],"parameters":[{"name":"password","value":"'12345678'"}],"shouldDisplayMessage":false,"stepsCount":0,"attachmentsCount":0,"hasContent":true},{"name":"Клик по кнопке \"Войти\"","time":{"start":1724402394372,"stop":1724402394423,"duration":51},"status":"passed","steps":[],"attachments":[],"parameters":[{"name":"language","value":"'pt'"}],"shouldDisplayMessage":false,"stepsCount":0,"attachmentsCount":0,"hasContent":true}],"attachments":[],"parameters":[],"shouldDisplayMessage":true,"stepsCount":2,"attachmentsCount":0,"hasContent":true},"afterStages":[{"name":"Инициализация драйвера Chrome::0","time":{"start":1724402414564,"stop":1724402414626,"duration":62},"status":"passed","steps":[],"attachments":[],"parameters":[],"shouldDisplayMessage":false,"stepsCount":0,"attachmentsCount":0,"hasContent":false}],"labels":[{"name":"subSuite","value":"5. Проверка ввода пароля для зарегистрированного в базе пользователя в поле ввода"},{"name":"suite","value":"SignIn Password"},{"name":"parentSuite","value":"authorization.tests"},{"name":"host","value":"fv-az1153-764"},{"name":"thread","value":"9799-MainThread"},{"name":"framework","value":"pytest"},{"name":"language","value":"cpython3"},{"name":"package","value":"authorization.tests.test_signin_password"},{"name":"resultFormat","value":"allure2"}],"parameters":[{"name":"language","value":"'pt'"}],"links":[],"hidden":false,"retry":false,"extra":{"severity":"normal","retries":[],"categories":[{"name":"Test defects","matchedStatuses":[],"flaky":false}],"tags":[]},"source":"adb34a4a72619184.json","parameterValues":["'pt'"]}